Log file open, 01/19/18 23:39:08
LogWindows: Failed to load 'aqProf.dll' (GetLastError=126)
LogWindows: File 'aqProf.dll' does not exist
LogWindows: Failed to load 'VSPerf140.dll' (GetLastError=126)
LogWindows: File 'VSPerf140.dll' does not exist
LogWindows: Failed to load 'VtuneApi.dll' (GetLastError=126)
LogWindows: File 'VtuneApi.dll' does not exist
LogWindows: Failed to load 'VtuneApi32e.dll' (GetLastError=126)
LogWindows: File 'VtuneApi32e.dll' does not exist
LogInit: Display: Running engine for game: HelloPlayer
LogPlatformFile: Not using cached read wrapper
LogInit: Display: RandInit(589881723) SRandInit(589881723).
LogInit: Read version file with build ID '3709383'
LogInit: Overriding engine version to CL 3794801, compatible CL 3709383
LogInit: Registered custom module enumerator with build ID '3709383'
LogTaskGraph: Started task graph with 5 named threads and 14 total threads with 3 sets of task threads.
LogStats: Stats thread started at 0.182018
LogD3D11RHI: Aftermath initialized
LogPluginManager: Mounting plugin Paper2D
LogPluginManager: Mounting plugin LightPropagationVolume
LogPluginManager: Mounting plugin CodeLiteSourceCodeAccess
LogPluginManager: Mounting plugin GitSourceControl
LogPluginManager: Mounting plugin KDevelopSourceCodeAccess
LogPluginManager: Mounting plugin NullSourceCodeAccess
LogPluginManager: Mounting plugin PerforceSourceControl
LogPluginManager: Mounting plugin SubversionSourceControl
LogPluginManager: Mounting plugin UObjectPlugin
LogPluginManager: Mounting plugin VisualStudioCodeSourceCodeAccess
LogPluginManager: Mounting plugin VisualStudioSourceCodeAccess
LogPluginManager: Mounting plugin XCodeSourceCodeAccess
LogPluginManager: Mounting plugin AssetManagerEditor
LogPluginManager: Mounting plugin AudioCapture
LogPluginManager: Mounting plugin FacialAnimation
LogPluginManager: Mounting plugin GameplayTagsEditor
LogPluginManager: Mounting plugin MobileLauncherProfileWizard
LogPluginManager: Mounting plugin PluginBrowser
LogPluginManager: Mounting plugin SpeedTreeImporter
LogPluginManager: Mounting plugin AlembicImporter
LogPluginManager: Mounting plugin CharacterAI
LogPluginManager: Mounting plugin HTML5Networking
LogPluginManager: Mounting plugin AndroidMedia
LogPluginManager: Mounting plugin AvfMedia
LogPluginManager: Mounting plugin ImgMedia
LogPluginManager: Mounting plugin MediaCompositing
LogPluginManager: Mounting plugin MediaPlayerEditor
LogPluginManager: Mounting plugin WmfMedia
LogPluginManager: Mounting plugin TcpMessaging
LogPluginManager: Mounting plugin UdpMessaging
LogPluginManager: Mounting plugin ActorSequence
LogPluginManager: Mounting plugin LevelSequenceEditor
LogPluginManager: Mounting plugin MatineeToLevelSequence
LogPluginManager: Mounting plugin OnlineSubsystemGooglePlay
LogPluginManager: Mounting plugin OnlineSubsystemIOS
LogPluginManager: Mounting plugin OnlineSubsystem
LogPluginManager: Mounting plugin OnlineSubsystemNull
LogPluginManager: Mounting plugin OnlineSubsystemUtils
LogPluginManager: Mounting plugin AndroidDeviceProfileSelector
LogPluginManager: Mounting plugin AndroidMoviePlayer
LogPluginManager: Mounting plugin AndroidPermission
LogPluginManager: Mounting plugin AppleARKit
LogPluginManager: Mounting plugin AppleMoviePlayer
LogPluginManager: Mounting plugin ArchVisCharacter
LogPluginManager: Mounting plugin CableComponent
LogPluginManager: Mounting plugin CustomMeshComponent
LogPluginManager: Mounting plugin ExampleDeviceProfileSelector
LogPluginManager: Mounting plugin GoogleCloudMessaging
LogPluginManager: Mounting plugin ImmediatePhysics
LogPluginManager: Mounting plugin IOSDeviceProfileSelector
LogPluginManager: Mounting plugin LinuxDeviceProfileSelector
LogPluginManager: Mounting plugin LocationServicesBPLibrary
LogPluginManager: Mounting plugin MobilePatchingUtils
LogPluginManager: Mounting plugin OculusVR
LogPluginManager: Plugin shader directory ../../../Engine/Plugins/Runtime/Oculus/OculusVR/Shaders found
LogPluginManager: Mapping shader source directory ../../../Engine/Plugins/Runtime/Oculus/OculusVR/Shaders to virtual directory /Plugin/OculusVR
LogPluginManager: Mounting plugin PhysXVehicles
LogPluginManager: Mounting plugin ProceduralMeshComponent
LogPluginManager: Mounting plugin RuntimePhysXCooking
LogPluginManager: Mounting plugin SteamVR
LogPluginManager: Mounting plugin WindowsMoviePlayer
LogModuleManager: Display: Found up-to-date module file D:/InnovationChallenge/HelloPlayer/Binaries/Win64/UE4Editor-HelloPlayer.dll (API version 3709383).
LogModuleManager: Display: Found up-to-date module file ../../../Engine/Plugins/2D/Paper2D/Binaries/Win64/UE4Editor-Paper2D.dll (API version 3709383).
LogModuleManager: Display: Found up-to-date module file ../../../Engine/Plugins/2D/Paper2D/Binaries/Win64/UE4Editor-Paper2DEditor.dll (API version 3709383).
LogModuleManager: Display: Found up-to-date module file ../../../Engine/Plugins/2D/Paper2D/Binaries/Win64/UE4Editor-PaperSpriteSheetImporter.dll (API version 3709383).
LogModuleManager: Display: Found up-to-date module file ../../../Engine/Plugins/2D/Paper2D/Binaries/Win64/UE4Editor-PaperTiledImporter.dll (API version 3709383).
LogModuleManager: Display: Found up-to-date module file ../../../Engine/Plugins/2D/Paper2D/Binaries/Win64/UE4Editor-SmartSnapping.dll (API version 3709383).
LogModuleManager: Display: Found up-to-date module file ../../../Engine/Plugins/Blendables/LightPropagationVolume/Binaries/Win64/UE4Editor-LightPropagationVolumeRuntime.dll (API version 3709383).
LogModuleManager: Display: Found up-to-date module file ../../../Engine/Plugins/Blendables/LightPropagationVolume/Binaries/Win64/UE4Editor-LightPropagationVolumeEditor.dll (API version 3709383).
LogModuleManager: Display: Found up-to-date module file ../../../Engine/Plugins/Developer/GitSourceControl/Binaries/Win64/UE4Editor-GitSourceControl.dll (API version 3709383).
LogModuleManager: Display: Found up-to-date module file ../../../Engine/Plugins/Developer/PerforceSourceControl/Binaries/Win64/UE4Editor-PerforceSourceControl.dll (API version 3709383).
LogModuleManager: Display: Found up-to-date module file ../../../Engine/Plugins/Developer/SubversionSourceControl/Binaries/Win64/UE4Editor-SubversionSourceControl.dll (API version 3709383).
LogModuleManager: Display: Found up-to-date module file ../../../Engine/Plugins/Developer/UObjectPlugin/Binaries/Win64/UE4Editor-UObjectPlugin.dll (API version 3709383).
LogModuleManager: Display: Found up-to-date module file ../../../Engine/Plugins/Developer/VisualStudioCodeSourceCodeAccess/Binaries/Win64/UE4Editor-VisualStudioCodeSourceCodeAccess.dll (API version 3709383).
LogModuleManager: Display: Found up-to-date module file ../../../Engine/Plugins/Developer/VisualStudioSourceCodeAccess/Binaries/Win64/UE4Editor-VisualStudioSourceCodeAccess.dll (API version 3709383).
LogModuleManager: Display: Found up-to-date module file ../../../Engine/Plugins/Editor/AssetManagerEditor/Binaries/Win64/UE4Editor-AssetManagerEditor.dll (API version 3709383).
LogModuleManager: Display: Found up-to-date module file ../../../Engine/Plugins/Editor/AudioCapture/Binaries/Win64/UE4Editor-AudioCapture.dll (API version 3709383).
LogModuleManager: Display: Found up-to-date module file ../../../Engine/Plugins/Editor/FacialAnimation/Binaries/Win64/UE4Editor-FacialAnimation.dll (API version 3709383).
LogModuleManager: Display: Found up-to-date module file ../../../Engine/Plugins/Editor/FacialAnimation/Binaries/Win64/UE4Editor-FacialAnimationEditor.dll (API version 3709383).
LogModuleManager: Display: Found up-to-date module file ../../../Engine/Plugins/Editor/GameplayTagsEditor/Binaries/Win64/UE4Editor-GameplayTagsEditor.dll (API version 3709383).
LogModuleManager: Display: Found up-to-date module file ../../../Engine/Plugins/Editor/MobileLauncherProfileWizard/Binaries/Win64/UE4Editor-MobileLauncherProfileWizard.dll (API version 3709383).
LogModuleManager: Display: Found up-to-date module file ../../../Engine/Plugins/Editor/PluginBrowser/Binaries/Win64/UE4Editor-PluginBrowser.dll (API version 3709383).
LogModuleManager: Display: Found up-to-date module file ../../../Engine/Plugins/Editor/SpeedTreeImporter/Binaries/Win64/UE4Editor-SpeedTreeImporter.dll (API version 3709383).
LogModuleManager: Display: Found up-to-date module file ../../../Engine/Plugins/Experimental/AlembicImporter/Binaries/Win64/UE4Editor-AlembicImporter.dll (API version 3709383).
LogModuleManager: Display: Found up-to-date module file ../../../Engine/Plugins/Experimental/AlembicImporter/Binaries/Win64/UE4Editor-AlembicLibrary.dll (API version 3709383).
LogModuleManager: Display: Found up-to-date module file ../../../Engine/Plugins/Experimental/CharacterAI/Binaries/Win64/UE4Editor-CharacterAI.dll (API version 3709383).
LogModuleManager: Display: Found up-to-date module file ../../../Engine/Plugins/Experimental/HTML5Networking/Binaries/Win64/UE4Editor-HTML5Networking.dll (API version 3709383).
LogModuleManager: Display: Found up-to-date module file ../../../Engine/Plugins/Media/AndroidMedia/Binaries/Win64/UE4Editor-AndroidMediaEditor.dll (API version 3709383).
LogModuleManager: Display: Found up-to-date module file ../../../Engine/Plugins/Media/AndroidMedia/Binaries/Win64/UE4Editor-AndroidMediaFactory.dll (API version 3709383).
LogModuleManager: Display: Found up-to-date module file ../../../Engine/Plugins/Media/AvfMedia/Binaries/Win64/UE4Editor-AvfMediaEditor.dll (API version 3709383).
LogModuleManager: Display: Found up-to-date module file ../../../Engine/Plugins/Media/AvfMedia/Binaries/Win64/UE4Editor-AvfMediaFactory.dll (API version 3709383).
LogModuleManager: Display: Found up-to-date module file ../../../Engine/Plugins/Media/AvfMedia/Binaries/Win64/UE4Editor-AvfMediaFactory.dll (API version 3709383).
LogModuleManager: Display: Found up-to-date module file ../../../Engine/Plugins/Media/ImgMedia/Binaries/Win64/UE4Editor-ImgMedia.dll (API version 3709383).
LogModuleManager: Display: Found up-to-date module file ../../../Engine/Plugins/Media/ImgMedia/Binaries/Win64/UE4Editor-ImgMediaEditor.dll (API version 3709383).
LogModuleManager: Display: Found up-to-date module file ../../../Engine/Plugins/Media/ImgMedia/Binaries/Win64/UE4Editor-ImgMediaFactory.dll (API version 3709383).
LogModuleManager: Display: Found up-to-date module file ../../../Engine/Plugins/Media/ImgMedia/Binaries/Win64/UE4Editor-ImgMediaFactory.dll (API version 3709383).
LogModuleManager: Display: Found up-to-date module file ../../../Engine/Plugins/Media/ImgMedia/Binaries/Win64/UE4Editor-OpenExrWrapper.dll (API version 3709383).
LogModuleManager: Display: Found up-to-date module file ../../../Engine/Plugins/Media/MediaCompositing/Binaries/Win64/UE4Editor-MediaCompositing.dll (API version 3709383).
LogModuleManager: Display: Found up-to-date module file ../../../Engine/Plugins/Media/MediaCompositing/Binaries/Win64/UE4Editor-MediaCompositingEditor.dll (API version 3709383).
LogModuleManager: Display: Found up-to-date module file ../../../Engine/Plugins/Media/MediaPlayerEditor/Binaries/Win64/UE4Editor-MediaPlayerEditor.dll (API version 3709383).
LogModuleManager: Display: Found up-to-date module file ../../../Engine/Plugins/Media/WmfMedia/Binaries/Win64/UE4Editor-WmfMedia.dll (API version 3709383).
LogModuleManager: Display: Found up-to-date module file ../../../Engine/Plugins/Media/WmfMedia/Binaries/Win64/UE4Editor-WmfMediaEditor.dll (API version 3709383).
LogModuleManager: Display: Found up-to-date module file ../../../Engine/Plugins/Media/WmfMedia/Binaries/Win64/UE4Editor-WmfMediaFactory.dll (API version 3709383).
LogModuleManager: Display: Found up-to-date module file ../../../Engine/Plugins/Media/WmfMedia/Binaries/Win64/UE4Editor-WmfMediaFactory.dll (API version 3709383).
LogModuleManager: Display: Found up-to-date module file ../../../Engine/Plugins/Messaging/TcpMessaging/Binaries/Win64/UE4Editor-TcpMessaging.dll (API version 3709383).
LogModuleManager: Display: Found up-to-date module file ../../../Engine/Plugins/Messaging/UdpMessaging/Binaries/Win64/UE4Editor-UdpMessaging.dll (API version 3709383).
LogModuleManager: Display: Found up-to-date module file ../../../Engine/Plugins/MovieScene/ActorSequence/Binaries/Win64/UE4Editor-ActorSequence.dll (API version 3709383).
LogModuleManager: Display: Found up-to-date module file ../../../Engine/Plugins/MovieScene/LevelSequenceEditor/Binaries/Win64/UE4Editor-LevelSequenceEditor.dll (API version 3709383).
LogModuleManager: Display: Found up-to-date module file ../../../Engine/Plugins/MovieScene/MatineeToLevelSequence/Binaries/Win64/UE4Editor-MatineeToLevelSequence.dll (API version 3709383).
LogModuleManager: Display: Found up-to-date module file ../../../Engine/Plugins/Online/OnlineSubsystem/Binaries/Win64/UE4Editor-OnlineSubsystem.dll (API version 3709383).
LogModuleManager: Display: Found up-to-date module file ../../../Engine/Plugins/Online/OnlineSubsystemNull/Binaries/Win64/UE4Editor-OnlineSubsystemNull.dll (API version 3709383).
LogModuleManager: Display: Found up-to-date module file ../../../Engine/Plugins/Online/OnlineSubsystemUtils/Binaries/Win64/UE4Editor-OnlineSubsystemUtils.dll (API version 3709383).
LogModuleManager: Display: Found up-to-date module file ../../../Engine/Plugins/Online/OnlineSubsystemUtils/Binaries/Win64/UE4Editor-OnlineBlueprintSupport.dll (API version 3709383).
LogModuleManager: Display: Found up-to-date module file ../../../Engine/Plugins/Runtime/AndroidDeviceProfileSelector/Binaries/Win64/UE4Editor-AndroidDeviceProfileSelector.dll (API version 3709383).
LogModuleManager: Display: Found up-to-date module file ../../../Engine/Plugins/Runtime/AndroidPermission/Binaries/Win64/UE4Editor-AndroidPermission.dll (API version 3709383).
LogModuleManager: Display: Found up-to-date module file ../../../Engine/Plugins/Runtime/AppleARKit/Binaries/Win64/UE4Editor-AppleARKit.dll (API version 3709383).
LogModuleManager: Display: Found up-to-date module file ../../../Engine/Plugins/Runtime/ArchVisCharacter/Binaries/Win64/UE4Editor-ArchVisCharacter.dll (API version 3709383).
LogModuleManager: Display: Found up-to-date module file ../../../Engine/Plugins/Runtime/CableComponent/Binaries/Win64/UE4Editor-CableComponent.dll (API version 3709383).
LogModuleManager: Display: Found up-to-date module file ../../../Engine/Plugins/Runtime/CustomMeshComponent/Binaries/Win64/UE4Editor-CustomMeshComponent.dll (API version 3709383).
LogModuleManager: Display: Found up-to-date module file ../../../Engine/Plugins/Runtime/ExampleDeviceProfileSelector/Binaries/Win64/UE4Editor-ExampleDeviceProfileSelector.dll (API version 3709383).
LogModuleManager: Display: Found up-to-date module file ../../../Engine/Plugins/Runtime/ImmediatePhysics/Binaries/Win64/UE4Editor-ImmediatePhysics.dll (API version 3709383).
LogModuleManager: Display: Found up-to-date module file ../../../Engine/Plugins/Runtime/ImmediatePhysics/Binaries/Win64/UE4Editor-ImmediatePhysicsEditor.dll (API version 3709383).
LogModuleManager: Display: Found up-to-date module file ../../../Engine/Plugins/Runtime/LocationServicesBPLibrary/Binaries/Win64/UE4Editor-LocationServicesBPLibrary.dll (API version 3709383).
LogModuleManager: Display: Found up-to-date module file ../../../Engine/Plugins/Runtime/MobilePatchingUtils/Binaries/Win64/UE4Editor-MobilePatchingUtils.dll (API version 3709383).
LogModuleManager: Display: Found up-to-date module file ../../../Engine/Plugins/Runtime/Oculus/OculusVR/Binaries/Win64/UE4Editor-OculusHMD.dll (API version 3709383).
LogModuleManager: Display: Found up-to-date module file ../../../Engine/Plugins/Runtime/Oculus/OculusVR/Binaries/Win64/UE4Editor-OculusInput.dll (API version 3709383).
LogModuleManager: Display: Found up-to-date module file ../../../Engine/Plugins/Runtime/Oculus/OculusVR/Binaries/Win64/UE4Editor-OculusEditor.dll (API version 3709383).
LogModuleManager: Display: Found up-to-date module file ../../../Engine/Plugins/Runtime/PhysXVehicles/Binaries/Win64/UE4Editor-PhysXVehicles.dll (API version 3709383).
LogModuleManager: Display: Found up-to-date module file ../../../Engine/Plugins/Runtime/PhysXVehicles/Binaries/Win64/UE4Editor-PhysXVehiclesEditor.dll (API version 3709383).
LogModuleManager: Display: Found up-to-date module file ../../../Engine/Plugins/Runtime/ProceduralMeshComponent/Binaries/Win64/UE4Editor-ProceduralMeshComponent.dll (API version 3709383).
LogModuleManager: Display: Found up-to-date module file ../../../Engine/Plugins/Runtime/ProceduralMeshComponent/Binaries/Win64/UE4Editor-ProceduralMeshComponentEditor.dll (API version 3709383).
LogModuleManager: Display: Found up-to-date module file ../../../Engine/Plugins/Runtime/RuntimePhysXCooking/Binaries/Win64/UE4Editor-RuntimePhysXCooking.dll (API version 3709383).
LogModuleManager: Display: Found up-to-date module file ../../../Engine/Plugins/Runtime/Steam/SteamVR/Binaries/Win64/UE4Editor-SteamVR.dll (API version 3709383).
LogModuleManager: Display: Found up-to-date module file ../../../Engine/Plugins/Runtime/Steam/SteamVR/Binaries/Win64/UE4Editor-SteamVRController.dll (API version 3709383).
LogModuleManager: Display: Found up-to-date module file ../../../Engine/Plugins/Runtime/WindowsMoviePlayer/Binaries/Win64/UE4Editor-WindowsMoviePlayer.dll (API version 3709383).
LogInit: Using libcurl 7.47.1
LogInit:  - built for x86_64-pc-win32
LogInit:  - supports SSL with OpenSSL/1.0.2g
LogInit:  - supports HTTP deflate (compression) using libz 1.2.8
LogInit:  - other features:
LogInit:      CURL_VERSION_SSL
LogInit:      CURL_VERSION_LIBZ
LogInit:      CURL_VERSION_IPV6
LogInit:      CURL_VERSION_ASYNCHDNS
LogInit:      CURL_VERSION_LARGEFILE
LogInit:      CURL_VERSION_IDN
LogInit:  CurlRequestOptions (configurable via config and command line):
LogInit:  - bVerifyPeer = false  - Libcurl will NOT verify peer certificate
LogInit:  - bUseHttpProxy = false  - Libcurl will NOT use HTTP proxy
LogInit:  - bDontReuseConnections = false  - Libcurl will reuse connections
LogInit:  - CertBundlePath = nullptr  - Libcurl will use whatever was configured at build time.
LogInit: Build: ++UE4+Release-4.18-CL-3794801
LogInit: Engine Version: 4.18.2-3794801+++UE4+Release-4.18
LogInit: Compatible Engine Version: 4.18.0-3709383+++UE4+Release-4.18
LogInit: Net CL: 3709383
LogDevObjectVersion: Number of dev versions registered: 16
LogDevObjectVersion:   Dev-Blueprints (B0D832E4-1F89-4F0D-ACCF-7EB736FD4AA2): 10
LogDevObjectVersion:   Dev-Build (E1C64328-A22C-4D53-A36C-8E866417BD8C): 0
LogDevObjectVersion:   Dev-Core (375EC13C-06E4-48FB-B500-84F0262A717E): 2
LogDevObjectVersion:   Dev-Editor (E4B068ED-F494-42E9-A231-DA0B2E46BB41): 20
LogDevObjectVersion:   Dev-Framework (CFFC743F-43B0-4480-9391-14DF171D2073): 30
LogDevObjectVersion:   Dev-Mobile (B02B49B5-BB20-44E9-A304-32B752E40360): 0
LogDevObjectVersion:   Dev-Networking (A4E4105C-59A1-49B5-A7C5-40C4547EDFEE): 0
LogDevObjectVersion:   Dev-Online (39C831C9-5AE6-47DC-9A44-9C173E1C8E7C): 0
LogDevObjectVersion:   Dev-Physics (78F01B33-EBEA-4F98-B9B4-84EACCB95AA2): 0
LogDevObjectVersion:   Dev-Platform (6631380F-2D4D-43E0-8009-CF276956A95A): 0
LogDevObjectVersion:   Dev-Rendering (12F88B9F-8875-4AFC-A67C-D90C383ABD29): 20
LogDevObjectVersion:   Dev-Sequencer (7B5AE74C-D270-4C10-A958-57980B212A5A): 4
LogDevObjectVersion:   Dev-VR (D7296918-1DD6-4BDD-9DE2-64A83CC13884): 0
LogDevObjectVersion:   Dev-LoadTimes (C2A15278-BFE7-4AFE-6C17-90FF531DF755): 1
LogDevObjectVersion:   Private-Geometry (6EACA3D4-40EC-4CC1-B786-8BED09428FC5): 1
LogDevObjectVersion:   Dev-AnimPhys (29E575DD-E0A3-4627-9D10-D276232CDCEA): 12
LogInit: Compiled (64-bit): Dec  8 2017 02:04:53
LogInit: Compiled with Visual C++: 19.00.24215.01
LogInit: Build Configuration: Development
LogInit: Branch Name: ++UE4+Release-4.18
LogInit: Command line: 
LogInit: Base directory: C:/Program Files/Epic Games/UE_4.18/Engine/Binaries/Win64/
LogInit: Installed Engine Build: 1
LogInit: Presizing for max 8388607 objects, including 0 objects not considered by GC, pre-allocating 0 bytes for permanent pool.
LogInit: Object subsystem initialized
[2018.01.19-18.09.11:422][  0]LogInit: Selected Device Profile: [Windows]
[2018.01.19-18.09.11:422][  0]LogInit: Applying CVar settings loaded from the selected device profile: [Windows]
[2018.01.19-18.09.11:445][  0]LogInit: Computer: SHADOWLEAF-PC
[2018.01.19-18.09.11:445][  0]LogInit: User: shadowleaf
[2018.01.19-18.09.11:445][  0]LogInit: CPU Page size=4096, Cores=4
[2018.01.19-18.09.11:445][  0]LogInit: High frequency timer resolution =3.117778 MHz
[2018.01.19-18.09.11:445][  0]LogMemory: Memory total: Physical=8.0GB (8GB approx)
[2018.01.19-18.09.11:446][  0]LogMemory: Platform Memory Stats for Windows
[2018.01.19-18.09.11:446][  0]LogMemory: Process Physical Memory: 272.85 MB used, 272.85 MB peak
[2018.01.19-18.09.11:446][  0]LogMemory: Process Virtual Memory: 271.58 MB used, 271.58 MB peak
[2018.01.19-18.09.11:446][  0]LogMemory: Physical Memory: 3430.76 MB used,  4727.31 MB free, 8158.07 MB total
[2018.01.19-18.09.11:446][  0]LogMemory: Virtual Memory: 631.11 MB used,  4727.31 MB free, 134217728.00 MB total
[2018.01.19-18.09.11:629][  0]LogInit: Using OS detected language (en-GB).
[2018.01.19-18.09.11:629][  0]LogInit: Using OS detected locale (en-US).
[2018.01.19-18.09.11:633][  0]LogTextLocalizationManager: No specific localization for 'en-GB' exists, so the 'en' localization will be used.
[2018.01.19-18.09.12:058][  0]LogInit: Setting process to per monitor DPI aware
[2018.01.19-18.09.12:349][  0]LogD3D11RHI: D3D11 adapters:
[2018.01.19-18.09.12:361][  0]LogD3D11RHI:    0. 'AMD Radeon HD 7700 Series' (Feature Level 11_0)
[2018.01.19-18.09.12:361][  0]LogD3D11RHI:       1005/0/4079 MB DedicatedVideo/DedicatedSystem/SharedSystem, Outputs:1, VendorId:0x1002
[2018.01.19-18.09.12:363][  0]LogD3D11RHI:    1. 'Microsoft Basic Render Driver' (Feature Level 11_0)
[2018.01.19-18.09.12:363][  0]LogD3D11RHI:       0/0/4079 MB DedicatedVideo/DedicatedSystem/SharedSystem, Outputs:0, VendorId:0x1414
[2018.01.19-18.09.12:363][  0]LogD3D11RHI: Chosen D3D11 Adapter: 0
[2018.01.19-18.09.12:368][  0]LogD3D11RHI: Creating new Direct3DDevice
[2018.01.19-18.09.12:368][  0]LogD3D11RHI:     GPU DeviceId: 0x6837 (for the marketing name, search the web for "GPU Device Id")
[2018.01.19-18.09.12:368][  0]LogWindows: EnumDisplayDevices:
[2018.01.19-18.09.12:368][  0]LogWindows:    0. 'AMD Radeon HD 7700 Series' (P:1 D:1)
[2018.01.19-18.09.12:368][  0]LogWindows:    1. 'AMD Radeon HD 7700 Series' (P:0 D:0)
[2018.01.19-18.09.12:369][  0]LogWindows:    2. 'AMD Radeon HD 7700 Series' (P:0 D:0)
[2018.01.19-18.09.12:369][  0]LogWindows:    3. 'AMD Radeon HD 7700 Series' (P:0 D:0)
[2018.01.19-18.09.12:369][  0]LogWindows:    4. 'AMD Radeon HD 7700 Series' (P:0 D:0)
[2018.01.19-18.09.12:369][  0]LogWindows:    5. 'AMD Radeon HD 7700 Series' (P:0 D:0)
[2018.01.19-18.09.12:369][  0]LogWindows: DebugString: FoundDriverCount:6 
[2018.01.19-18.09.12:369][  0]LogD3D11RHI:     Adapter Name: AMD Radeon HD 7700 Series
[2018.01.19-18.09.12:369][  0]LogD3D11RHI:   Driver Version: Crimson ReLive 17.4.4 (internal:22.19.162.4, unified:22.19.162.4)
[2018.01.19-18.09.12:369][  0]LogD3D11RHI:      Driver Date: 4-24-2017
[2018.01.19-18.09.12:369][  0]LogRHI: Texture pool is 703 MB (70% of 1005 MB)
[2018.01.19-18.09.12:414][  0]LogD3D11RHI: Async texture creation enabled
[2018.01.19-18.09.12:424][  0]LogD3D11RHI: GPU Timing Frequency: 27.000000 (Debug: 2 1)
[2018.01.19-18.09.12:425][  0]LogShaderCompilers: Guid format shader working directory is 17 characters bigger than the processId version (D:/InnovationChallenge/HelloPlayer/Intermediate/Shaders/WorkingDirectory/5816/).
[2018.01.19-18.09.12:425][  0]LogShaderCompilers: Cleaned the shader compiler working directory 'C:/Users/shadowleaf/AppData/Local/Temp/UnrealShaderWorkingDir/80C5C91249439B9AEB19EF88C8AA924F/'.
[2018.01.19-18.09.12:425][  0]LogShaderCompilers: Display: Using Local Shader Compiler.
[2018.01.19-18.09.13:730][  0]LogTemp: Display: Loaded TP AllDesktopTargetPlatform
[2018.01.19-18.09.13:793][  0]LogTemp: Display: Loaded TP MacClientTargetPlatform
[2018.01.19-18.09.13:855][  0]LogTemp: Display: Loaded TP MacNoEditorTargetPlatform
[2018.01.19-18.09.13:921][  0]LogTemp: Display: Loaded TP MacServerTargetPlatform
[2018.01.19-18.09.13:984][  0]LogTemp: Display: Loaded TP MacTargetPlatform
[2018.01.19-18.09.14:047][  0]LogTemp: Display: Loaded TP WindowsClientTargetPlatform
[2018.01.19-18.09.14:111][  0]LogTemp: Display: Loaded TP WindowsNoEditorTargetPlatform
[2018.01.19-18.09.14:176][  0]LogTemp: Display: Loaded TP WindowsServerTargetPlatform
[2018.01.19-18.09.14:233][  0]LogTemp: Display: Loaded TP WindowsTargetPlatform
[2018.01.19-18.09.14:295][  0]LogTemp: Display: Loaded TP Android_ASTCTargetPlatform
[2018.01.19-18.09.14:355][  0]LogTemp: Display: Loaded TP Android_ATCTargetPlatform
[2018.01.19-18.09.14:415][  0]LogTemp: Display: Loaded TP Android_DXTTargetPlatform
[2018.01.19-18.09.14:476][  0]LogTemp: Display: Loaded TP Android_ETC1TargetPlatform
[2018.01.19-18.09.14:536][  0]LogTemp: Display: Loaded TP Android_ETC2TargetPlatform
[2018.01.19-18.09.14:658][  0]LogTemp: Display: Loaded TP Android_MultiTargetPlatform
[2018.01.19-18.09.14:658][  0]LogTemp: Display: Loaded TP Android_PVRTCTargetPlatform
[2018.01.19-18.09.14:719][  0]LogTemp: Display: Loaded TP AndroidTargetPlatform
[2018.01.19-18.09.14:770][  0]LogTemp: Display: Loaded TP HTML5TargetPlatform
[2018.01.19-18.09.14:874][  0]LogTemp: Display: Loaded TP IOSTargetPlatform
[2018.01.19-18.09.14:904][  0]LogTemp: Display: Loaded TP TVOSTargetPlatform
[2018.01.19-18.09.14:964][  0]LogTemp: Display: Loaded TP LinuxClientTargetPlatform
[2018.01.19-18.09.15:025][  0]LogTemp: Display: Loaded TP LinuxNoEditorTargetPlatform
[2018.01.19-18.09.15:086][  0]LogTemp: Display: Loaded TP LinuxServerTargetPlatform
[2018.01.19-18.09.15:148][  0]LogTemp: Display: Loaded TP LinuxTargetPlatform
[2018.01.19-18.09.15:148][  0]LogTargetPlatformManager: Display: Building Assets For Windows
[2018.01.19-18.09.15:711][  0]LogDerivedDataCache: Display: Max Cache Size: 512 MB
[2018.01.19-18.09.15:816][  0]LogDerivedDataCache: Loaded boot cache 0.10s 79MB C:/Users/shadowleaf/AppData/Local/UnrealEngine/4.18/DerivedDataCache/Boot.ddc.
[2018.01.19-18.09.15:817][  0]LogDerivedDataCache: Display: Loaded Boot cache: C:/Users/shadowleaf/AppData/Local/UnrealEngine/4.18/DerivedDataCache/Boot.ddc
[2018.01.19-18.09.15:817][  0]LogDerivedDataCache: FDerivedDataBackendGraph:  Pak pak cache file D:/InnovationChallenge/HelloPlayer/DerivedDataCache/DDC.ddp not found, will not use a pak cache.
[2018.01.19-18.09.15:817][  0]LogDerivedDataCache: Unable to find inner node Pak for hierarchical cache Hierarchy.
[2018.01.19-18.09.15:817][  0]LogDerivedDataCache: FDerivedDataBackendGraph:  CompressedPak pak cache file D:/InnovationChallenge/HelloPlayer/DerivedDataCache/Compressed.ddp not found, will not use a pak cache.
[2018.01.19-18.09.15:817][  0]LogDerivedDataCache: Unable to find inner node CompressedPak for hierarchical cache Hierarchy.
[2018.01.19-18.09.15:834][  0]LogDerivedDataCache: Display: Pak cache opened for reading ../../../Engine/DerivedDataCache/Compressed.ddp.
[2018.01.19-18.09.15:847][  0]LogDerivedDataCache: Using Local data cache path C:/Users/shadowleaf/AppData/Local/UnrealEngine/Common/DerivedDataCache: Writable
[2018.01.19-18.09.15:858][  0]LogMaterial: Verifying Global Shaders for PCD3D_SM5
[2018.01.19-18.09.15:859][  0]LogSlate: Using Freetype 2.6.0
[2018.01.19-18.09.15:859][  0]LogSlate: SlateFontCache - WITH_FREETYPE: 1, WITH_HARFBUZZ: 1
[2018.01.19-18.09.15:859][  0]LogSlate: SlateFontCache - WITH_FREETYPE: 1, WITH_HARFBUZZ: 1
[2018.01.19-18.09.16:268][  0]LogInit: Selected Device Profile: [Windows]
[2018.01.19-18.09.16:755][  0]LogSimplygon: Simplygon DLL not present - disabling.
[2018.01.19-18.09.16:806][  0]LogMeshReduction: Using SimplygonSwarm for distributed automatic mesh merging
[2018.01.19-18.09.16:806][  0]LogMeshReduction: Using QuadricMeshReduction for automatic static mesh reduction
[2018.01.19-18.09.16:806][  0]LogMeshReduction: No automatic skeletal mesh reduction module available
[2018.01.19-18.09.16:806][  0]LogMeshReduction: No automatic mesh merging module available
[2018.01.19-18.09.16:806][  0]LogMeshMerging: No automatic mesh merging module available
[2018.01.19-18.09.16:844][  0]LogNetVersion: HelloPlayer , NetCL: 3709383, EngineNetVer: 2, GameNetVer: 0 (Checksum: 1297468519)
[2018.01.19-18.09.17:034][  0]LogAssetRegistry: FAssetRegistry took 0.0263 seconds to start up
[2018.01.19-18.09.17:617][  0]LogPackageLocalizationCache: Processed 7 localized package path(s) for 2 prioritized culture(s) in 0.047313 seconds
[2018.01.19-18.09.17:623][  0]LogUObjectArray: 35900 objects as part of root set at end of initial load.
[2018.01.19-18.09.17:623][  0]LogUObjectAllocator: 7372016 out of 0 bytes used by permanent object pool.
[2018.01.19-18.09.17:623][  0]LogUObjectArray: CloseDisregardForGC: 0/0 objects in disregard for GC pool
[2018.01.19-18.09.17:687][  0]LogInit: WinSock: version 1.1 (2.2), MaxSocks=32767, MaxUdp=65467
[2018.01.19-18.09.21:162][  0]LogTcpMessaging: Initializing TcpMessaging bridge
[2018.01.19-18.09.21:215][  0]LogUdpMessaging: Initializing bridge on interface 0.0.0.0:0 to multicast group 230.0.0.1:6666.
[2018.01.19-18.09.22:807][  0]LogMaterial: Uniform references updated for custom material expression Custom.
[2018.01.19-18.09.23:350][  0]SourceControl: Source control is disabled
[2018.01.19-18.09.23:350][  0]SourceControl: Source control is disabled
[2018.01.19-18.09.23:425][  0]SourceControl: Source control is disabled
[2018.01.19-18.09.23:500][  0]SourceControl: Source control is disabled
[2018.01.19-18.09.24:619][  0]LogAndroidPermission: UAndroidPermissionCallbackProxy::GetInstance
[2018.01.19-18.09.25:001][  0]LogOcInput: OculusInput pre-init called
[2018.01.19-18.09.25:348][  0]LogEngine: Initializing Engine...
[2018.01.19-18.09.25:351][  0]LogHMD: Failed to initialize OpenVR with code 110
[2018.01.19-18.09.25:616][  0]LogStats: UGameplayTagsManager::ConstructGameplayTagTree: Construct from data asset -  0.000 s
[2018.01.19-18.09.25:617][  0]LogStats: UGameplayTagsManager::ConstructGameplayTagTree: GameplayTagTreeChangedEvent.Broadcast -  0.000 s
[2018.01.19-18.09.25:783][  0]LogAIModule: Creating AISystem for world Untitled
[2018.01.19-18.09.25:795][  0]LogInit: XAudio2 using 'Realtek HD Audio 2nd output (Realtek High Definition Audio)' : 2 channels at 48 kHz using 32 bits per sample (channel mask 0x3)
[2018.01.19-18.09.25:811][  0]LogInit: FAudioDevice initialized.
[2018.01.19-18.09.25:986][  0]LogDerivedDataCache: Saved boot cache 0.18s 79MB C:/Users/shadowleaf/AppData/Local/UnrealEngine/4.18/DerivedDataCache/Boot.ddc.
[2018.01.19-18.09.26:004][  0]LogInit: Texture streaming: Enabled
[2018.01.19-18.09.26:119][  0]LogEngineSessionManager: EngineSessionManager initialized
[2018.01.19-18.09.26:283][  0]LogInit: Transaction tracking system initialized
[2018.01.19-18.09.26:670][  0]BlueprintLog: New page: Editor Load
[2018.01.19-18.09.27:836][  0]LocalizationService: Localization service is disabled
[2018.01.19-18.09.28:794][  0]LogConsoleResponse: Display: 
[2018.01.19-18.09.29:005][  0]LogCook: Display: Max memory allowance for cook 16384mb min free memory 0mb
[2018.01.19-18.09.29:005][  0]LogCook: Display: Mobile HDR setting 1
[2018.01.19-18.09.29:005][  0]LogGameplayTags: Display: UGameplayTagsManager::DoneAddingNativeTags. DelegateIsBound: 0
[2018.01.19-18.09.29:723][  0]LogFileCache: Scanning file cache for directory 'D:/InnovationChallenge/HelloPlayer/Content/' took 0.07s
[2018.01.19-18.09.30:574][  0]SourceControl: Source control is disabled
[2018.01.19-18.09.30:574][  0]Cmd: MAP LOAD FILE="D:/InnovationChallenge/HelloPlayer/Content/ThirdPersonCPP/Maps/ThirdPersonExampleMap.umap" TEMPLATE=0 SHOWPROGRESS=1 FEATURELEVEL=3
[2018.01.19-18.09.30:575][  0]LightingResults: New page: Lighting Build
[2018.01.19-18.09.30:628][  0]MapCheck: New page: Map Check
[2018.01.19-18.09.30:628][  0]LightingResults: New page: Lighting Build
[2018.01.19-18.09.30:833][  0]LogAIModule: Creating AISystem for world ThirdPersonExampleMap
[2018.01.19-18.09.30:841][  0]LogEditorServer: Finished looking for orphan Actors (0.000 secs)
[2018.01.19-18.09.30:855][  0]Cmd: MAP CHECKDEP NOCLEARLOG
[2018.01.19-18.09.30:944][  0]MapCheck: Map check complete: 0 Error(s), 0 Warning(s), took 88.438ms to complete.
[2018.01.19-18.09.30:944][  0]LogFileHelpers: Loading map 'ThirdPersonExampleMap' took 0.369
[2018.01.19-18.09.31:140][  0]LogCollectionManager: Loaded 0 collections in 0.002307 seconds
[2018.01.19-18.09.31:230][  0]LogFileCache: Scanning file cache for directory 'D:/InnovationChallenge/HelloPlayer/Saved/Collections/' took 0.01s
[2018.01.19-18.09.31:230][  0]LogFileCache: Scanning file cache for directory 'D:/InnovationChallenge/HelloPlayer/Content/Developers/shadowleaf/Collections/' took 0.01s
[2018.01.19-18.09.31:231][  0]LogFileCache: Scanning file cache for directory 'D:/InnovationChallenge/HelloPlayer/Content/Collections/' took 0.01s
[2018.01.19-18.09.31:231][  0]LogCollectionManager: Rebuilt the GUID cache for 0 collections in 0.000000 seconds
[2018.01.19-18.09.31:240][  0]LogContentBrowser: Native class hierarchy populated in 0.0092 seconds. Added 2365 classes and 521 folders.
[2018.01.19-18.09.31:319][  0]LogContentBrowser: Native class hierarchy updated for 'WidgetCarousel' in 0.0007 seconds. Added 0 classes and 0 folders.
[2018.01.19-18.09.31:381][  0]LogContentBrowser: Native class hierarchy updated for 'AddContentDialog' in 0.0007 seconds. Added 0 classes and 0 folders.
[2018.01.19-18.09.31:435][  0]LogContentBrowser: Native class hierarchy updated for 'SceneOutliner' in 0.0008 seconds. Added 1 classes and 2 folders.
[2018.01.19-18.09.31:476][  0]LogSlate: Took 0.000245 seconds to synchronously load lazily loaded font '../../../Engine/Content/Slate/Fonts/Roboto-Regular.ttf' (155K)
[2018.01.19-18.09.31:478][  0]LogSlate: Took 0.000277 seconds to synchronously load lazily loaded font '../../../Engine/Content/Slate/Fonts/Roboto-Bold.ttf' (160K)
[2018.01.19-18.09.31:483][  0]LogSlate: Took 0.000242 seconds to synchronously load lazily loaded font '../../../Engine/Content/Editor/Slate/Fonts/FontAwesome.ttf' (139K)
[2018.01.19-18.09.31:589][  0]LogRenderer: Reallocating scene render targets to support 1208x576 Format 10 NumSamples 1 (Frame:1).
[2018.01.19-18.09.31:809][  0]LogContentBrowser: Native class hierarchy updated for 'HierarchicalLODOutliner' in 0.0008 seconds. Added 1 classes and 2 folders.
[2018.01.19-18.09.31:809][  0]LogLoad: (Engine Initialization) Total time: 24.24 seconds
[2018.01.19-18.09.31:810][  0]LogLoad: (Engine Initialization) Total Blueprint compile time: 0.00 seconds
[2018.01.19-18.09.31:810][  0]LogExternalProfiler: No external profilers were discovered.  External profiling features will not be available.
[2018.01.19-18.09.31:820][  0]LogWindowsTextInputMethodSystem: Display: IME system now deactivated.
[2018.01.19-18.09.31:839][  0]LogContentStreaming: Texture pool size now 1000 MB
[2018.01.19-18.09.31:900][  0]LogSlate: Took 0.000266 seconds to synchronously load lazily loaded font '../../../Engine/Content/Slate/Fonts/Roboto-Light.ttf' (159K)
[2018.01.19-18.09.32:019][  3]LogAssetRegistry: Asset discovery search completed in 15.0075 seconds
[2018.01.19-18.09.32:026][  3]LogCollectionManager: Rebuilt the object cache for 0 collections in 0.000000 seconds (found 0 objects)
[2018.01.19-18.09.32:026][  3]LogCollectionManager: Fixed up redirectors for 0 collections in 0.000055 seconds (updated 0 objects)
[2018.01.19-18.09.37:341][270]LogSlate: Took 0.000214 seconds to synchronously load lazily loaded font '../../../Engine/Content/Slate/Fonts/Roboto-Light.ttf' (159K)
[2018.01.19-18.09.37:673][270]LogAIModule: Creating AISystem for world Map_Earth
[2018.01.19-18.09.37:747][270]Cmd: MAP LOAD FILE="D:/InnovationChallenge/HelloPlayer/Content/Levels/Map_Earth.umap" TEMPLATE=0 SHOWPROGRESS=1 FEATURELEVEL=3
[2018.01.19-18.09.37:747][270]LightingResults: New page: Lighting Build
[2018.01.19-18.09.37:748][270]LoadErrors: New page: Loading map: Map_Earth.umap
[2018.01.19-18.09.37:749][270]MapCheck: New page: Map Check
[2018.01.19-18.09.37:749][270]LightingResults: New page: Lighting Build
[2018.01.19-18.09.37:930][270]LogEditorServer: Finished looking for orphan Actors (0.000 secs)
[2018.01.19-18.09.37:956][270]Cmd: MAP CHECKDEP NOCLEARLOG
[2018.01.19-18.09.38:048][270]MapCheck: Map check complete: 0 Error(s), 0 Warning(s), took 91.528ms to complete.
[2018.01.19-18.09.38:048][270]LogFileHelpers: Loading map 'Map_Earth' took 0.301
[2018.01.19-18.09.50:481][839]LogMaterial: Missing cached shader map for material HillTree_01_Billboard_Mat, compiling. 
[2018.01.19-18.09.50:595][839]LogMaterial: Missing cached shader map for material HillTree_01_Branches_2_Mat, compiling. 
[2018.01.19-18.09.50:707][839]LogMaterial: Missing cached shader map for material M_CustomDepthBillboard, compiling. 
[2018.01.19-18.09.50:891][839]LogStaticMesh: Building static mesh HillTree_02...
