Log file open, 01/20/18 21:41:18
LogWindows: Failed to load 'aqProf.dll' (GetLastError=126)
LogWindows: File 'aqProf.dll' does not exist
LogWindows: Failed to load 'VSPerf140.dll' (GetLastError=126)
LogWindows: File 'VSPerf140.dll' does not exist
LogWindows: Failed to load 'VtuneApi.dll' (GetLastError=126)
LogWindows: File 'VtuneApi.dll' does not exist
LogWindows: Failed to load 'VtuneApi32e.dll' (GetLastError=126)
LogWindows: File 'VtuneApi32e.dll' does not exist
LogInit: Display: Running engine for game: HelloPlayer
LogPlatformFile: Not using cached read wrapper
LogInit: Display: RandInit(-1370650844) SRandInit(-1370650844).
LogInit: Read version file with build ID '3709383'
LogInit: Overriding engine version to CL 3794801, compatible CL 3709383
LogInit: Registered custom module enumerator with build ID '3709383'
LogTaskGraph: Started task graph with 5 named threads and 14 total threads with 3 sets of task threads.
LogStats: Stats thread started at 0.193286
LogD3D11RHI: Aftermath initialized
LogPluginManager: Mounting plugin Paper2D
LogPluginManager: Mounting plugin LightPropagationVolume
LogPluginManager: Mounting plugin CodeLiteSourceCodeAccess
LogPluginManager: Mounting plugin GitSourceControl
LogPluginManager: Mounting plugin KDevelopSourceCodeAccess
LogPluginManager: Mounting plugin NullSourceCodeAccess
LogPluginManager: Mounting plugin PerforceSourceControl
LogPluginManager: Mounting plugin SubversionSourceControl
LogPluginManager: Mounting plugin UObjectPlugin
LogPluginManager: Mounting plugin VisualStudioCodeSourceCodeAccess
LogPluginManager: Mounting plugin VisualStudioSourceCodeAccess
LogPluginManager: Mounting plugin XCodeSourceCodeAccess
LogPluginManager: Mounting plugin AssetManagerEditor
LogPluginManager: Mounting plugin AudioCapture
LogPluginManager: Mounting plugin FacialAnimation
LogPluginManager: Mounting plugin GameplayTagsEditor
LogPluginManager: Mounting plugin MobileLauncherProfileWizard
LogPluginManager: Mounting plugin PluginBrowser
LogPluginManager: Mounting plugin SpeedTreeImporter
LogPluginManager: Mounting plugin AlembicImporter
LogPluginManager: Mounting plugin CharacterAI
LogPluginManager: Mounting plugin HTML5Networking
LogPluginManager: Mounting plugin AndroidMedia
LogPluginManager: Mounting plugin AvfMedia
LogPluginManager: Mounting plugin ImgMedia
LogPluginManager: Mounting plugin MediaCompositing
LogPluginManager: Mounting plugin MediaPlayerEditor
LogPluginManager: Mounting plugin WmfMedia
LogPluginManager: Mounting plugin TcpMessaging
LogPluginManager: Mounting plugin UdpMessaging
LogPluginManager: Mounting plugin ActorSequence
LogPluginManager: Mounting plugin LevelSequenceEditor
LogPluginManager: Mounting plugin MatineeToLevelSequence
LogPluginManager: Mounting plugin OnlineSubsystemGooglePlay
LogPluginManager: Mounting plugin OnlineSubsystemIOS
LogPluginManager: Mounting plugin OnlineSubsystem
LogPluginManager: Mounting plugin OnlineSubsystemNull
LogPluginManager: Mounting plugin OnlineSubsystemUtils
LogPluginManager: Mounting plugin AndroidDeviceProfileSelector
LogPluginManager: Mounting plugin AndroidMoviePlayer
LogPluginManager: Mounting plugin AndroidPermission
LogPluginManager: Mounting plugin AppleARKit
LogPluginManager: Mounting plugin AppleMoviePlayer
LogPluginManager: Mounting plugin ArchVisCharacter
LogPluginManager: Mounting plugin CableComponent
LogPluginManager: Mounting plugin CustomMeshComponent
LogPluginManager: Mounting plugin ExampleDeviceProfileSelector
LogPluginManager: Mounting plugin GoogleCloudMessaging
LogPluginManager: Mounting plugin ImmediatePhysics
LogPluginManager: Mounting plugin IOSDeviceProfileSelector
LogPluginManager: Mounting plugin LinuxDeviceProfileSelector
LogPluginManager: Mounting plugin LocationServicesBPLibrary
LogPluginManager: Mounting plugin MobilePatchingUtils
LogPluginManager: Mounting plugin OculusVR
LogPluginManager: Plugin shader directory ../../../Engine/Plugins/Runtime/Oculus/OculusVR/Shaders found
LogPluginManager: Mapping shader source directory ../../../Engine/Plugins/Runtime/Oculus/OculusVR/Shaders to virtual directory /Plugin/OculusVR
LogPluginManager: Mounting plugin PhysXVehicles
LogPluginManager: Mounting plugin ProceduralMeshComponent
LogPluginManager: Mounting plugin RuntimePhysXCooking
LogPluginManager: Mounting plugin SteamVR
LogPluginManager: Mounting plugin WindowsMoviePlayer
LogModuleManager: Display: Found up-to-date module file D:/InnovationChallenge/HelloPlayer/Binaries/Win64/UE4Editor-HelloPlayer.dll (API version 3709383).
LogModuleManager: Display: Found up-to-date module file ../../../Engine/Plugins/2D/Paper2D/Binaries/Win64/UE4Editor-Paper2D.dll (API version 3709383).
LogModuleManager: Display: Found up-to-date module file ../../../Engine/Plugins/2D/Paper2D/Binaries/Win64/UE4Editor-Paper2DEditor.dll (API version 3709383).
LogModuleManager: Display: Found up-to-date module file ../../../Engine/Plugins/2D/Paper2D/Binaries/Win64/UE4Editor-PaperSpriteSheetImporter.dll (API version 3709383).
LogModuleManager: Display: Found up-to-date module file ../../../Engine/Plugins/2D/Paper2D/Binaries/Win64/UE4Editor-PaperTiledImporter.dll (API version 3709383).
LogModuleManager: Display: Found up-to-date module file ../../../Engine/Plugins/2D/Paper2D/Binaries/Win64/UE4Editor-SmartSnapping.dll (API version 3709383).
LogModuleManager: Display: Found up-to-date module file ../../../Engine/Plugins/Blendables/LightPropagationVolume/Binaries/Win64/UE4Editor-LightPropagationVolumeRuntime.dll (API version 3709383).
LogModuleManager: Display: Found up-to-date module file ../../../Engine/Plugins/Blendables/LightPropagationVolume/Binaries/Win64/UE4Editor-LightPropagationVolumeEditor.dll (API version 3709383).
LogModuleManager: Display: Found up-to-date module file ../../../Engine/Plugins/Developer/GitSourceControl/Binaries/Win64/UE4Editor-GitSourceControl.dll (API version 3709383).
LogModuleManager: Display: Found up-to-date module file ../../../Engine/Plugins/Developer/PerforceSourceControl/Binaries/Win64/UE4Editor-PerforceSourceControl.dll (API version 3709383).
LogModuleManager: Display: Found up-to-date module file ../../../Engine/Plugins/Developer/SubversionSourceControl/Binaries/Win64/UE4Editor-SubversionSourceControl.dll (API version 3709383).
LogModuleManager: Display: Found up-to-date module file ../../../Engine/Plugins/Developer/UObjectPlugin/Binaries/Win64/UE4Editor-UObjectPlugin.dll (API version 3709383).
LogModuleManager: Display: Found up-to-date module file ../../../Engine/Plugins/Developer/VisualStudioCodeSourceCodeAccess/Binaries/Win64/UE4Editor-VisualStudioCodeSourceCodeAccess.dll (API version 3709383).
LogModuleManager: Display: Found up-to-date module file ../../../Engine/Plugins/Developer/VisualStudioSourceCodeAccess/Binaries/Win64/UE4Editor-VisualStudioSourceCodeAccess.dll (API version 3709383).
LogModuleManager: Display: Found up-to-date module file ../../../Engine/Plugins/Editor/AssetManagerEditor/Binaries/Win64/UE4Editor-AssetManagerEditor.dll (API version 3709383).
LogModuleManager: Display: Found up-to-date module file ../../../Engine/Plugins/Editor/AudioCapture/Binaries/Win64/UE4Editor-AudioCapture.dll (API version 3709383).
LogModuleManager: Display: Found up-to-date module file ../../../Engine/Plugins/Editor/FacialAnimation/Binaries/Win64/UE4Editor-FacialAnimation.dll (API version 3709383).
LogModuleManager: Display: Found up-to-date module file ../../../Engine/Plugins/Editor/FacialAnimation/Binaries/Win64/UE4Editor-FacialAnimationEditor.dll (API version 3709383).
LogModuleManager: Display: Found up-to-date module file ../../../Engine/Plugins/Editor/GameplayTagsEditor/Binaries/Win64/UE4Editor-GameplayTagsEditor.dll (API version 3709383).
LogModuleManager: Display: Found up-to-date module file ../../../Engine/Plugins/Editor/MobileLauncherProfileWizard/Binaries/Win64/UE4Editor-MobileLauncherProfileWizard.dll (API version 3709383).
LogModuleManager: Display: Found up-to-date module file ../../../Engine/Plugins/Editor/PluginBrowser/Binaries/Win64/UE4Editor-PluginBrowser.dll (API version 3709383).
LogModuleManager: Display: Found up-to-date module file ../../../Engine/Plugins/Editor/SpeedTreeImporter/Binaries/Win64/UE4Editor-SpeedTreeImporter.dll (API version 3709383).
LogModuleManager: Display: Found up-to-date module file ../../../Engine/Plugins/Experimental/AlembicImporter/Binaries/Win64/UE4Editor-AlembicImporter.dll (API version 3709383).
LogModuleManager: Display: Found up-to-date module file ../../../Engine/Plugins/Experimental/AlembicImporter/Binaries/Win64/UE4Editor-AlembicLibrary.dll (API version 3709383).
LogModuleManager: Display: Found up-to-date module file ../../../Engine/Plugins/Experimental/CharacterAI/Binaries/Win64/UE4Editor-CharacterAI.dll (API version 3709383).
LogModuleManager: Display: Found up-to-date module file ../../../Engine/Plugins/Experimental/HTML5Networking/Binaries/Win64/UE4Editor-HTML5Networking.dll (API version 3709383).
LogModuleManager: Display: Found up-to-date module file ../../../Engine/Plugins/Media/AndroidMedia/Binaries/Win64/UE4Editor-AndroidMediaEditor.dll (API version 3709383).
LogModuleManager: Display: Found up-to-date module file ../../../Engine/Plugins/Media/AndroidMedia/Binaries/Win64/UE4Editor-AndroidMediaFactory.dll (API version 3709383).
LogModuleManager: Display: Found up-to-date module file ../../../Engine/Plugins/Media/AvfMedia/Binaries/Win64/UE4Editor-AvfMediaEditor.dll (API version 3709383).
LogModuleManager: Display: Found up-to-date module file ../../../Engine/Plugins/Media/AvfMedia/Binaries/Win64/UE4Editor-AvfMediaFactory.dll (API version 3709383).
LogModuleManager: Display: Found up-to-date module file ../../../Engine/Plugins/Media/AvfMedia/Binaries/Win64/UE4Editor-AvfMediaFactory.dll (API version 3709383).
LogModuleManager: Display: Found up-to-date module file ../../../Engine/Plugins/Media/ImgMedia/Binaries/Win64/UE4Editor-ImgMedia.dll (API version 3709383).
LogModuleManager: Display: Found up-to-date module file ../../../Engine/Plugins/Media/ImgMedia/Binaries/Win64/UE4Editor-ImgMediaEditor.dll (API version 3709383).
LogModuleManager: Display: Found up-to-date module file ../../../Engine/Plugins/Media/ImgMedia/Binaries/Win64/UE4Editor-ImgMediaFactory.dll (API version 3709383).
LogModuleManager: Display: Found up-to-date module file ../../../Engine/Plugins/Media/ImgMedia/Binaries/Win64/UE4Editor-ImgMediaFactory.dll (API version 3709383).
LogModuleManager: Display: Found up-to-date module file ../../../Engine/Plugins/Media/ImgMedia/Binaries/Win64/UE4Editor-OpenExrWrapper.dll (API version 3709383).
LogModuleManager: Display: Found up-to-date module file ../../../Engine/Plugins/Media/MediaCompositing/Binaries/Win64/UE4Editor-MediaCompositing.dll (API version 3709383).
LogModuleManager: Display: Found up-to-date module file ../../../Engine/Plugins/Media/MediaCompositing/Binaries/Win64/UE4Editor-MediaCompositingEditor.dll (API version 3709383).
LogModuleManager: Display: Found up-to-date module file ../../../Engine/Plugins/Media/MediaPlayerEditor/Binaries/Win64/UE4Editor-MediaPlayerEditor.dll (API version 3709383).
LogModuleManager: Display: Found up-to-date module file ../../../Engine/Plugins/Media/WmfMedia/Binaries/Win64/UE4Editor-WmfMedia.dll (API version 3709383).
LogModuleManager: Display: Found up-to-date module file ../../../Engine/Plugins/Media/WmfMedia/Binaries/Win64/UE4Editor-WmfMediaEditor.dll (API version 3709383).
LogModuleManager: Display: Found up-to-date module file ../../../Engine/Plugins/Media/WmfMedia/Binaries/Win64/UE4Editor-WmfMediaFactory.dll (API version 3709383).
LogModuleManager: Display: Found up-to-date module file ../../../Engine/Plugins/Media/WmfMedia/Binaries/Win64/UE4Editor-WmfMediaFactory.dll (API version 3709383).
LogModuleManager: Display: Found up-to-date module file ../../../Engine/Plugins/Messaging/TcpMessaging/Binaries/Win64/UE4Editor-TcpMessaging.dll (API version 3709383).
LogModuleManager: Display: Found up-to-date module file ../../../Engine/Plugins/Messaging/UdpMessaging/Binaries/Win64/UE4Editor-UdpMessaging.dll (API version 3709383).
LogModuleManager: Display: Found up-to-date module file ../../../Engine/Plugins/MovieScene/ActorSequence/Binaries/Win64/UE4Editor-ActorSequence.dll (API version 3709383).
LogModuleManager: Display: Found up-to-date module file ../../../Engine/Plugins/MovieScene/LevelSequenceEditor/Binaries/Win64/UE4Editor-LevelSequenceEditor.dll (API version 3709383).
LogModuleManager: Display: Found up-to-date module file ../../../Engine/Plugins/MovieScene/MatineeToLevelSequence/Binaries/Win64/UE4Editor-MatineeToLevelSequence.dll (API version 3709383).
LogModuleManager: Display: Found up-to-date module file ../../../Engine/Plugins/Online/OnlineSubsystem/Binaries/Win64/UE4Editor-OnlineSubsystem.dll (API version 3709383).
LogModuleManager: Display: Found up-to-date module file ../../../Engine/Plugins/Online/OnlineSubsystemNull/Binaries/Win64/UE4Editor-OnlineSubsystemNull.dll (API version 3709383).
LogModuleManager: Display: Found up-to-date module file ../../../Engine/Plugins/Online/OnlineSubsystemUtils/Binaries/Win64/UE4Editor-OnlineSubsystemUtils.dll (API version 3709383).
LogModuleManager: Display: Found up-to-date module file ../../../Engine/Plugins/Online/OnlineSubsystemUtils/Binaries/Win64/UE4Editor-OnlineBlueprintSupport.dll (API version 3709383).
LogModuleManager: Display: Found up-to-date module file ../../../Engine/Plugins/Runtime/AndroidDeviceProfileSelector/Binaries/Win64/UE4Editor-AndroidDeviceProfileSelector.dll (API version 3709383).
LogModuleManager: Display: Found up-to-date module file ../../../Engine/Plugins/Runtime/AndroidPermission/Binaries/Win64/UE4Editor-AndroidPermission.dll (API version 3709383).
LogModuleManager: Display: Found up-to-date module file ../../../Engine/Plugins/Runtime/AppleARKit/Binaries/Win64/UE4Editor-AppleARKit.dll (API version 3709383).
LogModuleManager: Display: Found up-to-date module file ../../../Engine/Plugins/Runtime/ArchVisCharacter/Binaries/Win64/UE4Editor-ArchVisCharacter.dll (API version 3709383).
LogModuleManager: Display: Found up-to-date module file ../../../Engine/Plugins/Runtime/CableComponent/Binaries/Win64/UE4Editor-CableComponent.dll (API version 3709383).
LogModuleManager: Display: Found up-to-date module file ../../../Engine/Plugins/Runtime/CustomMeshComponent/Binaries/Win64/UE4Editor-CustomMeshComponent.dll (API version 3709383).
LogModuleManager: Display: Found up-to-date module file ../../../Engine/Plugins/Runtime/ExampleDeviceProfileSelector/Binaries/Win64/UE4Editor-ExampleDeviceProfileSelector.dll (API version 3709383).
LogModuleManager: Display: Found up-to-date module file ../../../Engine/Plugins/Runtime/ImmediatePhysics/Binaries/Win64/UE4Editor-ImmediatePhysics.dll (API version 3709383).
LogModuleManager: Display: Found up-to-date module file ../../../Engine/Plugins/Runtime/ImmediatePhysics/Binaries/Win64/UE4Editor-ImmediatePhysicsEditor.dll (API version 3709383).
LogModuleManager: Display: Found up-to-date module file ../../../Engine/Plugins/Runtime/LocationServicesBPLibrary/Binaries/Win64/UE4Editor-LocationServicesBPLibrary.dll (API version 3709383).
LogModuleManager: Display: Found up-to-date module file ../../../Engine/Plugins/Runtime/MobilePatchingUtils/Binaries/Win64/UE4Editor-MobilePatchingUtils.dll (API version 3709383).
LogModuleManager: Display: Found up-to-date module file ../../../Engine/Plugins/Runtime/Oculus/OculusVR/Binaries/Win64/UE4Editor-OculusHMD.dll (API version 3709383).
LogModuleManager: Display: Found up-to-date module file ../../../Engine/Plugins/Runtime/Oculus/OculusVR/Binaries/Win64/UE4Editor-OculusInput.dll (API version 3709383).
LogModuleManager: Display: Found up-to-date module file ../../../Engine/Plugins/Runtime/Oculus/OculusVR/Binaries/Win64/UE4Editor-OculusEditor.dll (API version 3709383).
LogModuleManager: Display: Found up-to-date module file ../../../Engine/Plugins/Runtime/PhysXVehicles/Binaries/Win64/UE4Editor-PhysXVehicles.dll (API version 3709383).
LogModuleManager: Display: Found up-to-date module file ../../../Engine/Plugins/Runtime/PhysXVehicles/Binaries/Win64/UE4Editor-PhysXVehiclesEditor.dll (API version 3709383).
LogModuleManager: Display: Found up-to-date module file ../../../Engine/Plugins/Runtime/ProceduralMeshComponent/Binaries/Win64/UE4Editor-ProceduralMeshComponent.dll (API version 3709383).
LogModuleManager: Display: Found up-to-date module file ../../../Engine/Plugins/Runtime/ProceduralMeshComponent/Binaries/Win64/UE4Editor-ProceduralMeshComponentEditor.dll (API version 3709383).
LogModuleManager: Display: Found up-to-date module file ../../../Engine/Plugins/Runtime/RuntimePhysXCooking/Binaries/Win64/UE4Editor-RuntimePhysXCooking.dll (API version 3709383).
LogModuleManager: Display: Found up-to-date module file ../../../Engine/Plugins/Runtime/Steam/SteamVR/Binaries/Win64/UE4Editor-SteamVR.dll (API version 3709383).
LogModuleManager: Display: Found up-to-date module file ../../../Engine/Plugins/Runtime/Steam/SteamVR/Binaries/Win64/UE4Editor-SteamVRController.dll (API version 3709383).
LogModuleManager: Display: Found up-to-date module file ../../../Engine/Plugins/Runtime/WindowsMoviePlayer/Binaries/Win64/UE4Editor-WindowsMoviePlayer.dll (API version 3709383).
LogInit: Using libcurl 7.47.1
LogInit:  - built for x86_64-pc-win32
LogInit:  - supports SSL with OpenSSL/1.0.2g
LogInit:  - supports HTTP deflate (compression) using libz 1.2.8
LogInit:  - other features:
LogInit:      CURL_VERSION_SSL
LogInit:      CURL_VERSION_LIBZ
LogInit:      CURL_VERSION_IPV6
LogInit:      CURL_VERSION_ASYNCHDNS
LogInit:      CURL_VERSION_LARGEFILE
LogInit:      CURL_VERSION_IDN
LogInit:  CurlRequestOptions (configurable via config and command line):
LogInit:  - bVerifyPeer = false  - Libcurl will NOT verify peer certificate
LogInit:  - bUseHttpProxy = false  - Libcurl will NOT use HTTP proxy
LogInit:  - bDontReuseConnections = false  - Libcurl will reuse connections
LogInit:  - CertBundlePath = nullptr  - Libcurl will use whatever was configured at build time.
LogInit: Build: ++UE4+Release-4.18-CL-3794801
LogInit: Engine Version: 4.18.2-3794801+++UE4+Release-4.18
LogInit: Compatible Engine Version: 4.18.0-3709383+++UE4+Release-4.18
LogInit: Net CL: 3709383
LogDevObjectVersion: Number of dev versions registered: 16
LogDevObjectVersion:   Dev-Blueprints (B0D832E4-1F89-4F0D-ACCF-7EB736FD4AA2): 10
LogDevObjectVersion:   Dev-Build (E1C64328-A22C-4D53-A36C-8E866417BD8C): 0
LogDevObjectVersion:   Dev-Core (375EC13C-06E4-48FB-B500-84F0262A717E): 2
LogDevObjectVersion:   Dev-Editor (E4B068ED-F494-42E9-A231-DA0B2E46BB41): 20
LogDevObjectVersion:   Dev-Framework (CFFC743F-43B0-4480-9391-14DF171D2073): 30
LogDevObjectVersion:   Dev-Mobile (B02B49B5-BB20-44E9-A304-32B752E40360): 0
LogDevObjectVersion:   Dev-Networking (A4E4105C-59A1-49B5-A7C5-40C4547EDFEE): 0
LogDevObjectVersion:   Dev-Online (39C831C9-5AE6-47DC-9A44-9C173E1C8E7C): 0
LogDevObjectVersion:   Dev-Physics (78F01B33-EBEA-4F98-B9B4-84EACCB95AA2): 0
LogDevObjectVersion:   Dev-Platform (6631380F-2D4D-43E0-8009-CF276956A95A): 0
LogDevObjectVersion:   Dev-Rendering (12F88B9F-8875-4AFC-A67C-D90C383ABD29): 20
LogDevObjectVersion:   Dev-Sequencer (7B5AE74C-D270-4C10-A958-57980B212A5A): 4
LogDevObjectVersion:   Dev-VR (D7296918-1DD6-4BDD-9DE2-64A83CC13884): 0
LogDevObjectVersion:   Dev-LoadTimes (C2A15278-BFE7-4AFE-6C17-90FF531DF755): 1
LogDevObjectVersion:   Private-Geometry (6EACA3D4-40EC-4CC1-B786-8BED09428FC5): 1
LogDevObjectVersion:   Dev-AnimPhys (29E575DD-E0A3-4627-9D10-D276232CDCEA): 12
LogInit: Compiled (64-bit): Dec  8 2017 02:04:53
LogInit: Compiled with Visual C++: 19.00.24215.01
LogInit: Build Configuration: Development
LogInit: Branch Name: ++UE4+Release-4.18
LogInit: Command line: 
LogInit: Base directory: C:/Program Files/Epic Games/UE_4.18/Engine/Binaries/Win64/
LogInit: Installed Engine Build: 1
LogInit: Presizing for max 8388607 objects, including 0 objects not considered by GC, pre-allocating 0 bytes for permanent pool.
LogInit: Object subsystem initialized
[2018.01.20-16.11.21:003][  0]LogInit: Selected Device Profile: [Windows]
[2018.01.20-16.11.21:003][  0]LogInit: Applying CVar settings loaded from the selected device profile: [Windows]
[2018.01.20-16.11.21:060][  0]LogInit: Computer: SHADOWLEAF-PC
[2018.01.20-16.11.21:060][  0]LogInit: User: shadowleaf
[2018.01.20-16.11.21:060][  0]LogInit: CPU Page size=4096, Cores=4
[2018.01.20-16.11.21:060][  0]LogInit: High frequency timer resolution =3.117781 MHz
[2018.01.20-16.11.21:060][  0]LogMemory: Memory total: Physical=8.0GB (8GB approx)
[2018.01.20-16.11.21:060][  0]LogMemory: Platform Memory Stats for Windows
[2018.01.20-16.11.21:060][  0]LogMemory: Process Physical Memory: 272.84 MB used, 272.84 MB peak
[2018.01.20-16.11.21:060][  0]LogMemory: Process Virtual Memory: 271.66 MB used, 271.66 MB peak
[2018.01.20-16.11.21:060][  0]LogMemory: Physical Memory: 3143.83 MB used,  5014.24 MB free, 8158.07 MB total
[2018.01.20-16.11.21:060][  0]LogMemory: Virtual Memory: 631.11 MB used,  5014.24 MB free, 134217728.00 MB total
[2018.01.20-16.11.21:232][  0]LogInit: Using OS detected language (en-GB).
[2018.01.20-16.11.21:232][  0]LogInit: Using OS detected locale (en-US).
[2018.01.20-16.11.21:236][  0]LogTextLocalizationManager: No specific localization for 'en-GB' exists, so the 'en' localization will be used.
[2018.01.20-16.11.21:675][  0]LogInit: Setting process to per monitor DPI aware
[2018.01.20-16.11.21:989][  0]LogD3D11RHI: D3D11 adapters:
[2018.01.20-16.11.22:007][  0]LogD3D11RHI:    0. 'AMD Radeon HD 7700 Series' (Feature Level 11_0)
[2018.01.20-16.11.22:007][  0]LogD3D11RHI:       1004/0/4079 MB DedicatedVideo/DedicatedSystem/SharedSystem, Outputs:1, VendorId:0x1002
[2018.01.20-16.11.22:008][  0]LogD3D11RHI:    1. 'Microsoft Basic Render Driver' (Feature Level 11_0)
[2018.01.20-16.11.22:008][  0]LogD3D11RHI:       0/0/4079 MB DedicatedVideo/DedicatedSystem/SharedSystem, Outputs:0, VendorId:0x1414
[2018.01.20-16.11.22:008][  0]LogD3D11RHI: Chosen D3D11 Adapter: 0
[2018.01.20-16.11.22:013][  0]LogD3D11RHI: Creating new Direct3DDevice
[2018.01.20-16.11.22:013][  0]LogD3D11RHI:     GPU DeviceId: 0x6837 (for the marketing name, search the web for "GPU Device Id")
[2018.01.20-16.11.22:013][  0]LogWindows: EnumDisplayDevices:
[2018.01.20-16.11.22:013][  0]LogWindows:    0. 'AMD Radeon HD 7700 Series' (P:1 D:1)
[2018.01.20-16.11.22:014][  0]LogWindows:    1. 'AMD Radeon HD 7700 Series' (P:0 D:0)
[2018.01.20-16.11.22:014][  0]LogWindows:    2. 'AMD Radeon HD 7700 Series' (P:0 D:0)
[2018.01.20-16.11.22:014][  0]LogWindows:    3. 'AMD Radeon HD 7700 Series' (P:0 D:0)
[2018.01.20-16.11.22:015][  0]LogWindows:    4. 'AMD Radeon HD 7700 Series' (P:0 D:0)
[2018.01.20-16.11.22:015][  0]LogWindows:    5. 'AMD Radeon HD 7700 Series' (P:0 D:0)
[2018.01.20-16.11.22:015][  0]LogWindows:    6. 'AMD Radeon HD 7700 Series' (P:0 D:0)
[2018.01.20-16.11.22:016][  0]LogWindows:    7. 'AMD Radeon HD 7700 Series' (P:0 D:0)
[2018.01.20-16.11.22:016][  0]LogWindows:    8. 'AMD Radeon HD 7700 Series' (P:0 D:0)
[2018.01.20-16.11.22:016][  0]LogWindows:    9. 'AMD Radeon HD 7700 Series' (P:0 D:0)
[2018.01.20-16.11.22:016][  0]LogWindows:    10. 'AMD Radeon HD 7700 Series' (P:0 D:0)
[2018.01.20-16.11.22:017][  0]LogWindows:    11. 'AMD Radeon HD 7700 Series' (P:0 D:0)
[2018.01.20-16.11.22:017][  0]LogWindows:    12. 'AMD Radeon HD 7700 Series' (P:0 D:0)
[2018.01.20-16.11.22:017][  0]LogWindows:    13. 'AMD Radeon HD 7700 Series' (P:0 D:0)
[2018.01.20-16.11.22:017][  0]LogWindows:    14. 'AMD Radeon HD 7700 Series' (P:0 D:0)
[2018.01.20-16.11.22:018][  0]LogWindows:    15. 'AMD Radeon HD 7700 Series' (P:0 D:0)
[2018.01.20-16.11.22:018][  0]LogWindows: DebugString: FoundDriverCount:16 
[2018.01.20-16.11.22:018][  0]LogD3D11RHI:     Adapter Name: AMD Radeon HD 7700 Series
[2018.01.20-16.11.22:018][  0]LogD3D11RHI:   Driver Version: Adrenalin 18.1.1 (internal:23.20.15015.1002, unified:23.20.15015.1002)
[2018.01.20-16.11.22:018][  0]LogD3D11RHI:      Driver Date: 1-12-2018
[2018.01.20-16.11.22:018][  0]LogRHI: Texture pool is 702 MB (70% of 1004 MB)
[2018.01.20-16.11.22:049][  0]LogD3D11RHI: Async texture creation enabled
[2018.01.20-16.11.22:060][  0]LogD3D11RHI: GPU Timing Frequency: 27.000000 (Debug: 2 1)
[2018.01.20-16.11.22:061][  0]LogShaderCompilers: Guid format shader working directory is 17 characters bigger than the processId version (D:/InnovationChallenge/HelloPlayer/Intermediate/Shaders/WorkingDirectory/9572/).
[2018.01.20-16.11.22:061][  0]LogShaderCompilers: Cleaned the shader compiler working directory 'C:/Users/shadowleaf/AppData/Local/Temp/UnrealShaderWorkingDir/9E61D3BC4AB6ADCAE0349FA7309B1C18/'.
[2018.01.20-16.11.22:061][  0]LogShaderCompilers: Display: Using Local Shader Compiler.
[2018.01.20-16.11.23:419][  0]LogTemp: Display: Loaded TP AllDesktopTargetPlatform
[2018.01.20-16.11.23:486][  0]LogTemp: Display: Loaded TP MacClientTargetPlatform
[2018.01.20-16.11.23:553][  0]LogTemp: Display: Loaded TP MacNoEditorTargetPlatform
[2018.01.20-16.11.23:620][  0]LogTemp: Display: Loaded TP MacServerTargetPlatform
[2018.01.20-16.11.23:687][  0]LogTemp: Display: Loaded TP MacTargetPlatform
[2018.01.20-16.11.23:773][  0]LogTemp: Display: Loaded TP WindowsClientTargetPlatform
[2018.01.20-16.11.23:852][  0]LogTemp: Display: Loaded TP WindowsNoEditorTargetPlatform
[2018.01.20-16.11.23:921][  0]LogTemp: Display: Loaded TP WindowsServerTargetPlatform
[2018.01.20-16.11.23:981][  0]LogTemp: Display: Loaded TP WindowsTargetPlatform
[2018.01.20-16.11.24:054][  0]LogTemp: Display: Loaded TP Android_ASTCTargetPlatform
[2018.01.20-16.11.24:120][  0]LogTemp: Display: Loaded TP Android_ATCTargetPlatform
[2018.01.20-16.11.24:182][  0]LogTemp: Display: Loaded TP Android_DXTTargetPlatform
[2018.01.20-16.11.24:245][  0]LogTemp: Display: Loaded TP Android_ETC1TargetPlatform
[2018.01.20-16.11.24:310][  0]LogTemp: Display: Loaded TP Android_ETC2TargetPlatform
[2018.01.20-16.11.24:466][  0]LogTemp: Display: Loaded TP Android_MultiTargetPlatform
[2018.01.20-16.11.24:466][  0]LogTemp: Display: Loaded TP Android_PVRTCTargetPlatform
[2018.01.20-16.11.24:536][  0]LogTemp: Display: Loaded TP AndroidTargetPlatform
[2018.01.20-16.11.24:596][  0]LogTemp: Display: Loaded TP HTML5TargetPlatform
[2018.01.20-16.11.24:721][  0]LogTemp: Display: Loaded TP IOSTargetPlatform
[2018.01.20-16.11.24:757][  0]LogTemp: Display: Loaded TP TVOSTargetPlatform
[2018.01.20-16.11.24:885][  0]LogTemp: Display: Loaded TP LinuxClientTargetPlatform
[2018.01.20-16.11.25:005][  0]LogTemp: Display: Loaded TP LinuxNoEditorTargetPlatform
[2018.01.20-16.11.25:081][  0]LogTemp: Display: Loaded TP LinuxServerTargetPlatform
[2018.01.20-16.11.25:184][  0]LogTemp: Display: Loaded TP LinuxTargetPlatform
[2018.01.20-16.11.25:185][  0]LogTargetPlatformManager: Display: Building Assets For Windows
[2018.01.20-16.11.25:867][  0]LogDerivedDataCache: Display: Max Cache Size: 512 MB
[2018.01.20-16.11.25:981][  0]LogDerivedDataCache: Loaded boot cache 0.11s 79MB C:/Users/shadowleaf/AppData/Local/UnrealEngine/4.18/DerivedDataCache/Boot.ddc.
[2018.01.20-16.11.25:981][  0]LogDerivedDataCache: Display: Loaded Boot cache: C:/Users/shadowleaf/AppData/Local/UnrealEngine/4.18/DerivedDataCache/Boot.ddc
[2018.01.20-16.11.25:981][  0]LogDerivedDataCache: FDerivedDataBackendGraph:  Pak pak cache file D:/InnovationChallenge/HelloPlayer/DerivedDataCache/DDC.ddp not found, will not use a pak cache.
[2018.01.20-16.11.25:981][  0]LogDerivedDataCache: Unable to find inner node Pak for hierarchical cache Hierarchy.
[2018.01.20-16.11.25:982][  0]LogDerivedDataCache: FDerivedDataBackendGraph:  CompressedPak pak cache file D:/InnovationChallenge/HelloPlayer/DerivedDataCache/Compressed.ddp not found, will not use a pak cache.
[2018.01.20-16.11.25:982][  0]LogDerivedDataCache: Unable to find inner node CompressedPak for hierarchical cache Hierarchy.
[2018.01.20-16.11.26:000][  0]LogDerivedDataCache: Display: Pak cache opened for reading ../../../Engine/DerivedDataCache/Compressed.ddp.
[2018.01.20-16.11.26:014][  0]LogDerivedDataCache: Using Local data cache path C:/Users/shadowleaf/AppData/Local/UnrealEngine/Common/DerivedDataCache: Writable
[2018.01.20-16.11.26:025][  0]LogMaterial: Verifying Global Shaders for PCD3D_SM5
[2018.01.20-16.11.26:026][  0]LogSlate: Using Freetype 2.6.0
[2018.01.20-16.11.26:026][  0]LogSlate: SlateFontCache - WITH_FREETYPE: 1, WITH_HARFBUZZ: 1
[2018.01.20-16.11.26:026][  0]LogSlate: SlateFontCache - WITH_FREETYPE: 1, WITH_HARFBUZZ: 1
[2018.01.20-16.11.26:499][  0]LogInit: Selected Device Profile: [Windows]
[2018.01.20-16.11.26:949][  0]LogSimplygon: Simplygon DLL not present - disabling.
[2018.01.20-16.11.27:014][  0]LogMeshReduction: Using SimplygonSwarm for distributed automatic mesh merging
[2018.01.20-16.11.27:014][  0]LogMeshReduction: Using QuadricMeshReduction for automatic static mesh reduction
[2018.01.20-16.11.27:014][  0]LogMeshReduction: No automatic skeletal mesh reduction module available
[2018.01.20-16.11.27:014][  0]LogMeshReduction: No automatic mesh merging module available
[2018.01.20-16.11.27:014][  0]LogMeshMerging: No automatic mesh merging module available
[2018.01.20-16.11.27:058][  0]LogNetVersion: HelloPlayer , NetCL: 3709383, EngineNetVer: 2, GameNetVer: 0 (Checksum: 1297468519)
[2018.01.20-16.11.27:265][  0]LogAssetRegistry: FAssetRegistry took 0.0273 seconds to start up
[2018.01.20-16.11.27:867][  0]LogPackageLocalizationCache: Processed 7 localized package path(s) for 2 prioritized culture(s) in 0.049440 seconds
[2018.01.20-16.11.27:872][  0]LogUObjectArray: 35900 objects as part of root set at end of initial load.
[2018.01.20-16.11.27:872][  0]LogUObjectAllocator: 7372016 out of 0 bytes used by permanent object pool.
[2018.01.20-16.11.27:872][  0]LogUObjectArray: CloseDisregardForGC: 0/0 objects in disregard for GC pool
[2018.01.20-16.11.27:934][  0]LogInit: WinSock: version 1.1 (2.2), MaxSocks=32767, MaxUdp=65467
[2018.01.20-16.11.31:476][  0]LogTcpMessaging: Initializing TcpMessaging bridge
[2018.01.20-16.11.31:535][  0]LogUdpMessaging: Initializing bridge on interface 0.0.0.0:0 to multicast group 230.0.0.1:6666.
[2018.01.20-16.11.32:724][  0]LogMaterial: Uniform references updated for custom material expression Custom.
[2018.01.20-16.11.33:288][  0]SourceControl: Source control is disabled
[2018.01.20-16.11.33:289][  0]SourceControl: Source control is disabled
[2018.01.20-16.11.33:364][  0]SourceControl: Source control is disabled
[2018.01.20-16.11.33:438][  0]SourceControl: Source control is disabled
[2018.01.20-16.11.34:576][  0]LogAndroidPermission: UAndroidPermissionCallbackProxy::GetInstance
[2018.01.20-16.11.34:957][  0]LogOcInput: OculusInput pre-init called
[2018.01.20-16.11.35:319][  0]LogEngine: Initializing Engine...
[2018.01.20-16.11.35:321][  0]LogHMD: Failed to initialize OpenVR with code 110
[2018.01.20-16.11.35:588][  0]LogStats: UGameplayTagsManager::ConstructGameplayTagTree: Construct from data asset -  0.000 s
[2018.01.20-16.11.35:588][  0]LogStats: UGameplayTagsManager::ConstructGameplayTagTree: GameplayTagTreeChangedEvent.Broadcast -  0.000 s
[2018.01.20-16.11.35:759][  0]LogAIModule: Creating AISystem for world Untitled
[2018.01.20-16.11.35:771][  0]LogInit: XAudio2 using 'Realtek HD Audio 2nd output (Realtek High Definition Audio)' : 2 channels at 48 kHz using 32 bits per sample (channel mask 0x3)
[2018.01.20-16.11.35:798][  0]LogInit: FAudioDevice initialized.
[2018.01.20-16.11.35:981][  0]LogDerivedDataCache: Saved boot cache 0.18s 79MB C:/Users/shadowleaf/AppData/Local/UnrealEngine/4.18/DerivedDataCache/Boot.ddc.
[2018.01.20-16.11.36:010][  0]LogInit: Texture streaming: Enabled
[2018.01.20-16.11.36:138][  0]LogEngineSessionManager: EngineSessionManager initialized
[2018.01.20-16.11.36:303][  0]LogInit: Transaction tracking system initialized
[2018.01.20-16.11.36:704][  0]BlueprintLog: New page: Editor Load
[2018.01.20-16.11.37:894][  0]LocalizationService: Localization service is disabled
[2018.01.20-16.11.38:905][  0]LogConsoleResponse: Display: 
[2018.01.20-16.11.39:119][  0]LogCook: Display: Max memory allowance for cook 16384mb min free memory 0mb
[2018.01.20-16.11.39:119][  0]LogCook: Display: Mobile HDR setting 1
[2018.01.20-16.11.39:119][  0]LogGameplayTags: Display: UGameplayTagsManager::DoneAddingNativeTags. DelegateIsBound: 0
[2018.01.20-16.11.39:786][  0]LogFileCache: Scanning file cache for directory 'D:/InnovationChallenge/HelloPlayer/Content/' took 0.07s
[2018.01.20-16.11.40:763][  0]SourceControl: Source control is disabled
[2018.01.20-16.11.40:763][  0]Cmd: MAP LOAD FILE="D:/InnovationChallenge/HelloPlayer/Content/ThirdPersonCPP/Maps/ThirdPersonExampleMap.umap" TEMPLATE=0 SHOWPROGRESS=1 FEATURELEVEL=3
[2018.01.20-16.11.40:774][  0]LightingResults: New page: Lighting Build
[2018.01.20-16.11.40:829][  0]MapCheck: New page: Map Check
[2018.01.20-16.11.40:829][  0]LightingResults: New page: Lighting Build
[2018.01.20-16.11.41:725][  0]LogAIModule: Creating AISystem for world ThirdPersonExampleMap
[2018.01.20-16.11.41:734][  0]LogEditorServer: Finished looking for orphan Actors (0.000 secs)
[2018.01.20-16.11.41:784][  0]Cmd: MAP CHECKDEP NOCLEARLOG
[2018.01.20-16.11.41:881][  0]MapCheck: Map check complete: 0 Error(s), 0 Warning(s), took 97.178ms to complete.
[2018.01.20-16.11.41:881][  0]LogFileHelpers: Loading map 'ThirdPersonExampleMap' took 1.118
[2018.01.20-16.11.42:066][  0]LogCollectionManager: Loaded 0 collections in 0.002844 seconds
[2018.01.20-16.11.42:162][  0]LogFileCache: Scanning file cache for directory 'D:/InnovationChallenge/HelloPlayer/Saved/Collections/' took 0.01s
[2018.01.20-16.11.42:162][  0]LogFileCache: Scanning file cache for directory 'D:/InnovationChallenge/HelloPlayer/Content/Developers/shadowleaf/Collections/' took 0.01s
[2018.01.20-16.11.42:162][  0]LogFileCache: Scanning file cache for directory 'D:/InnovationChallenge/HelloPlayer/Content/Collections/' took 0.01s
[2018.01.20-16.11.42:162][  0]LogCollectionManager: Rebuilt the GUID cache for 0 collections in 0.000000 seconds
[2018.01.20-16.11.42:172][  0]LogContentBrowser: Native class hierarchy populated in 0.0095 seconds. Added 2365 classes and 521 folders.
[2018.01.20-16.11.42:254][  0]LogContentBrowser: Native class hierarchy updated for 'WidgetCarousel' in 0.0008 seconds. Added 0 classes and 0 folders.
[2018.01.20-16.11.43:734][  0]LogContentBrowser: Native class hierarchy updated for 'AddContentDialog' in 0.0008 seconds. Added 0 classes and 0 folders.
[2018.01.20-16.11.43:797][  0]LogContentBrowser: Native class hierarchy updated for 'SceneOutliner' in 0.0008 seconds. Added 1 classes and 2 folders.
[2018.01.20-16.11.43:913][  0]LogSlate: Took 0.000281 seconds to synchronously load lazily loaded font '../../../Engine/Content/Slate/Fonts/Roboto-Regular.ttf' (155K)
[2018.01.20-16.11.43:915][  0]LogSlate: Took 0.000229 seconds to synchronously load lazily loaded font '../../../Engine/Content/Slate/Fonts/Roboto-Bold.ttf' (160K)
[2018.01.20-16.11.43:931][  0]LogSlate: Took 0.010451 seconds to synchronously load lazily loaded font '../../../Engine/Content/Editor/Slate/Fonts/FontAwesome.ttf' (139K)
[2018.01.20-16.11.44:091][  0]LogRenderer: Reallocating scene render targets to support 1208x704 Format 9 NumSamples 1 (Frame:1).
[2018.01.20-16.11.44:508][  0]LogContentBrowser: Native class hierarchy updated for 'HierarchicalLODOutliner' in 0.0009 seconds. Added 1 classes and 2 folders.
[2018.01.20-16.11.44:508][  0]LogLoad: (Engine Initialization) Total time: 27.89 seconds
[2018.01.20-16.11.44:508][  0]LogLoad: (Engine Initialization) Total Blueprint compile time: 0.00 seconds
[2018.01.20-16.11.44:508][  0]LogExternalProfiler: No external profilers were discovered.  External profiling features will not be available.
[2018.01.20-16.11.44:519][  0]LogWindowsTextInputMethodSystem: Display: IME system now deactivated.
[2018.01.20-16.11.44:539][  0]LogContentStreaming: Texture pool size now 600 MB
[2018.01.20-16.11.44:607][  0]LogSlate: Took 0.000241 seconds to synchronously load lazily loaded font '../../../Engine/Content/Slate/Fonts/Roboto-Light.ttf' (159K)
[2018.01.20-16.11.44:840][  3]LogAssetRegistry: Asset discovery search completed in 17.5971 seconds
[2018.01.20-16.11.44:847][  3]LogCollectionManager: Rebuilt the object cache for 0 collections in 0.000000 seconds (found 0 objects)
[2018.01.20-16.11.44:847][  3]LogCollectionManager: Fixed up redirectors for 0 collections in 0.000053 seconds (updated 0 objects)
[2018.01.20-16.11.48:140][187]MapCheck: New page: Map Check
[2018.01.20-16.11.48:163][187]Cmd: MAP REBUILD ALLVISIBLE
[2018.01.20-16.11.48:163][187]LogEditorServer: Rebuildmap Clear paths rebuilt
[2018.01.20-16.11.48:345][187]LogMaterial: Missing cached shader map for material FDebugViewModeMaterialProxy WorldGridMaterial, compiling. Is special engine material.
[2018.01.20-16.11.48:352][187]LogMaterial: Missing cached shader map for material FDebugViewModeMaterialProxy MaterialInstanceDynamic_1, compiling. 
[2018.01.20-16.11.48:358][187]LogMaterial: Missing cached shader map for material FDebugViewModeMaterialProxy CubeMaterial, compiling. 
[2018.01.20-16.11.48:364][187]LogMaterial: Missing cached shader map for material FDebugViewModeMaterialProxy HelpActorMaterial, compiling. 
[2018.01.20-16.11.48:370][187]LogMaterial: Missing cached shader map for material FDebugViewModeMaterialProxy RampMaterial, compiling. 
[2018.01.20-16.11.48:393][187]LogMaterial: Missing cached shader map for material FDebugViewModeMaterialProxy DefaultTextMaterialOpaque, compiling. 
[2018.01.20-16.11.48:401][187]LogMaterial: Missing cached shader map for material FDebugViewModeMaterialProxy M_UE4Man_Body, compiling. 
[2018.01.20-16.11.48:424][187]LogMaterial: Missing cached shader map for material FDebugViewModeMaterialProxy M_UE4Man_ChestLogo, compiling. 
[2018.01.20-16.11.48:483][187]LogMaterial: Missing cached shader map for material FDebugViewModeMaterialProxy MatineeCam_mat, compiling. 
[2018.01.20-16.11.49:373][187]TextureStreamingBuild: Display: Compiling optional shaders took 1.034 seconds.
[2018.01.20-16.11.49:374][187]LogLevel: Display: Export Material TexCoord Scales took 0.001 seconds.
[2018.01.20-16.11.49:380][187]TextureStreamingBuild: Display: Build Texture Streaming took 0.005 seconds.
[2018.01.20-16.11.49:390][187]LightingResults: New page: Lighting Build - Jan 21, 2018, 3:11:49 AM
[2018.01.20-16.11.49:830][187]LogSwarmInterface: [OpenConnection] Registering TCP channel ...
[2018.01.20-16.11.49:988][187]LogSwarmInterface: [OpenConnection] Connecting to agent ...
[2018.01.20-16.11.50:004][187]LogSwarmInterface: [TryOpenConnection] Testing the Agent
[2018.01.20-16.11.51:060][187]LogSwarmInterface: [TryOpenConnection] Opening Connection to Agent
[2018.01.20-16.11.51:060][187]LogSwarmInterface: [TryOpenConnection] Local Process ID is 9572
[2018.01.20-16.11.58:924][187]LogStaticLightingSystem: Running Lightmass w/ ImmediateImport mode ENABLED
[2018.01.20-16.11.58:924][187]LogStaticLightingSystem: Running Lightmass w/ ImmediateProcess mode ENABLED
[2018.01.20-16.11.58:924][187]LogStaticLightingSystem: Running Lightmass w/ Sorting mode ENABLED
[2018.01.20-16.11.58:924][187]LogStaticLightingSystem: Running Lightmass w/ Mapping paddings ENABLED
[2018.01.20-16.11.58:924][187]LogStaticLightingSystem: Running Lightmass w/ Mapping debug paddings DISABLED
[2018.01.20-16.11.59:415][187]Cmd: MAP CHECK DONTDISPLAYDIALOG
[2018.01.20-16.11.59:415][187]MapCheck: New page: ThirdPersonExampleMap - Jan 21, 2018, 3:11:59 AM
[2018.01.20-16.11.59:525][187]MapCheck: Map check complete: 0 Error(s), 0 Warning(s), took 109.878ms to complete.
[2018.01.20-16.11.59:548][187]LogEditorBuildUtils: Build time 0:11
[2018.01.20-16.11.59:700][188]LogMaterial: Missing cached shader map for material FLightmassMaterialRenderer CubeMaterial, compiling. 
[2018.01.20-16.11.59:719][188]LogMaterial: Missing cached shader map for material FLightmassMaterialRenderer CubeMaterial, compiling. 
[2018.01.20-16.11.59:852][189]LogMaterial: Missing cached shader map for material FLightmassMaterialRenderer RampMaterial, compiling. 
[2018.01.20-16.11.59:865][189]LogMaterial: Missing cached shader map for material FLightmassMaterialRenderer RampMaterial, compiling. 
[2018.01.20-16.12.08:551][217]Job is a success!
[2018.01.20-16.12.08:926][218]LogSlate: Took 0.000469 seconds to synchronously load lazily loaded font '../../../Engine/Content/Slate/Fonts/Roboto-Light.ttf' (159K)
[2018.01.20-16.12.09:205][218]LogVolumetricLightmapImport: Imported Volumetric Lightmap in 0.039s
[2018.01.20-16.12.09:205][218]LogVolumetricLightmapImport:      Indirection Texture 16x16x16 = 0.0Mb
[2018.01.20-16.12.09:206][218]LogVolumetricLightmapImport:      BrickData 245x5x5 = 0.2Mb
[2018.01.20-16.12.09:206][218]LogVolumetricLightmapImport:      Bricks at Level
[2018.01.20-16.12.09:206][218]LogVolumetricLightmapImport:          0: 2.0% covering 100.0% of volume
[2018.01.20-16.12.09:206][218]LogVolumetricLightmapImport:          1: 8.2% covering 6.3% of volume
[2018.01.20-16.12.09:206][218]LogVolumetricLightmapImport:          2: 89.8% covering 1.1% of volume
[2018.01.20-16.12.10:656][218]LogTexture: Display: Building textures: HQ_Lightmap1_1 (AutoDXT, 1024X1024)
[2018.01.20-16.12.10:657][218]LogTexture: Display: Building textures: SkyOcclusion1_1 (AutoDXT, 1024X512)
[2018.01.20-16.12.10:657][218]LogTexture: Display: Building textures: LQ_Lightmap_1_1 (DXT1, 1024X1024)
[2018.01.20-16.12.10:657][218]LogTexture: Display: Building textures: SkyOcclusion1_2 (AutoDXT, 512X256)
[2018.01.20-16.12.10:657][218]LogTexture: Display: Building textures: HQ_Lightmap1_2 (AutoDXT, 512X512)
[2018.01.20-16.12.10:657][218]LogTexture: Display: Building textures: LQ_Lightmap_1_2 (DXT1, 512X512)
[2018.01.20-16.12.10:657][218]LogTexture: Display: Building textures: SkyOcclusion1_3 (AutoDXT, 64X32)
[2018.01.20-16.12.10:657][218]LogTexture: Display: Building textures: HQ_Lightmap1_3 (AutoDXT, 64X64)
[2018.01.20-16.12.10:657][218]LogTexture: Display: Building textures: LQ_Lightmap_1_3 (DXT1, 64X64)
[2018.01.20-16.12.10:856][218]LogTexture: Display: Building textures: ShadowMapTexture2D_3 (G8, 32X32)
[2018.01.20-16.12.10:973][218]LogTexture: Display: Building textures: ShadowMapTexture2D_2 (G8, 1024X1024)
[2018.01.20-16.12.11:014][218]Lightmass on SHADOWLEAF-PC: 7.94 sec total, 472 ms importing, 45 ms setup, 993 ms photons, 6.19 sec processing, 0 ms extra exporting [12/12 mappings]. Threads: 24.7 sec total, 8.20 sec processing.
[2018.01.20-16.12.11:022][218]LogStaticLightingSystem: Illumination: 21.2 sec (1.39 sec encoding lightmaps, 304 ms encoding shadowmaps)
[2018.01.20-16.12.11:022][218]LogStaticLightingSystem: Lightmap texture memory:  3.3 MB (3.3 MB streaming, 0.0 MB non-streaming), 6 textures
[2018.01.20-16.12.11:022][218]LogStaticLightingSystem: Shadowmap texture memory: 1.3 MB (1.3 MB streaming, 0.0 MB non-streaming), 2 textures
[2018.01.20-16.12.11:933][218]DumpUnbuiltLightIteractions
[2018.01.20-16.12.11:933][218]Lights with unbuilt interactions: 0
[2018.01.20-16.12.11:933][218]
[2018.01.20-16.12.11:933][218]Primitives with unbuilt interactions: 0
[2018.01.20-16.12.11:949][219]Cmd: MAP CHECK NOTIFYRESULTS
[2018.01.20-16.12.11:949][219]MapCheck: New page: ThirdPersonExampleMap - Jan 21, 2018, 3:12:11 AM
[2018.01.20-16.12.12:081][219]MapCheck: Map check complete: 0 Error(s), 0 Warning(s), took 131.976ms to complete.
[2018.01.20-16.12.12:750][221]LogEditorViewport: Clicking on Actor (context menu): StaticMeshActor (Floor)
[2018.01.20-16.12.14:118][295]LogBlueprintUserMessages: Early PlayInEditor Detection: Level '/Game/ThirdPersonCPP/Maps/ThirdPersonExampleMap.ThirdPersonExampleMap:PersistentLevel' has LevelScriptBlueprint '/Game/ThirdPersonCPP/Maps/ThirdPersonExampleMap.ThirdPersonExampleMap:PersistentLevel.ThirdPersonExampleMap' with GeneratedClass '/Game/ThirdPersonCPP/Maps/ThirdPersonExampleMap.ThirdPersonExampleMap_C' with ClassGeneratedBy '/Game/ThirdPersonCPP/Maps/ThirdPersonExampleMap.ThirdPersonExampleMap:PersistentLevel.ThirdPersonExampleMap'
[2018.01.20-16.12.14:118][295]LogPlayLevel: PlayLevel: No blueprints needed recompiling
[2018.01.20-16.12.14:118][295]PIE: New page: PIE session: ThirdPersonExampleMap (Jan 21, 2018, 3:12:14 AM)
[2018.01.20-16.12.14:118][295]LogPlayLevel: Creating play world package: /Game/ThirdPersonCPP/Maps/UEDPIE_0_ThirdPersonExampleMap
[2018.01.20-16.12.14:155][295]LogPlayLevel: PIE: StaticDuplicateObject took: (0.036930s)
[2018.01.20-16.12.14:157][295]LogAIModule: Creating AISystem for world ThirdPersonExampleMap
[2018.01.20-16.12.14:157][295]LogPlayLevel: PIE: World Init took: (0.001444s)
[2018.01.20-16.12.14:157][295]LogPlayLevel: PIE: Created PIE world by copying editor world from /Game/ThirdPersonCPP/Maps/ThirdPersonExampleMap.ThirdPersonExampleMap to /Game/ThirdPersonCPP/Maps/UEDPIE_0_ThirdPersonExampleMap.ThirdPersonExampleMap (0.038787s)
[2018.01.20-16.12.14:175][295]LogInit: XAudio2 using 'Realtek HD Audio 2nd output (Realtek High Definition Audio)' : 2 channels at 48 kHz using 32 bits per sample (channel mask 0x3)
[2018.01.20-16.12.14:187][295]LogInit: FAudioDevice initialized.
[2018.01.20-16.12.14:236][295]LogLoad: Game class is 'HelloPlayerGameMode'
[2018.01.20-16.12.14:239][295]LogWorld: Bringing World /Game/ThirdPersonCPP/Maps/UEDPIE_0_ThirdPersonExampleMap.ThirdPersonExampleMap up for play (max tick rate 0) at 2018.01.20-21.42.14
[2018.01.20-16.12.14:239][295]LogWorld: Bringing up level for play took: 0.001941
[2018.01.20-16.12.14:297][295]LogContentBrowser: Native class hierarchy updated for 'MovieSceneCapture' in 0.0009 seconds. Added 11 classes and 0 folders.
[2018.01.20-16.12.14:298][295]PIE: Play in editor start time for /Game/ThirdPersonCPP/Maps/UEDPIE_0_ThirdPersonExampleMap 1.12
[2018.01.20-16.12.14:298][295]LogBlueprintUserMessages: Late PlayInEditor Detection: Level '/Game/ThirdPersonCPP/Maps/ThirdPersonExampleMap.ThirdPersonExampleMap:PersistentLevel' has LevelScriptBlueprint '/Game/ThirdPersonCPP/Maps/ThirdPersonExampleMap.ThirdPersonExampleMap:PersistentLevel.ThirdPersonExampleMap' with GeneratedClass '/Game/ThirdPersonCPP/Maps/ThirdPersonExampleMap.ThirdPersonExampleMap_C' with ClassGeneratedBy '/Game/ThirdPersonCPP/Maps/ThirdPersonExampleMap.ThirdPersonExampleMap:PersistentLevel.ThirdPersonExampleMap'
[2018.01.20-16.12.19:755][763]LogBlueprintUserMessages: Early EndPlayMap Detection: Level '/Game/ThirdPersonCPP/Maps/ThirdPersonExampleMap.ThirdPersonExampleMap:PersistentLevel' has LevelScriptBlueprint '/Game/ThirdPersonCPP/Maps/ThirdPersonExampleMap.ThirdPersonExampleMap:PersistentLevel.ThirdPersonExampleMap' with GeneratedClass '/Game/ThirdPersonCPP/Maps/ThirdPersonExampleMap.ThirdPersonExampleMap_C' with ClassGeneratedBy '/Game/ThirdPersonCPP/Maps/ThirdPersonExampleMap.ThirdPersonExampleMap:PersistentLevel.ThirdPersonExampleMap'
[2018.01.20-16.12.19:794][763]LogBlueprintUserMessages: Late EndPlayMap Detection: Level '/Game/ThirdPersonCPP/Maps/ThirdPersonExampleMap.ThirdPersonExampleMap:PersistentLevel' has LevelScriptBlueprint '/Game/ThirdPersonCPP/Maps/ThirdPersonExampleMap.ThirdPersonExampleMap:PersistentLevel.ThirdPersonExampleMap' with GeneratedClass '/Game/ThirdPersonCPP/Maps/ThirdPersonExampleMap.ThirdPersonExampleMap_C' with ClassGeneratedBy '/Game/ThirdPersonCPP/Maps/ThirdPersonExampleMap.ThirdPersonExampleMap:PersistentLevel.ThirdPersonExampleMap'
[2018.01.20-16.12.22:214][885]Cmd: STAT FPS
[2018.01.20-16.12.23:530][946]LogEditorViewport: Clicking on Actor (context menu): StaticMeshActor (Floor)
[2018.01.20-16.12.24:790][997]LogEditorViewport: Clicking on Actor (context menu): StaticMeshActor (LeftArm_StaticMesh)
[2018.01.20-16.12.26:073][ 45]LogBlueprintUserMessages: Early PlayInEditor Detection: Level '/Game/ThirdPersonCPP/Maps/ThirdPersonExampleMap.ThirdPersonExampleMap:PersistentLevel' has LevelScriptBlueprint '/Game/ThirdPersonCPP/Maps/ThirdPersonExampleMap.ThirdPersonExampleMap:PersistentLevel.ThirdPersonExampleMap' with GeneratedClass '/Game/ThirdPersonCPP/Maps/ThirdPersonExampleMap.ThirdPersonExampleMap_C' with ClassGeneratedBy '/Game/ThirdPersonCPP/Maps/ThirdPersonExampleMap.ThirdPersonExampleMap:PersistentLevel.ThirdPersonExampleMap'
[2018.01.20-16.12.26:073][ 45]LogPlayLevel: PlayLevel: No blueprints needed recompiling
[2018.01.20-16.12.26:074][ 45]PIE: New page: PIE session: ThirdPersonExampleMap (Jan 21, 2018, 3:12:26 AM)
[2018.01.20-16.12.26:074][ 45]LogPlayLevel: Creating play world package: /Game/ThirdPersonCPP/Maps/UEDPIE_0_ThirdPersonExampleMap
[2018.01.20-16.12.26:098][ 45]LogPlayLevel: PIE: StaticDuplicateObject took: (0.024425s)
[2018.01.20-16.12.26:099][ 45]LogAIModule: Creating AISystem for world ThirdPersonExampleMap
[2018.01.20-16.12.26:100][ 45]LogPlayLevel: PIE: World Init took: (0.001408s)
[2018.01.20-16.12.26:100][ 45]LogPlayLevel: PIE: Created PIE world by copying editor world from /Game/ThirdPersonCPP/Maps/ThirdPersonExampleMap.ThirdPersonExampleMap to /Game/ThirdPersonCPP/Maps/UEDPIE_0_ThirdPersonExampleMap.ThirdPersonExampleMap (0.026389s)
[2018.01.20-16.12.26:118][ 45]LogInit: XAudio2 using 'Realtek HD Audio 2nd output (Realtek High Definition Audio)' : 2 channels at 48 kHz using 32 bits per sample (channel mask 0x3)
[2018.01.20-16.12.26:128][ 45]LogInit: FAudioDevice initialized.
[2018.01.20-16.12.26:161][ 45]LogLoad: Game class is 'HelloPlayerGameMode'
[2018.01.20-16.12.26:163][ 45]LogWorld: Bringing World /Game/ThirdPersonCPP/Maps/UEDPIE_0_ThirdPersonExampleMap.ThirdPersonExampleMap up for play (max tick rate 0) at 2018.01.20-21.42.26
[2018.01.20-16.12.26:163][ 45]LogWorld: Bringing up level for play took: 0.001574
[2018.01.20-16.12.26:164][ 45]PIE: Play in editor start time for /Game/ThirdPersonCPP/Maps/UEDPIE_0_ThirdPersonExampleMap 0.986
[2018.01.20-16.12.26:165][ 45]LogBlueprintUserMessages: Late PlayInEditor Detection: Level '/Game/ThirdPersonCPP/Maps/ThirdPersonExampleMap.ThirdPersonExampleMap:PersistentLevel' has LevelScriptBlueprint '/Game/ThirdPersonCPP/Maps/ThirdPersonExampleMap.ThirdPersonExampleMap:PersistentLevel.ThirdPersonExampleMap' with GeneratedClass '/Game/ThirdPersonCPP/Maps/ThirdPersonExampleMap.ThirdPersonExampleMap_C' with ClassGeneratedBy '/Game/ThirdPersonCPP/Maps/ThirdPersonExampleMap.ThirdPersonExampleMap:PersistentLevel.ThirdPersonExampleMap'
[2018.01.20-16.12.34:145][740]LogBlueprintUserMessages: Early EndPlayMap Detection: Level '/Game/ThirdPersonCPP/Maps/ThirdPersonExampleMap.ThirdPersonExampleMap:PersistentLevel' has LevelScriptBlueprint '/Game/ThirdPersonCPP/Maps/ThirdPersonExampleMap.ThirdPersonExampleMap:PersistentLevel.ThirdPersonExampleMap' with GeneratedClass '/Game/ThirdPersonCPP/Maps/ThirdPersonExampleMap.ThirdPersonExampleMap_C' with ClassGeneratedBy '/Game/ThirdPersonCPP/Maps/ThirdPersonExampleMap.ThirdPersonExampleMap:PersistentLevel.ThirdPersonExampleMap'
[2018.01.20-16.12.34:186][740]LogBlueprintUserMessages: Late EndPlayMap Detection: Level '/Game/ThirdPersonCPP/Maps/ThirdPersonExampleMap.ThirdPersonExampleMap:PersistentLevel' has LevelScriptBlueprint '/Game/ThirdPersonCPP/Maps/ThirdPersonExampleMap.ThirdPersonExampleMap:PersistentLevel.ThirdPersonExampleMap' with GeneratedClass '/Game/ThirdPersonCPP/Maps/ThirdPersonExampleMap.ThirdPersonExampleMap_C' with ClassGeneratedBy '/Game/ThirdPersonCPP/Maps/ThirdPersonExampleMap.ThirdPersonExampleMap:PersistentLevel.ThirdPersonExampleMap'
[2018.01.20-16.12.39:548][ 11]LogActorFactory: Actor Factory created Sphere
[2018.01.20-16.12.42:804][168]LogActorFactory: Actor Factory created Plane
[2018.01.20-16.12.50:005][563]LogActorFactory: Actor Factory created Cylinder
[2018.01.20-16.13.00:674][111]LogActorFactory: Actor Factory created Sphere
[2018.01.20-16.13.27:730][483]LogEditor: Attempting to add actor of class 'CameraRig_Crane' to level at 1050.00,-70.00,530.00
[2018.01.20-16.13.30:611][634]LogEditor: Attempting to add actor of class 'CineCameraActor' to level at 1050.00,-100.00,450.00
[2018.01.20-16.13.32:645][731]LogEditor: Attempting to add actor of class 'CameraRig_Rail' to level at 1050.00,-40.00,500.00
[2018.01.20-16.13.38:681][ 52]LogActorFactory: Actor Factory created Plane
[2018.01.20-16.13.40:401][139]LogEditor: Attempting to add actor of class 'HelloPlayerCharacter' to level at 990.60,-80.00,420.00
[2018.01.20-16.13.47:855][474]LogActorComponent: UnregisterComponent: (/Engine/Transient.SphereBrushComponent) Not registered. Aborting.
[2018.01.20-16.13.47:869][474]LogTexture: Display: Building textures: Texture2D_2 (G8, 128X128)
