Log file open, 01/11/18 21:30:07
LogWindows: Failed to load 'aqProf.dll' (GetLastError=126)
LogWindows: File 'aqProf.dll' does not exist
LogWindows: Failed to load 'VSPerf140.dll' (GetLastError=126)
LogWindows: File 'VSPerf140.dll' does not exist
LogWindows: Failed to load 'VtuneApi.dll' (GetLastError=126)
LogWindows: File 'VtuneApi.dll' does not exist
LogWindows: Failed to load 'VtuneApi32e.dll' (GetLastError=126)
LogWindows: File 'VtuneApi32e.dll' does not exist
LogInit: Display: Running engine for game: InnovationChallenge
LogPlatformFile: Not using cached read wrapper
LogInit: Display: RandInit(-1960095698) SRandInit(-1960095698).
LogInit: Read version file with build ID '3709383'
LogInit: Overriding engine version to CL 3794801, compatible CL 3709383
LogInit: Registered custom module enumerator with build ID '3709383'
LogTaskGraph: Started task graph with 5 named threads and 14 total threads with 3 sets of task threads.
LogStats: Stats thread started at 0.181027
LogD3D11RHI: Aftermath initialized
LogModuleManager: Display: Found up-to-date module file ../../../Engine/Plugins/2D/Paper2D/Binaries/Win64/UE4Editor-Paper2D.dll (API version 3709383).
LogModuleManager: Display: Found up-to-date module file ../../../Engine/Plugins/2D/Paper2D/Binaries/Win64/UE4Editor-Paper2DEditor.dll (API version 3709383).
LogModuleManager: Display: Found up-to-date module file ../../../Engine/Plugins/2D/Paper2D/Binaries/Win64/UE4Editor-PaperSpriteSheetImporter.dll (API version 3709383).
LogModuleManager: Display: Found up-to-date module file ../../../Engine/Plugins/2D/Paper2D/Binaries/Win64/UE4Editor-PaperTiledImporter.dll (API version 3709383).
LogModuleManager: Display: Found up-to-date module file ../../../Engine/Plugins/2D/Paper2D/Binaries/Win64/UE4Editor-SmartSnapping.dll (API version 3709383).
LogModuleManager: Display: Found up-to-date module file ../../../Engine/Plugins/Blendables/LightPropagationVolume/Binaries/Win64/UE4Editor-LightPropagationVolumeRuntime.dll (API version 3709383).
LogModuleManager: Display: Found up-to-date module file ../../../Engine/Plugins/Blendables/LightPropagationVolume/Binaries/Win64/UE4Editor-LightPropagationVolumeEditor.dll (API version 3709383).
LogModuleManager: Display: Found up-to-date module file ../../../Engine/Plugins/Developer/GitSourceControl/Binaries/Win64/UE4Editor-GitSourceControl.dll (API version 3709383).
LogModuleManager: Display: Found up-to-date module file ../../../Engine/Plugins/Developer/PerforceSourceControl/Binaries/Win64/UE4Editor-PerforceSourceControl.dll (API version 3709383).
LogModuleManager: Display: Found up-to-date module file ../../../Engine/Plugins/Developer/SubversionSourceControl/Binaries/Win64/UE4Editor-SubversionSourceControl.dll (API version 3709383).
LogModuleManager: Display: Found up-to-date module file ../../../Engine/Plugins/Developer/UObjectPlugin/Binaries/Win64/UE4Editor-UObjectPlugin.dll (API version 3709383).
LogModuleManager: Display: Found up-to-date module file ../../../Engine/Plugins/Developer/VisualStudioCodeSourceCodeAccess/Binaries/Win64/UE4Editor-VisualStudioCodeSourceCodeAccess.dll (API version 3709383).
LogModuleManager: Display: Found up-to-date module file ../../../Engine/Plugins/Developer/VisualStudioSourceCodeAccess/Binaries/Win64/UE4Editor-VisualStudioSourceCodeAccess.dll (API version 3709383).
LogModuleManager: Display: Found up-to-date module file ../../../Engine/Plugins/Editor/AssetManagerEditor/Binaries/Win64/UE4Editor-AssetManagerEditor.dll (API version 3709383).
LogModuleManager: Display: Found up-to-date module file ../../../Engine/Plugins/Editor/AudioCapture/Binaries/Win64/UE4Editor-AudioCapture.dll (API version 3709383).
LogModuleManager: Display: Found up-to-date module file ../../../Engine/Plugins/Editor/FacialAnimation/Binaries/Win64/UE4Editor-FacialAnimation.dll (API version 3709383).
LogModuleManager: Display: Found up-to-date module file ../../../Engine/Plugins/Editor/FacialAnimation/Binaries/Win64/UE4Editor-FacialAnimationEditor.dll (API version 3709383).
LogModuleManager: Display: Found up-to-date module file ../../../Engine/Plugins/Editor/GameplayTagsEditor/Binaries/Win64/UE4Editor-GameplayTagsEditor.dll (API version 3709383).
LogModuleManager: Display: Found up-to-date module file ../../../Engine/Plugins/Editor/MobileLauncherProfileWizard/Binaries/Win64/UE4Editor-MobileLauncherProfileWizard.dll (API version 3709383).
LogModuleManager: Display: Found up-to-date module file ../../../Engine/Plugins/Editor/PluginBrowser/Binaries/Win64/UE4Editor-PluginBrowser.dll (API version 3709383).
LogModuleManager: Display: Found up-to-date module file ../../../Engine/Plugins/Editor/SpeedTreeImporter/Binaries/Win64/UE4Editor-SpeedTreeImporter.dll (API version 3709383).
LogModuleManager: Display: Found up-to-date module file ../../../Engine/Plugins/Experimental/AlembicImporter/Binaries/Win64/UE4Editor-AlembicImporter.dll (API version 3709383).
LogModuleManager: Display: Found up-to-date module file ../../../Engine/Plugins/Experimental/AlembicImporter/Binaries/Win64/UE4Editor-AlembicLibrary.dll (API version 3709383).
LogModuleManager: Display: Found up-to-date module file ../../../Engine/Plugins/Experimental/CharacterAI/Binaries/Win64/UE4Editor-CharacterAI.dll (API version 3709383).
LogModuleManager: Display: Found up-to-date module file ../../../Engine/Plugins/Experimental/HTML5Networking/Binaries/Win64/UE4Editor-HTML5Networking.dll (API version 3709383).
LogModuleManager: Display: Found up-to-date module file ../../../Engine/Plugins/Media/AndroidMedia/Binaries/Win64/UE4Editor-AndroidMediaEditor.dll (API version 3709383).
LogModuleManager: Display: Found up-to-date module file ../../../Engine/Plugins/Media/AndroidMedia/Binaries/Win64/UE4Editor-AndroidMediaFactory.dll (API version 3709383).
LogModuleManager: Display: Found up-to-date module file ../../../Engine/Plugins/Media/AvfMedia/Binaries/Win64/UE4Editor-AvfMediaEditor.dll (API version 3709383).
LogModuleManager: Display: Found up-to-date module file ../../../Engine/Plugins/Media/AvfMedia/Binaries/Win64/UE4Editor-AvfMediaFactory.dll (API version 3709383).
LogModuleManager: Display: Found up-to-date module file ../../../Engine/Plugins/Media/AvfMedia/Binaries/Win64/UE4Editor-AvfMediaFactory.dll (API version 3709383).
LogModuleManager: Display: Found up-to-date module file ../../../Engine/Plugins/Media/ImgMedia/Binaries/Win64/UE4Editor-ImgMedia.dll (API version 3709383).
LogModuleManager: Display: Found up-to-date module file ../../../Engine/Plugins/Media/ImgMedia/Binaries/Win64/UE4Editor-ImgMediaEditor.dll (API version 3709383).
LogModuleManager: Display: Found up-to-date module file ../../../Engine/Plugins/Media/ImgMedia/Binaries/Win64/UE4Editor-ImgMediaFactory.dll (API version 3709383).
LogModuleManager: Display: Found up-to-date module file ../../../Engine/Plugins/Media/ImgMedia/Binaries/Win64/UE4Editor-ImgMediaFactory.dll (API version 3709383).
LogModuleManager: Display: Found up-to-date module file ../../../Engine/Plugins/Media/ImgMedia/Binaries/Win64/UE4Editor-OpenExrWrapper.dll (API version 3709383).
LogModuleManager: Display: Found up-to-date module file ../../../Engine/Plugins/Media/MediaCompositing/Binaries/Win64/UE4Editor-MediaCompositing.dll (API version 3709383).
LogModuleManager: Display: Found up-to-date module file ../../../Engine/Plugins/Media/MediaCompositing/Binaries/Win64/UE4Editor-MediaCompositingEditor.dll (API version 3709383).
LogModuleManager: Display: Found up-to-date module file ../../../Engine/Plugins/Media/MediaPlayerEditor/Binaries/Win64/UE4Editor-MediaPlayerEditor.dll (API version 3709383).
LogModuleManager: Display: Found up-to-date module file ../../../Engine/Plugins/Media/WmfMedia/Binaries/Win64/UE4Editor-WmfMedia.dll (API version 3709383).
LogModuleManager: Display: Found up-to-date module file ../../../Engine/Plugins/Media/WmfMedia/Binaries/Win64/UE4Editor-WmfMediaEditor.dll (API version 3709383).
LogModuleManager: Display: Found up-to-date module file ../../../Engine/Plugins/Media/WmfMedia/Binaries/Win64/UE4Editor-WmfMediaFactory.dll (API version 3709383).
LogModuleManager: Display: Found up-to-date module file ../../../Engine/Plugins/Media/WmfMedia/Binaries/Win64/UE4Editor-WmfMediaFactory.dll (API version 3709383).
LogModuleManager: Display: Found up-to-date module file ../../../Engine/Plugins/Messaging/TcpMessaging/Binaries/Win64/UE4Editor-TcpMessaging.dll (API version 3709383).
LogModuleManager: Display: Found up-to-date module file ../../../Engine/Plugins/Messaging/UdpMessaging/Binaries/Win64/UE4Editor-UdpMessaging.dll (API version 3709383).
LogModuleManager: Display: Found up-to-date module file ../../../Engine/Plugins/MovieScene/ActorSequence/Binaries/Win64/UE4Editor-ActorSequence.dll (API version 3709383).
LogModuleManager: Display: Found up-to-date module file ../../../Engine/Plugins/MovieScene/LevelSequenceEditor/Binaries/Win64/UE4Editor-LevelSequenceEditor.dll (API version 3709383).
LogModuleManager: Display: Found up-to-date module file ../../../Engine/Plugins/MovieScene/MatineeToLevelSequence/Binaries/Win64/UE4Editor-MatineeToLevelSequence.dll (API version 3709383).
LogModuleManager: Display: Found up-to-date module file ../../../Engine/Plugins/Online/OnlineSubsystem/Binaries/Win64/UE4Editor-OnlineSubsystem.dll (API version 3709383).
LogModuleManager: Display: Found up-to-date module file ../../../Engine/Plugins/Runtime/AndroidPermission/Binaries/Win64/UE4Editor-AndroidPermission.dll (API version 3709383).
LogModuleManager: Display: Found up-to-date module file ../../../Engine/Plugins/Online/OnlineSubsystemNull/Binaries/Win64/UE4Editor-OnlineSubsystemNull.dll (API version 3709383).
LogModuleManager: Display: Found up-to-date module file ../../../Engine/Plugins/Online/OnlineSubsystemUtils/Binaries/Win64/UE4Editor-OnlineSubsystemUtils.dll (API version 3709383).
LogModuleManager: Display: Found up-to-date module file ../../../Engine/Plugins/Online/OnlineSubsystemUtils/Binaries/Win64/UE4Editor-OnlineBlueprintSupport.dll (API version 3709383).
LogModuleManager: Display: Found up-to-date module file ../../../Engine/Plugins/Runtime/AndroidDeviceProfileSelector/Binaries/Win64/UE4Editor-AndroidDeviceProfileSelector.dll (API version 3709383).
LogModuleManager: Display: Found up-to-date module file ../../../Engine/Plugins/Runtime/AppleARKit/Binaries/Win64/UE4Editor-AppleARKit.dll (API version 3709383).
LogModuleManager: Display: Found up-to-date module file ../../../Engine/Plugins/Runtime/ArchVisCharacter/Binaries/Win64/UE4Editor-ArchVisCharacter.dll (API version 3709383).
LogModuleManager: Display: Found up-to-date module file ../../../Engine/Plugins/Runtime/CableComponent/Binaries/Win64/UE4Editor-CableComponent.dll (API version 3709383).
LogModuleManager: Display: Found up-to-date module file ../../../Engine/Plugins/Runtime/CustomMeshComponent/Binaries/Win64/UE4Editor-CustomMeshComponent.dll (API version 3709383).
LogModuleManager: Display: Found up-to-date module file ../../../Engine/Plugins/Runtime/ExampleDeviceProfileSelector/Binaries/Win64/UE4Editor-ExampleDeviceProfileSelector.dll (API version 3709383).
LogModuleManager: Display: Found up-to-date module file ../../../Engine/Plugins/Runtime/ImmediatePhysics/Binaries/Win64/UE4Editor-ImmediatePhysics.dll (API version 3709383).
LogModuleManager: Display: Found up-to-date module file ../../../Engine/Plugins/Runtime/ImmediatePhysics/Binaries/Win64/UE4Editor-ImmediatePhysicsEditor.dll (API version 3709383).
LogModuleManager: Display: Found up-to-date module file ../../../Engine/Plugins/Runtime/LocationServicesBPLibrary/Binaries/Win64/UE4Editor-LocationServicesBPLibrary.dll (API version 3709383).
LogModuleManager: Display: Found up-to-date module file ../../../Engine/Plugins/Runtime/MobilePatchingUtils/Binaries/Win64/UE4Editor-MobilePatchingUtils.dll (API version 3709383).
LogModuleManager: Display: Found up-to-date module file ../../../Engine/Plugins/Runtime/Oculus/OculusVR/Binaries/Win64/UE4Editor-OculusHMD.dll (API version 3709383).
LogModuleManager: Display: Found up-to-date module file ../../../Engine/Plugins/Runtime/Oculus/OculusVR/Binaries/Win64/UE4Editor-OculusInput.dll (API version 3709383).
LogModuleManager: Display: Found up-to-date module file ../../../Engine/Plugins/Runtime/Oculus/OculusVR/Binaries/Win64/UE4Editor-OculusEditor.dll (API version 3709383).
LogModuleManager: Display: Found up-to-date module file ../../../Engine/Plugins/Runtime/PhysXVehicles/Binaries/Win64/UE4Editor-PhysXVehicles.dll (API version 3709383).
LogModuleManager: Display: Found up-to-date module file ../../../Engine/Plugins/Runtime/PhysXVehicles/Binaries/Win64/UE4Editor-PhysXVehiclesEditor.dll (API version 3709383).
LogModuleManager: Display: Found up-to-date module file ../../../Engine/Plugins/Runtime/ProceduralMeshComponent/Binaries/Win64/UE4Editor-ProceduralMeshComponent.dll (API version 3709383).
LogModuleManager: Display: Found up-to-date module file ../../../Engine/Plugins/Runtime/ProceduralMeshComponent/Binaries/Win64/UE4Editor-ProceduralMeshComponentEditor.dll (API version 3709383).
LogModuleManager: Display: Found up-to-date module file ../../../Engine/Plugins/Runtime/RuntimePhysXCooking/Binaries/Win64/UE4Editor-RuntimePhysXCooking.dll (API version 3709383).
LogModuleManager: Display: Found up-to-date module file ../../../Engine/Plugins/Runtime/Steam/SteamVR/Binaries/Win64/UE4Editor-SteamVR.dll (API version 3709383).
LogModuleManager: Display: Found up-to-date module file ../../../Engine/Plugins/Runtime/Steam/SteamVR/Binaries/Win64/UE4Editor-SteamVRController.dll (API version 3709383).
LogModuleManager: Display: Found up-to-date module file ../../../Engine/Plugins/Runtime/WindowsMoviePlayer/Binaries/Win64/UE4Editor-WindowsMoviePlayer.dll (API version 3709383).
LogPluginManager: Mounting plugin Paper2D
LogPluginManager: Mounting plugin LightPropagationVolume
LogPluginManager: Mounting plugin CodeLiteSourceCodeAccess
LogPluginManager: Mounting plugin GitSourceControl
LogPluginManager: Mounting plugin KDevelopSourceCodeAccess
LogPluginManager: Mounting plugin NullSourceCodeAccess
LogPluginManager: Mounting plugin PerforceSourceControl
LogPluginManager: Mounting plugin SubversionSourceControl
LogPluginManager: Mounting plugin UObjectPlugin
LogPluginManager: Mounting plugin VisualStudioCodeSourceCodeAccess
LogPluginManager: Mounting plugin VisualStudioSourceCodeAccess
LogPluginManager: Mounting plugin XCodeSourceCodeAccess
LogPluginManager: Mounting plugin AssetManagerEditor
LogPluginManager: Mounting plugin AudioCapture
LogPluginManager: Mounting plugin FacialAnimation
LogPluginManager: Mounting plugin GameplayTagsEditor
LogPluginManager: Mounting plugin MobileLauncherProfileWizard
LogPluginManager: Mounting plugin PluginBrowser
LogPluginManager: Mounting plugin SpeedTreeImporter
LogPluginManager: Mounting plugin AlembicImporter
LogPluginManager: Mounting plugin CharacterAI
LogPluginManager: Mounting plugin HTML5Networking
LogPluginManager: Mounting plugin AndroidMedia
LogPluginManager: Mounting plugin AvfMedia
LogPluginManager: Mounting plugin ImgMedia
LogPluginManager: Mounting plugin MediaCompositing
LogPluginManager: Mounting plugin MediaPlayerEditor
LogPluginManager: Mounting plugin WmfMedia
LogPluginManager: Mounting plugin TcpMessaging
LogPluginManager: Mounting plugin UdpMessaging
LogPluginManager: Mounting plugin ActorSequence
LogPluginManager: Mounting plugin LevelSequenceEditor
LogPluginManager: Mounting plugin MatineeToLevelSequence
LogPluginManager: Mounting plugin OnlineSubsystemGooglePlay
LogPluginManager: Mounting plugin OnlineSubsystemIOS
LogPluginManager: Mounting plugin OnlineSubsystem
LogPluginManager: Mounting plugin OnlineSubsystemNull
LogPluginManager: Mounting plugin OnlineSubsystemUtils
LogPluginManager: Mounting plugin AndroidDeviceProfileSelector
LogPluginManager: Mounting plugin AndroidMoviePlayer
LogPluginManager: Mounting plugin AndroidPermission
LogPluginManager: Mounting plugin AppleARKit
LogPluginManager: Mounting plugin AppleMoviePlayer
LogPluginManager: Mounting plugin ArchVisCharacter
LogPluginManager: Mounting plugin CableComponent
LogPluginManager: Mounting plugin CustomMeshComponent
LogPluginManager: Mounting plugin ExampleDeviceProfileSelector
LogPluginManager: Mounting plugin GoogleCloudMessaging
LogPluginManager: Mounting plugin ImmediatePhysics
LogPluginManager: Mounting plugin IOSDeviceProfileSelector
LogPluginManager: Mounting plugin LinuxDeviceProfileSelector
LogPluginManager: Mounting plugin LocationServicesBPLibrary
LogPluginManager: Mounting plugin MobilePatchingUtils
LogPluginManager: Mounting plugin OculusVR
LogPluginManager: Plugin shader directory ../../../Engine/Plugins/Runtime/Oculus/OculusVR/Shaders found
LogPluginManager: Mapping shader source directory ../../../Engine/Plugins/Runtime/Oculus/OculusVR/Shaders to virtual directory /Plugin/OculusVR
LogPluginManager: Mounting plugin PhysXVehicles
LogPluginManager: Mounting plugin ProceduralMeshComponent
LogPluginManager: Mounting plugin RuntimePhysXCooking
LogPluginManager: Mounting plugin SteamVR
LogPluginManager: Mounting plugin WindowsMoviePlayer
LogInit: Using libcurl 7.47.1
LogInit:  - built for x86_64-pc-win32
LogInit:  - supports SSL with OpenSSL/1.0.2g
LogInit:  - supports HTTP deflate (compression) using libz 1.2.8
LogInit:  - other features:
LogInit:      CURL_VERSION_SSL
LogInit:      CURL_VERSION_LIBZ
LogInit:      CURL_VERSION_IPV6
LogInit:      CURL_VERSION_ASYNCHDNS
LogInit:      CURL_VERSION_LARGEFILE
LogInit:      CURL_VERSION_IDN
LogInit:  CurlRequestOptions (configurable via config and command line):
LogInit:  - bVerifyPeer = false  - Libcurl will NOT verify peer certificate
LogInit:  - bUseHttpProxy = false  - Libcurl will NOT use HTTP proxy
LogInit:  - bDontReuseConnections = false  - Libcurl will reuse connections
LogInit:  - CertBundlePath = nullptr  - Libcurl will use whatever was configured at build time.
LogInit: Build: ++UE4+Release-4.18-CL-3794801
LogInit: Engine Version: 4.18.2-3794801+++UE4+Release-4.18
LogInit: Compatible Engine Version: 4.18.0-3709383+++UE4+Release-4.18
LogInit: Net CL: 3709383
LogDevObjectVersion: Number of dev versions registered: 16
LogDevObjectVersion:   Dev-Blueprints (B0D832E4-1F89-4F0D-ACCF-7EB736FD4AA2): 10
LogDevObjectVersion:   Dev-Build (E1C64328-A22C-4D53-A36C-8E866417BD8C): 0
LogDevObjectVersion:   Dev-Core (375EC13C-06E4-48FB-B500-84F0262A717E): 2
LogDevObjectVersion:   Dev-Editor (E4B068ED-F494-42E9-A231-DA0B2E46BB41): 20
LogDevObjectVersion:   Dev-Framework (CFFC743F-43B0-4480-9391-14DF171D2073): 30
LogDevObjectVersion:   Dev-Mobile (B02B49B5-BB20-44E9-A304-32B752E40360): 0
LogDevObjectVersion:   Dev-Networking (A4E4105C-59A1-49B5-A7C5-40C4547EDFEE): 0
LogDevObjectVersion:   Dev-Online (39C831C9-5AE6-47DC-9A44-9C173E1C8E7C): 0
LogDevObjectVersion:   Dev-Physics (78F01B33-EBEA-4F98-B9B4-84EACCB95AA2): 0
LogDevObjectVersion:   Dev-Platform (6631380F-2D4D-43E0-8009-CF276956A95A): 0
LogDevObjectVersion:   Dev-Rendering (12F88B9F-8875-4AFC-A67C-D90C383ABD29): 20
LogDevObjectVersion:   Dev-Sequencer (7B5AE74C-D270-4C10-A958-57980B212A5A): 4
LogDevObjectVersion:   Dev-VR (D7296918-1DD6-4BDD-9DE2-64A83CC13884): 0
LogDevObjectVersion:   Dev-LoadTimes (C2A15278-BFE7-4AFE-6C17-90FF531DF755): 1
LogDevObjectVersion:   Private-Geometry (6EACA3D4-40EC-4CC1-B786-8BED09428FC5): 1
LogDevObjectVersion:   Dev-AnimPhys (29E575DD-E0A3-4627-9D10-D276232CDCEA): 12
LogInit: Compiled (64-bit): Dec  8 2017 02:04:53
LogInit: Compiled with Visual C++: 19.00.24215.01
LogInit: Build Configuration: Development
LogInit: Branch Name: ++UE4+Release-4.18
LogInit: Command line: 
LogInit: Base directory: C:/Program Files/Epic Games/UE_4.18/Engine/Binaries/Win64/
LogInit: Installed Engine Build: 1
LogInit: Presizing for max 8388607 objects, including 0 objects not considered by GC, pre-allocating 0 bytes for permanent pool.
LogInit: Object subsystem initialized
[2018.01.11-16.00.09:772][  0]LogInit: Selected Device Profile: [Windows]
[2018.01.11-16.00.09:772][  0]LogInit: Applying CVar settings loaded from the selected device profile: [Windows]
[2018.01.11-16.00.09:781][  0]LogInit: Computer: SHADOWLEAF-PC
[2018.01.11-16.00.09:782][  0]LogInit: User: shadowleaf
[2018.01.11-16.00.09:782][  0]LogInit: CPU Page size=4096, Cores=4
[2018.01.11-16.00.09:782][  0]LogInit: High frequency timer resolution =3.117786 MHz
[2018.01.11-16.00.09:782][  0]LogMemory: Memory total: Physical=8.0GB (8GB approx)
[2018.01.11-16.00.09:782][  0]LogMemory: Platform Memory Stats for Windows
[2018.01.11-16.00.09:782][  0]LogMemory: Process Physical Memory: 272.30 MB used, 272.30 MB peak
[2018.01.11-16.00.09:782][  0]LogMemory: Process Virtual Memory: 271.58 MB used, 271.58 MB peak
[2018.01.11-16.00.09:782][  0]LogMemory: Physical Memory: 3827.81 MB used,  4330.26 MB free, 8158.07 MB total
[2018.01.11-16.00.09:782][  0]LogMemory: Virtual Memory: 631.10 MB used,  4330.26 MB free, 134217728.00 MB total
[2018.01.11-16.00.09:970][  0]LogInit: Using OS detected language (en-GB).
[2018.01.11-16.00.09:970][  0]LogInit: Using OS detected locale (en-US).
[2018.01.11-16.00.09:975][  0]LogTextLocalizationManager: No specific localization for 'en-GB' exists, so the 'en' localization will be used.
[2018.01.11-16.00.10:421][  0]LogInit: Setting process to per monitor DPI aware
[2018.01.11-16.00.10:723][  0]LogD3D11RHI: D3D11 adapters:
[2018.01.11-16.00.10:735][  0]LogD3D11RHI:    0. 'AMD Radeon HD 7700 Series' (Feature Level 11_0)
[2018.01.11-16.00.10:735][  0]LogD3D11RHI:       1005/0/4079 MB DedicatedVideo/DedicatedSystem/SharedSystem, Outputs:1, VendorId:0x1002
[2018.01.11-16.00.10:736][  0]LogD3D11RHI:    1. 'Microsoft Basic Render Driver' (Feature Level 11_0)
[2018.01.11-16.00.10:736][  0]LogD3D11RHI:       0/0/4079 MB DedicatedVideo/DedicatedSystem/SharedSystem, Outputs:0, VendorId:0x1414
[2018.01.11-16.00.10:736][  0]LogD3D11RHI: Chosen D3D11 Adapter: 0
[2018.01.11-16.00.10:742][  0]LogD3D11RHI: Creating new Direct3DDevice
[2018.01.11-16.00.10:742][  0]LogD3D11RHI:     GPU DeviceId: 0x6837 (for the marketing name, search the web for "GPU Device Id")
[2018.01.11-16.00.10:742][  0]LogWindows: EnumDisplayDevices:
[2018.01.11-16.00.10:742][  0]LogWindows:    0. 'AMD Radeon HD 7700 Series' (P:1 D:1)
[2018.01.11-16.00.10:742][  0]LogWindows:    1. 'AMD Radeon HD 7700 Series' (P:0 D:0)
[2018.01.11-16.00.10:743][  0]LogWindows:    2. 'AMD Radeon HD 7700 Series' (P:0 D:0)
[2018.01.11-16.00.10:744][  0]LogWindows:    3. 'AMD Radeon HD 7700 Series' (P:0 D:0)
[2018.01.11-16.00.10:744][  0]LogWindows:    4. 'AMD Radeon HD 7700 Series' (P:0 D:0)
[2018.01.11-16.00.10:744][  0]LogWindows:    5. 'AMD Radeon HD 7700 Series' (P:0 D:0)
[2018.01.11-16.00.10:744][  0]LogWindows: DebugString: FoundDriverCount:6 
[2018.01.11-16.00.10:744][  0]LogD3D11RHI:     Adapter Name: AMD Radeon HD 7700 Series
[2018.01.11-16.00.10:744][  0]LogD3D11RHI:   Driver Version: Crimson ReLive 17.4.4 (internal:22.19.162.4, unified:22.19.162.4)
[2018.01.11-16.00.10:744][  0]LogD3D11RHI:      Driver Date: 4-24-2017
[2018.01.11-16.00.10:744][  0]LogRHI: Texture pool is 703 MB (70% of 1005 MB)
[2018.01.11-16.00.10:791][  0]LogD3D11RHI: Async texture creation enabled
[2018.01.11-16.00.10:803][  0]LogD3D11RHI: GPU Timing Frequency: 27.000000 (Debug: 2 1)
[2018.01.11-16.00.10:804][  0]LogShaderCompilers: Guid format shader working directory is 9 characters bigger than the processId version (D:/InnovationChallenge/InnovationChallenge/Intermediate/Shaders/WorkingDirectory/7144/).
[2018.01.11-16.00.10:804][  0]LogShaderCompilers: Cleaned the shader compiler working directory 'C:/Users/shadowleaf/AppData/Local/Temp/UnrealShaderWorkingDir/EFC515474EA54DBA55C53EB6C0CE1512/'.
[2018.01.11-16.00.10:804][  0]LogShaderCompilers: Display: Using Local Shader Compiler.
[2018.01.11-16.00.11:986][  0]LogTemp: Display: Loaded TP AllDesktopTargetPlatform
[2018.01.11-16.00.12:061][  0]LogTemp: Display: Loaded TP MacClientTargetPlatform
[2018.01.11-16.00.12:137][  0]LogTemp: Display: Loaded TP MacNoEditorTargetPlatform
[2018.01.11-16.00.12:210][  0]LogTemp: Display: Loaded TP MacServerTargetPlatform
[2018.01.11-16.00.12:281][  0]LogTemp: Display: Loaded TP MacTargetPlatform
[2018.01.11-16.00.12:360][  0]LogTemp: Display: Loaded TP WindowsClientTargetPlatform
[2018.01.11-16.00.12:433][  0]LogTemp: Display: Loaded TP WindowsNoEditorTargetPlatform
[2018.01.11-16.00.12:506][  0]LogTemp: Display: Loaded TP WindowsServerTargetPlatform
[2018.01.11-16.00.12:573][  0]LogTemp: Display: Loaded TP WindowsTargetPlatform
[2018.01.11-16.00.12:648][  0]LogTemp: Display: Loaded TP Android_ASTCTargetPlatform
[2018.01.11-16.00.12:723][  0]LogTemp: Display: Loaded TP Android_ATCTargetPlatform
[2018.01.11-16.00.12:788][  0]LogTemp: Display: Loaded TP Android_DXTTargetPlatform
[2018.01.11-16.00.12:858][  0]LogTemp: Display: Loaded TP Android_ETC1TargetPlatform
[2018.01.11-16.00.12:928][  0]LogTemp: Display: Loaded TP Android_ETC2TargetPlatform
[2018.01.11-16.00.13:070][  0]LogTemp: Display: Loaded TP Android_MultiTargetPlatform
[2018.01.11-16.00.13:070][  0]LogTemp: Display: Loaded TP Android_PVRTCTargetPlatform
[2018.01.11-16.00.13:140][  0]LogTemp: Display: Loaded TP AndroidTargetPlatform
[2018.01.11-16.00.13:198][  0]LogTemp: Display: Loaded TP HTML5TargetPlatform
[2018.01.11-16.00.13:313][  0]LogTemp: Display: Loaded TP IOSTargetPlatform
[2018.01.11-16.00.13:346][  0]LogTemp: Display: Loaded TP TVOSTargetPlatform
[2018.01.11-16.00.13:413][  0]LogTemp: Display: Loaded TP LinuxClientTargetPlatform
[2018.01.11-16.00.13:481][  0]LogTemp: Display: Loaded TP LinuxNoEditorTargetPlatform
[2018.01.11-16.00.13:552][  0]LogTemp: Display: Loaded TP LinuxServerTargetPlatform
[2018.01.11-16.00.13:621][  0]LogTemp: Display: Loaded TP LinuxTargetPlatform
[2018.01.11-16.00.13:621][  0]LogTargetPlatformManager: Display: Building Assets For Windows
[2018.01.11-16.00.14:265][  0]LogDerivedDataCache: Display: Max Cache Size: 512 MB
[2018.01.11-16.00.14:383][  0]LogDerivedDataCache: Loaded boot cache 0.12s 78MB C:/Users/shadowleaf/AppData/Local/UnrealEngine/4.18/DerivedDataCache/Boot.ddc.
[2018.01.11-16.00.14:383][  0]LogDerivedDataCache: Display: Loaded Boot cache: C:/Users/shadowleaf/AppData/Local/UnrealEngine/4.18/DerivedDataCache/Boot.ddc
[2018.01.11-16.00.14:383][  0]LogDerivedDataCache: FDerivedDataBackendGraph:  Pak pak cache file D:/InnovationChallenge/InnovationChallenge/DerivedDataCache/DDC.ddp not found, will not use a pak cache.
[2018.01.11-16.00.14:383][  0]LogDerivedDataCache: Unable to find inner node Pak for hierarchical cache Hierarchy.
[2018.01.11-16.00.14:383][  0]LogDerivedDataCache: FDerivedDataBackendGraph:  CompressedPak pak cache file D:/InnovationChallenge/InnovationChallenge/DerivedDataCache/Compressed.ddp not found, will not use a pak cache.
[2018.01.11-16.00.14:383][  0]LogDerivedDataCache: Unable to find inner node CompressedPak for hierarchical cache Hierarchy.
[2018.01.11-16.00.14:402][  0]LogDerivedDataCache: Display: Pak cache opened for reading ../../../Engine/DerivedDataCache/Compressed.ddp.
[2018.01.11-16.00.14:415][  0]LogDerivedDataCache: Using Local data cache path C:/Users/shadowleaf/AppData/Local/UnrealEngine/Common/DerivedDataCache: Writable
[2018.01.11-16.00.14:427][  0]LogMaterial: Verifying Global Shaders for PCD3D_SM5
[2018.01.11-16.00.14:427][  0]LogSlate: Using Freetype 2.6.0
[2018.01.11-16.00.14:428][  0]LogSlate: SlateFontCache - WITH_FREETYPE: 1, WITH_HARFBUZZ: 1
[2018.01.11-16.00.14:428][  0]LogSlate: SlateFontCache - WITH_FREETYPE: 1, WITH_HARFBUZZ: 1
[2018.01.11-16.00.14:867][  0]LogInit: Selected Device Profile: [Windows]
[2018.01.11-16.00.15:295][  0]LogSimplygon: Simplygon DLL not present - disabling.
[2018.01.11-16.00.15:352][  0]LogMeshReduction: Using SimplygonSwarm for distributed automatic mesh merging
[2018.01.11-16.00.15:352][  0]LogMeshReduction: Using QuadricMeshReduction for automatic static mesh reduction
[2018.01.11-16.00.15:352][  0]LogMeshReduction: No automatic skeletal mesh reduction module available
[2018.01.11-16.00.15:352][  0]LogMeshReduction: No automatic mesh merging module available
[2018.01.11-16.00.15:352][  0]LogMeshMerging: No automatic mesh merging module available
[2018.01.11-16.00.15:392][  0]LogNetVersion: InnovationChallenge , NetCL: 3709383, EngineNetVer: 2, GameNetVer: 0 (Checksum: 2867483579)
[2018.01.11-16.00.15:595][  0]LogAssetRegistry: FAssetRegistry took 0.0265 seconds to start up
[2018.01.11-16.00.16:228][  0]LogPackageLocalizationCache: Processed 7 localized package path(s) for 2 prioritized culture(s) in 0.052200 seconds
[2018.01.11-16.00.16:235][  0]LogUObjectArray: 35900 objects as part of root set at end of initial load.
[2018.01.11-16.00.16:235][  0]LogUObjectAllocator: 7372024 out of 0 bytes used by permanent object pool.
[2018.01.11-16.00.16:235][  0]LogUObjectArray: CloseDisregardForGC: 0/0 objects in disregard for GC pool
[2018.01.11-16.00.16:301][  0]LogInit: WinSock: version 1.1 (2.2), MaxSocks=32767, MaxUdp=65467
[2018.01.11-16.00.19:949][  0]LogTcpMessaging: Initializing TcpMessaging bridge
[2018.01.11-16.00.20:008][  0]LogUdpMessaging: Initializing bridge on interface 0.0.0.0:0 to multicast group 230.0.0.1:6666.
[2018.01.11-16.00.20:995][  0]LogMaterial: Uniform references updated for custom material expression Custom.
[2018.01.11-16.00.21:598][  0]SourceControl: Source control is disabled
[2018.01.11-16.00.21:598][  0]SourceControl: Source control is disabled
[2018.01.11-16.00.21:690][  0]SourceControl: Source control is disabled
[2018.01.11-16.00.21:796][  0]SourceControl: Source control is disabled
[2018.01.11-16.00.23:083][  0]LogAndroidPermission: UAndroidPermissionCallbackProxy::GetInstance
[2018.01.11-16.00.23:500][  0]LogOcInput: OculusInput pre-init called
[2018.01.11-16.00.23:911][  0]LogEngine: Initializing Engine...
[2018.01.11-16.00.23:914][  0]LogHMD: Failed to initialize OpenVR with code 110
[2018.01.11-16.00.24:185][  0]LogStats: UGameplayTagsManager::ConstructGameplayTagTree: Construct from data asset -  0.000 s
[2018.01.11-16.00.24:185][  0]LogStats: UGameplayTagsManager::ConstructGameplayTagTree: GameplayTagTreeChangedEvent.Broadcast -  0.000 s
[2018.01.11-16.00.24:371][  0]LogAIModule: Creating AISystem for world Untitled
[2018.01.11-16.00.24:385][  0]LogInit: XAudio2 using 'Realtek HD Audio 2nd output (Realtek High Definition Audio)' : 2 channels at 48 kHz using 32 bits per sample (channel mask 0x3)
[2018.01.11-16.00.24:420][  0]LogInit: FAudioDevice initialized.
[2018.01.11-16.00.24:668][  0]LogDerivedDataCache: Saved boot cache 0.25s 78MB C:/Users/shadowleaf/AppData/Local/UnrealEngine/4.18/DerivedDataCache/Boot.ddc.
[2018.01.11-16.00.24:686][  0]LogInit: Texture streaming: Enabled
[2018.01.11-16.00.24:830][  0]LogEngineSessionManager: EngineSessionManager initialized
[2018.01.11-16.00.25:007][  0]LogInit: Transaction tracking system initialized
[2018.01.11-16.00.25:444][  0]BlueprintLog: New page: Editor Load
[2018.01.11-16.00.26:757][  0]LocalizationService: Localization service is disabled
[2018.01.11-16.00.27:989][  0]LogConsoleResponse: Display: 
[2018.01.11-16.00.28:226][  0]LogCook: Display: Max memory allowance for cook 16384mb min free memory 0mb
[2018.01.11-16.00.28:226][  0]LogCook: Display: Mobile HDR setting 1
[2018.01.11-16.00.28:226][  0]LogGameplayTags: Display: UGameplayTagsManager::DoneAddingNativeTags. DelegateIsBound: 0
[2018.01.11-16.00.28:870][  0]LogFileCache: Scanning file cache for directory 'D:/InnovationChallenge/InnovationChallenge/Content/' took 0.02s
[2018.01.11-16.00.30:283][  0]SourceControl: Source control is disabled
[2018.01.11-16.00.30:284][  0]Cmd: MAP LOAD FILE="D:/InnovationChallenge/InnovationChallenge/Content/FirstPersonBP/Maps/FirstPersonExampleMap.umap" TEMPLATE=0 SHOWPROGRESS=1 FEATURELEVEL=3
[2018.01.11-16.00.30:284][  0]LightingResults: New page: Lighting Build
[2018.01.11-16.00.30:344][  0]MapCheck: New page: Map Check
[2018.01.11-16.00.30:344][  0]LightingResults: New page: Lighting Build
[2018.01.11-16.00.30:863][  0]LogAIModule: Creating AISystem for world FirstPersonExampleMap
[2018.01.11-16.00.30:876][  0]LogEditorServer: Finished looking for orphan Actors (0.000 secs)
[2018.01.11-16.00.30:888][  0]Cmd: MAP CHECKDEP NOCLEARLOG
[2018.01.11-16.00.30:987][  0]MapCheck: Map check complete: 0 Error(s), 0 Warning(s), took 99.141ms to complete.
[2018.01.11-16.00.30:987][  0]LogFileHelpers: Loading map 'FirstPersonExampleMap' took 0.704
[2018.01.11-16.00.31:142][  0]LogCollectionManager: Loaded 0 collections in 0.002275 seconds
[2018.01.11-16.00.31:240][  0]LogFileCache: Scanning file cache for directory 'D:/InnovationChallenge/InnovationChallenge/Saved/Collections/' took 0.01s
[2018.01.11-16.00.31:240][  0]LogFileCache: Scanning file cache for directory 'D:/InnovationChallenge/InnovationChallenge/Content/Developers/shadowleaf/Collections/' took 0.01s
[2018.01.11-16.00.31:240][  0]LogFileCache: Scanning file cache for directory 'D:/InnovationChallenge/InnovationChallenge/Content/Collections/' took 0.01s
[2018.01.11-16.00.31:240][  0]LogCollectionManager: Rebuilt the GUID cache for 0 collections in 0.000000 seconds
[2018.01.11-16.00.31:250][  0]LogContentBrowser: Native class hierarchy populated in 0.0093 seconds. Added 2363 classes and 519 folders.
[2018.01.11-16.00.31:336][  0]LogContentBrowser: Native class hierarchy updated for 'WidgetCarousel' in 0.0002 seconds. Added 0 classes and 0 folders.
[2018.01.11-16.00.31:408][  0]LogContentBrowser: Native class hierarchy updated for 'AddContentDialog' in 0.0002 seconds. Added 0 classes and 0 folders.
[2018.01.11-16.00.31:468][  0]LogContentBrowser: Native class hierarchy updated for 'SceneOutliner' in 0.0003 seconds. Added 1 classes and 2 folders.
[2018.01.11-16.00.31:485][  0]LogSlate: Took 0.000247 seconds to synchronously load lazily loaded font '../../../Engine/Content/Slate/Fonts/Roboto-Regular.ttf' (155K)
[2018.01.11-16.00.31:488][  0]LogSlate: Took 0.000232 seconds to synchronously load lazily loaded font '../../../Engine/Content/Slate/Fonts/Roboto-Bold.ttf' (160K)
[2018.01.11-16.00.31:492][  0]LogSlate: Took 0.000251 seconds to synchronously load lazily loaded font '../../../Engine/Content/Editor/Slate/Fonts/FontAwesome.ttf' (139K)
[2018.01.11-16.00.31:606][  0]LogRenderer: Reallocating scene render targets to support 1208x576 Format 10 NumSamples 1 (Frame:1).
[2018.01.11-16.00.31:855][  0]LogContentBrowser: Native class hierarchy updated for 'HierarchicalLODOutliner' in 0.0003 seconds. Added 1 classes and 2 folders.
[2018.01.11-16.00.31:855][  0]LogLoad: (Engine Initialization) Total time: 25.58 seconds
[2018.01.11-16.00.31:855][  0]LogLoad: (Engine Initialization) Total Blueprint compile time: 0.00 seconds
[2018.01.11-16.00.31:855][  0]LogExternalProfiler: No external profilers were discovered.  External profiling features will not be available.
[2018.01.11-16.00.32:213][  0]LogContentStreaming: Texture pool size now 1000 MB
[2018.01.11-16.00.32:253][  0]LogSlate: Took 0.000218 seconds to synchronously load lazily loaded font '../../../Engine/Content/Slate/Fonts/Roboto-Light.ttf' (159K)
[2018.01.11-16.00.32:544][  1]LogAssetRegistry: Asset discovery search completed in 16.9714 seconds
[2018.01.11-16.00.32:547][  1]LogCollectionManager: Rebuilt the object cache for 0 collections in 0.000001 seconds (found 0 objects)
[2018.01.11-16.00.32:547][  1]LogCollectionManager: Fixed up redirectors for 0 collections in 0.000079 seconds (updated 0 objects)
[2018.01.11-16.00.47:181][674]LogTemp: Repeating last play command: Selected Viewport
[2018.01.11-16.00.47:208][674]LogBlueprintUserMessages: Early PlayInEditor Detection: Level '/Game/FirstPersonBP/Maps/FirstPersonExampleMap.FirstPersonExampleMap:PersistentLevel' has LevelScriptBlueprint '/Game/FirstPersonBP/Maps/FirstPersonExampleMap.FirstPersonExampleMap:PersistentLevel.FirstPersonExampleMap' with GeneratedClass '/Game/FirstPersonBP/Maps/FirstPersonExampleMap.FirstPersonExampleMap_C' with ClassGeneratedBy '/Game/FirstPersonBP/Maps/FirstPersonExampleMap.FirstPersonExampleMap:PersistentLevel.FirstPersonExampleMap'
[2018.01.11-16.00.47:209][674]LogPlayLevel: PlayLevel: No blueprints needed recompiling
[2018.01.11-16.00.47:209][674]PIE: New page: PIE session: FirstPersonExampleMap (Jan 12, 2018, 3:00:47 AM)
[2018.01.11-16.00.47:209][674]LogPlayLevel: Creating play world package: /Game/FirstPersonBP/Maps/UEDPIE_0_FirstPersonExampleMap
[2018.01.11-16.00.47:250][674]LogPlayLevel: PIE: StaticDuplicateObject took: (0.040255s)
[2018.01.11-16.00.47:251][674]LogAIModule: Creating AISystem for world FirstPersonExampleMap
[2018.01.11-16.00.47:251][674]LogPlayLevel: PIE: World Init took: (0.001277s)
[2018.01.11-16.00.47:252][674]LogPlayLevel: PIE: Created PIE world by copying editor world from /Game/FirstPersonBP/Maps/FirstPersonExampleMap.FirstPersonExampleMap to /Game/FirstPersonBP/Maps/UEDPIE_0_FirstPersonExampleMap.FirstPersonExampleMap (0.042051s)
[2018.01.11-16.00.47:270][674]LogInit: XAudio2 using 'Realtek HD Audio 2nd output (Realtek High Definition Audio)' : 2 channels at 48 kHz using 32 bits per sample (channel mask 0x3)
[2018.01.11-16.00.47:282][674]LogInit: FAudioDevice initialized.
[2018.01.11-16.00.47:328][674]LogLoad: Game class is 'FirstPersonGameMode_C'
[2018.01.11-16.00.47:332][674]LogWorld: Bringing World /Game/FirstPersonBP/Maps/UEDPIE_0_FirstPersonExampleMap.FirstPersonExampleMap up for play (max tick rate 0) at 2018.01.11-21.30.47
[2018.01.11-16.00.47:332][674]LogWorld: Bringing up level for play took: 0.002147
[2018.01.11-16.00.47:390][674]LogContentBrowser: Native class hierarchy updated for 'MovieSceneCapture' in 0.0003 seconds. Added 11 classes and 0 folders.
[2018.01.11-16.00.47:391][674]PIE: Play in editor start time for /Game/FirstPersonBP/Maps/UEDPIE_0_FirstPersonExampleMap -0.222
[2018.01.11-16.00.47:391][674]LogBlueprintUserMessages: Late PlayInEditor Detection: Level '/Game/FirstPersonBP/Maps/FirstPersonExampleMap.FirstPersonExampleMap:PersistentLevel' has LevelScriptBlueprint '/Game/FirstPersonBP/Maps/FirstPersonExampleMap.FirstPersonExampleMap:PersistentLevel.FirstPersonExampleMap' with GeneratedClass '/Game/FirstPersonBP/Maps/FirstPersonExampleMap.FirstPersonExampleMap_C' with ClassGeneratedBy '/Game/FirstPersonBP/Maps/FirstPersonExampleMap.FirstPersonExampleMap:PersistentLevel.FirstPersonExampleMap'
[2018.01.11-16.00.49:367][776]LogBlueprintUserMessages: Early EndPlayMap Detection: Level '/Game/FirstPersonBP/Maps/FirstPersonExampleMap.FirstPersonExampleMap:PersistentLevel' has LevelScriptBlueprint '/Game/FirstPersonBP/Maps/FirstPersonExampleMap.FirstPersonExampleMap:PersistentLevel.FirstPersonExampleMap' with GeneratedClass '/Game/FirstPersonBP/Maps/FirstPersonExampleMap.FirstPersonExampleMap_C' with ClassGeneratedBy '/Game/FirstPersonBP/Maps/FirstPersonExampleMap.FirstPersonExampleMap:PersistentLevel.FirstPersonExampleMap'
[2018.01.11-16.00.49:416][776]LogBlueprintUserMessages: Late EndPlayMap Detection: Level '/Game/FirstPersonBP/Maps/FirstPersonExampleMap.FirstPersonExampleMap:PersistentLevel' has LevelScriptBlueprint '/Game/FirstPersonBP/Maps/FirstPersonExampleMap.FirstPersonExampleMap:PersistentLevel.FirstPersonExampleMap' with GeneratedClass '/Game/FirstPersonBP/Maps/FirstPersonExampleMap.FirstPersonExampleMap_C' with ClassGeneratedBy '/Game/FirstPersonBP/Maps/FirstPersonExampleMap.FirstPersonExampleMap:PersistentLevel.FirstPersonExampleMap'
[2018.01.11-16.00.51:604][869]LogPlayLevel: Launcher Device ID: HTML5@C:/Program Files (x86)/Google/Chrome/Application/chrome.exe
[2018.01.11-16.00.51:636][869]LogPlayLevel: PlayLevel: No blueprints needed recompiling
[2018.01.11-16.00.51:673][869]LogCook: Display: Creating asset registry
[2018.01.11-16.00.51:755][869]LogSlate: Took 0.000179 seconds to synchronously load lazily loaded font '../../../Engine/Content/Slate/Fonts/Roboto-Light.ttf' (159K)
[2018.01.11-16.00.52:280][869]LogCook: Display: Cooked content cleared for platform AllDesktop
[2018.01.11-16.00.52:289][869]LogCook: Display: Unable to read previous cook inisettings for platform AllDesktop invalidating cook
[2018.01.11-16.00.52:357][869]LogCook: Display: Cooked content cleared for platform MacClient
[2018.01.11-16.00.52:357][869]LogCook: Display: Unable to read previous cook inisettings for platform MacClient invalidating cook
[2018.01.11-16.00.52:400][869]LogCook: Display: Cooked content cleared for platform MacNoEditor
[2018.01.11-16.00.52:400][869]LogCook: Display: Unable to read previous cook inisettings for platform MacNoEditor invalidating cook
[2018.01.11-16.00.52:444][869]LogCook: Display: Cooked content cleared for platform MacServer
[2018.01.11-16.00.52:444][869]LogCook: Display: Unable to read previous cook inisettings for platform MacServer invalidating cook
[2018.01.11-16.00.52:487][869]LogCook: Display: Cooked content cleared for platform Mac
[2018.01.11-16.00.52:487][869]LogCook: Display: Unable to read previous cook inisettings for platform Mac invalidating cook
[2018.01.11-16.00.52:530][869]LogCook: Display: Cooked content cleared for platform WindowsClient
[2018.01.11-16.00.52:530][869]LogCook: Display: Unable to read previous cook inisettings for platform WindowsClient invalidating cook
[2018.01.11-16.00.52:573][869]LogCook: Display: Cooked content cleared for platform WindowsNoEditor
[2018.01.11-16.00.52:573][869]LogCook: Display: Unable to read previous cook inisettings for platform WindowsNoEditor invalidating cook
[2018.01.11-16.00.52:615][869]LogCook: Display: Cooked content cleared for platform WindowsServer
[2018.01.11-16.00.52:616][869]LogCook: Display: Unable to read previous cook inisettings for platform WindowsServer invalidating cook
[2018.01.11-16.00.52:657][869]LogCook: Display: Cooked content cleared for platform Windows
[2018.01.11-16.00.52:657][869]LogCook: Display: Unable to read previous cook inisettings for platform Windows invalidating cook
[2018.01.11-16.00.52:700][869]LogCook: Display: Cooked content cleared for platform Android_ASTC
[2018.01.11-16.00.52:700][869]LogCook: Display: Unable to read previous cook inisettings for platform Android_ASTC invalidating cook
[2018.01.11-16.00.52:743][869]LogCook: Display: Cooked content cleared for platform Android_ATC
[2018.01.11-16.00.52:743][869]LogCook: Display: Unable to read previous cook inisettings for platform Android_ATC invalidating cook
[2018.01.11-16.00.52:786][869]LogCook: Display: Cooked content cleared for platform Android_DXT
[2018.01.11-16.00.52:786][869]LogCook: Display: Unable to read previous cook inisettings for platform Android_DXT invalidating cook
[2018.01.11-16.00.52:829][869]LogCook: Display: Cooked content cleared for platform Android_ETC1
[2018.01.11-16.00.52:829][869]LogCook: Display: Unable to read previous cook inisettings for platform Android_ETC1 invalidating cook
[2018.01.11-16.00.52:872][869]LogCook: Display: Cooked content cleared for platform Android_ETC2
[2018.01.11-16.00.52:872][869]LogCook: Display: Unable to read previous cook inisettings for platform Android_ETC2 invalidating cook
[2018.01.11-16.00.52:916][869]LogCook: Display: Cooked content cleared for platform Android_Multi
[2018.01.11-16.00.52:916][869]LogCook: Display: Unable to read previous cook inisettings for platform Android_Multi invalidating cook
[2018.01.11-16.00.52:973][869]LogCook: Display: Cooked content cleared for platform Android_PVRTC
[2018.01.11-16.00.52:973][869]LogCook: Display: Unable to read previous cook inisettings for platform Android_PVRTC invalidating cook
[2018.01.11-16.00.53:017][869]LogCook: Display: Cooked content cleared for platform Android
[2018.01.11-16.00.53:017][869]LogCook: Display: Unable to read previous cook inisettings for platform Android invalidating cook
[2018.01.11-16.00.53:060][869]LogCook: Display: Cooked content cleared for platform HTML5
[2018.01.11-16.00.53:061][869]LogCook: Display: Unable to read previous cook inisettings for platform HTML5 invalidating cook
[2018.01.11-16.00.53:104][869]LogCook: Display: Cooked content cleared for platform IOS
[2018.01.11-16.00.53:104][869]LogCook: Display: Unable to read previous cook inisettings for platform IOS invalidating cook
[2018.01.11-16.00.53:146][869]LogCook: Display: Cooked content cleared for platform TVOS
[2018.01.11-16.00.53:146][869]LogCook: Display: Unable to read previous cook inisettings for platform TVOS invalidating cook
[2018.01.11-16.00.53:189][869]LogCook: Display: Cooked content cleared for platform LinuxClient
[2018.01.11-16.00.53:189][869]LogCook: Display: Unable to read previous cook inisettings for platform LinuxClient invalidating cook
[2018.01.11-16.00.53:249][869]LogCook: Display: Cooked content cleared for platform LinuxNoEditor
[2018.01.11-16.00.53:250][869]LogCook: Display: Unable to read previous cook inisettings for platform LinuxNoEditor invalidating cook
[2018.01.11-16.00.53:294][869]LogCook: Display: Cooked content cleared for platform LinuxServer
[2018.01.11-16.00.53:294][869]LogCook: Display: Unable to read previous cook inisettings for platform LinuxServer invalidating cook
[2018.01.11-16.00.53:338][869]LogCook: Display: Cooked content cleared for platform Linux
[2018.01.11-16.00.53:338][869]LogCook: Display: Unable to read previous cook inisettings for platform Linux invalidating cook
[2018.01.11-16.00.53:383][869]LogCook: Display: Sandbox cleanup took 1.103 seconds for platforms AllDesktop MacClient MacNoEditor MacServer Mac WindowsClient WindowsNoEditor WindowsServer Windows Android_ASTC Android_ATC Android_DXT Android_ETC1 Android_ETC2 Android_Multi Android_PVRTC Android HTML5 IOS TVOS LinuxClient LinuxNoEditor LinuxServer Linux  iterative false
[2018.01.11-16.00.54:165][869]LogMaterial: Verifying Global Shaders for GLSL_ES2_WEBGL
[2018.01.11-16.01.46:671][870]LogMaterial: Missing cached shader map for material MatineeCam_mat, compiling. 
[2018.01.11-16.01.46:973][871]LogTexture: Display: Building textures: S_Actor (RGBA8, 128X128)
[2018.01.11-16.01.46:974][871]LogTexture: Display: Building textures: S_ExpoHeightFog (RGBA8, 256X256)
[2018.01.11-16.01.46:974][871]LogCook: Display: Cooking /Engine/Tutorial/Landscape/Landscape_Manage_Mode -> D:/InnovationChallenge/InnovationChallenge/Saved/EditorCooked/HTML5/Engine/Content/Tutorial/Landscape/Landscape_Manage_Mode.uasset
[2018.01.11-16.01.47:002][871]LogSavePackage: Display: No exports found (or all exports are editor-only) for Landscape_Manage_Mode. Package will not be saved.
[2018.01.11-16.01.47:108][871]LogContentBrowser: Native class hierarchy updated for 'BlueprintNativeCodeGen' in 0.0004 seconds. Added 0 classes and 0 folders.
[2018.01.11-16.01.47:632][873]LogCook: Display: Cooking /Engine/Tutorial/Paper2D/SpriteEditorTutorial -> D:/InnovationChallenge/InnovationChallenge/Saved/EditorCooked/HTML5/Engine/Content/Tutorial/Paper2D/SpriteEditorTutorial.uasset
[2018.01.11-16.01.47:632][873]LogSavePackage: Display: No exports found (or all exports are editor-only) for SpriteEditorTutorial. Package will not be saved.
[2018.01.11-16.01.47:633][873]LogCook: Display: Cooking /Engine/EditorResources/S_Actor -> D:/InnovationChallenge/InnovationChallenge/Saved/EditorCooked/HTML5/Engine/Content/EditorResources/S_Actor.uasset
[2018.01.11-16.01.47:651][873]LogSavePackage: Save=18.04ms
[2018.01.11-16.01.47:651][873]LogSavePackage: Async saving from memory to 'D:/InnovationChallenge/InnovationChallenge/Saved/EditorCooked/HTML5/Engine/Content/EditorResources/S_Actor.uasset'
[2018.01.11-16.01.47:651][873]LogSavePackage: Display: Finished SavePackage D:/InnovationChallenge/InnovationChallenge/Saved/EditorCooked/HTML5/Engine/Content/EditorResources/S_Actor.uasset
[2018.01.11-16.01.47:730][873]LogCook: Display: Cooking /Engine/EditorResources/S_ExpoHeightFog -> D:/InnovationChallenge/InnovationChallenge/Saved/EditorCooked/HTML5/Engine/Content/EditorResources/S_ExpoHeightFog.uasset
[2018.01.11-16.01.47:731][873]LogSavePackage: Save=0.69ms
[2018.01.11-16.01.47:731][873]LogSavePackage: Async saving from memory to 'D:/InnovationChallenge/InnovationChallenge/Saved/EditorCooked/HTML5/Engine/Content/EditorResources/S_ExpoHeightFog.uasset'
[2018.01.11-16.01.47:731][873]LogSavePackage: Display: Finished SavePackage D:/InnovationChallenge/InnovationChallenge/Saved/EditorCooked/HTML5/Engine/Content/EditorResources/S_ExpoHeightFog.uasset
[2018.01.11-16.01.47:958][874]LogCook: Display: Cooking /Engine/Tutorial/SubEditors/PersonaAnimEditorWalkthrough -> D:/InnovationChallenge/InnovationChallenge/Saved/EditorCooked/HTML5/Engine/Content/Tutorial/SubEditors/PersonaAnimEditorWalkThrough.uasset
[2018.01.11-16.01.47:959][874]LogSavePackage: Display: No exports found (or all exports are editor-only) for PersonaAnimEditorWalkThrough. Package will not be saved.
[2018.01.11-16.01.47:959][874]LogCook: Display: Cooking /Engine/EditorResources/S_ReflActorIcon -> D:/InnovationChallenge/InnovationChallenge/Saved/EditorCooked/HTML5/Engine/Content/EditorResources/S_ReflActorIcon.uasset
[2018.01.11-16.01.47:960][874]LogSavePackage: Save=0.84ms
[2018.01.11-16.01.47:960][874]LogSavePackage: Async saving from memory to 'D:/InnovationChallenge/InnovationChallenge/Saved/EditorCooked/HTML5/Engine/Content/EditorResources/S_ReflActorIcon.uasset'
[2018.01.11-16.01.47:960][874]LogSavePackage: Display: Finished SavePackage D:/InnovationChallenge/InnovationChallenge/Saved/EditorCooked/HTML5/Engine/Content/EditorResources/S_ReflActorIcon.uasset
[2018.01.11-16.01.47:960][874]LogCook: Display: Cooking /Engine/EditorMeshes/MatineeCam_SM -> D:/InnovationChallenge/InnovationChallenge/Saved/EditorCooked/HTML5/Engine/Content/EditorMeshes/MatineeCam_SM.uasset
[2018.01.11-16.01.47:967][874]LogSavePackage: Save=7.18ms
[2018.01.11-16.01.47:967][874]LogSavePackage: Async saving from memory to 'D:/InnovationChallenge/InnovationChallenge/Saved/EditorCooked/HTML5/Engine/Content/EditorMeshes/MatineeCam_SM.uasset'
[2018.01.11-16.01.47:968][874]LogSavePackage: Display: Finished SavePackage D:/InnovationChallenge/InnovationChallenge/Saved/EditorCooked/HTML5/Engine/Content/EditorMeshes/MatineeCam_SM.uasset
[2018.01.11-16.01.47:978][874]LogMaterial: Missing cached shader map for material WorldGridMaterial, compiling. Is special engine material.
