Log file open, 01/14/18 13:09:09
LogWindows: Failed to load 'aqProf.dll' (GetLastError=126)
LogWindows: File 'aqProf.dll' does not exist
LogWindows: Failed to load 'VSPerf140.dll' (GetLastError=126)
LogWindows: File 'VSPerf140.dll' does not exist
LogWindows: Failed to load 'VtuneApi.dll' (GetLastError=126)
LogWindows: File 'VtuneApi.dll' does not exist
LogWindows: Failed to load 'VtuneApi32e.dll' (GetLastError=126)
LogWindows: File 'VtuneApi32e.dll' does not exist
LogInit: Display: Running engine for game: InnovationChallenge
LogPlatformFile: Not using cached read wrapper
LogInit: Display: RandInit(-1715182650) SRandInit(-1715182650).
LogInit: Read version file with build ID '3709383'
LogInit: Overriding engine version to CL 3794801, compatible CL 3709383
LogInit: Registered custom module enumerator with build ID '3709383'
LogTaskGraph: Started task graph with 5 named threads and 14 total threads with 3 sets of task threads.
LogStats: Stats thread started at 0.182184
LogD3D11RHI: Aftermath initialized
LogModuleManager: Display: Found up-to-date module file ../../../Engine/Plugins/2D/Paper2D/Binaries/Win64/UE4Editor-Paper2D.dll (API version 3709383).
LogModuleManager: Display: Found up-to-date module file ../../../Engine/Plugins/2D/Paper2D/Binaries/Win64/UE4Editor-Paper2DEditor.dll (API version 3709383).
LogModuleManager: Display: Found up-to-date module file ../../../Engine/Plugins/2D/Paper2D/Binaries/Win64/UE4Editor-PaperSpriteSheetImporter.dll (API version 3709383).
LogModuleManager: Display: Found up-to-date module file ../../../Engine/Plugins/2D/Paper2D/Binaries/Win64/UE4Editor-PaperTiledImporter.dll (API version 3709383).
LogModuleManager: Display: Found up-to-date module file ../../../Engine/Plugins/2D/Paper2D/Binaries/Win64/UE4Editor-SmartSnapping.dll (API version 3709383).
LogModuleManager: Display: Found up-to-date module file ../../../Engine/Plugins/Blendables/LightPropagationVolume/Binaries/Win64/UE4Editor-LightPropagationVolumeRuntime.dll (API version 3709383).
LogModuleManager: Display: Found up-to-date module file ../../../Engine/Plugins/Blendables/LightPropagationVolume/Binaries/Win64/UE4Editor-LightPropagationVolumeEditor.dll (API version 3709383).
LogModuleManager: Display: Found up-to-date module file ../../../Engine/Plugins/Developer/GitSourceControl/Binaries/Win64/UE4Editor-GitSourceControl.dll (API version 3709383).
LogModuleManager: Display: Found up-to-date module file ../../../Engine/Plugins/Developer/PerforceSourceControl/Binaries/Win64/UE4Editor-PerforceSourceControl.dll (API version 3709383).
LogModuleManager: Display: Found up-to-date module file ../../../Engine/Plugins/Developer/SubversionSourceControl/Binaries/Win64/UE4Editor-SubversionSourceControl.dll (API version 3709383).
LogModuleManager: Display: Found up-to-date module file ../../../Engine/Plugins/Developer/UObjectPlugin/Binaries/Win64/UE4Editor-UObjectPlugin.dll (API version 3709383).
LogModuleManager: Display: Found up-to-date module file ../../../Engine/Plugins/Developer/VisualStudioCodeSourceCodeAccess/Binaries/Win64/UE4Editor-VisualStudioCodeSourceCodeAccess.dll (API version 3709383).
LogModuleManager: Display: Found up-to-date module file ../../../Engine/Plugins/Developer/VisualStudioSourceCodeAccess/Binaries/Win64/UE4Editor-VisualStudioSourceCodeAccess.dll (API version 3709383).
LogModuleManager: Display: Found up-to-date module file ../../../Engine/Plugins/Editor/AssetManagerEditor/Binaries/Win64/UE4Editor-AssetManagerEditor.dll (API version 3709383).
LogModuleManager: Display: Found up-to-date module file ../../../Engine/Plugins/Editor/AudioCapture/Binaries/Win64/UE4Editor-AudioCapture.dll (API version 3709383).
LogModuleManager: Display: Found up-to-date module file ../../../Engine/Plugins/Editor/FacialAnimation/Binaries/Win64/UE4Editor-FacialAnimation.dll (API version 3709383).
LogModuleManager: Display: Found up-to-date module file ../../../Engine/Plugins/Editor/FacialAnimation/Binaries/Win64/UE4Editor-FacialAnimationEditor.dll (API version 3709383).
LogModuleManager: Display: Found up-to-date module file ../../../Engine/Plugins/Editor/GameplayTagsEditor/Binaries/Win64/UE4Editor-GameplayTagsEditor.dll (API version 3709383).
LogModuleManager: Display: Found up-to-date module file ../../../Engine/Plugins/Editor/MobileLauncherProfileWizard/Binaries/Win64/UE4Editor-MobileLauncherProfileWizard.dll (API version 3709383).
LogModuleManager: Display: Found up-to-date module file ../../../Engine/Plugins/Editor/PluginBrowser/Binaries/Win64/UE4Editor-PluginBrowser.dll (API version 3709383).
LogModuleManager: Display: Found up-to-date module file ../../../Engine/Plugins/Editor/SpeedTreeImporter/Binaries/Win64/UE4Editor-SpeedTreeImporter.dll (API version 3709383).
LogModuleManager: Display: Found up-to-date module file ../../../Engine/Plugins/Experimental/AlembicImporter/Binaries/Win64/UE4Editor-AlembicImporter.dll (API version 3709383).
LogModuleManager: Display: Found up-to-date module file ../../../Engine/Plugins/Experimental/AlembicImporter/Binaries/Win64/UE4Editor-AlembicLibrary.dll (API version 3709383).
LogModuleManager: Display: Found up-to-date module file ../../../Engine/Plugins/Experimental/CharacterAI/Binaries/Win64/UE4Editor-CharacterAI.dll (API version 3709383).
LogModuleManager: Display: Found up-to-date module file ../../../Engine/Plugins/Experimental/HTML5Networking/Binaries/Win64/UE4Editor-HTML5Networking.dll (API version 3709383).
LogModuleManager: Display: Found up-to-date module file ../../../Engine/Plugins/Media/AndroidMedia/Binaries/Win64/UE4Editor-AndroidMediaEditor.dll (API version 3709383).
LogModuleManager: Display: Found up-to-date module file ../../../Engine/Plugins/Media/AndroidMedia/Binaries/Win64/UE4Editor-AndroidMediaFactory.dll (API version 3709383).
LogModuleManager: Display: Found up-to-date module file ../../../Engine/Plugins/Media/AvfMedia/Binaries/Win64/UE4Editor-AvfMediaEditor.dll (API version 3709383).
LogModuleManager: Display: Found up-to-date module file ../../../Engine/Plugins/Media/AvfMedia/Binaries/Win64/UE4Editor-AvfMediaFactory.dll (API version 3709383).
LogModuleManager: Display: Found up-to-date module file ../../../Engine/Plugins/Media/AvfMedia/Binaries/Win64/UE4Editor-AvfMediaFactory.dll (API version 3709383).
LogModuleManager: Display: Found up-to-date module file ../../../Engine/Plugins/Media/ImgMedia/Binaries/Win64/UE4Editor-ImgMedia.dll (API version 3709383).
LogModuleManager: Display: Found up-to-date module file ../../../Engine/Plugins/Media/ImgMedia/Binaries/Win64/UE4Editor-ImgMediaEditor.dll (API version 3709383).
LogModuleManager: Display: Found up-to-date module file ../../../Engine/Plugins/Media/ImgMedia/Binaries/Win64/UE4Editor-ImgMediaFactory.dll (API version 3709383).
LogModuleManager: Display: Found up-to-date module file ../../../Engine/Plugins/Media/ImgMedia/Binaries/Win64/UE4Editor-ImgMediaFactory.dll (API version 3709383).
LogModuleManager: Display: Found up-to-date module file ../../../Engine/Plugins/Media/ImgMedia/Binaries/Win64/UE4Editor-OpenExrWrapper.dll (API version 3709383).
LogModuleManager: Display: Found up-to-date module file ../../../Engine/Plugins/Media/MediaCompositing/Binaries/Win64/UE4Editor-MediaCompositing.dll (API version 3709383).
LogModuleManager: Display: Found up-to-date module file ../../../Engine/Plugins/Media/MediaCompositing/Binaries/Win64/UE4Editor-MediaCompositingEditor.dll (API version 3709383).
LogModuleManager: Display: Found up-to-date module file ../../../Engine/Plugins/Media/MediaPlayerEditor/Binaries/Win64/UE4Editor-MediaPlayerEditor.dll (API version 3709383).
LogModuleManager: Display: Found up-to-date module file ../../../Engine/Plugins/Media/WmfMedia/Binaries/Win64/UE4Editor-WmfMedia.dll (API version 3709383).
LogModuleManager: Display: Found up-to-date module file ../../../Engine/Plugins/Media/WmfMedia/Binaries/Win64/UE4Editor-WmfMediaEditor.dll (API version 3709383).
LogModuleManager: Display: Found up-to-date module file ../../../Engine/Plugins/Media/WmfMedia/Binaries/Win64/UE4Editor-WmfMediaFactory.dll (API version 3709383).
LogModuleManager: Display: Found up-to-date module file ../../../Engine/Plugins/Media/WmfMedia/Binaries/Win64/UE4Editor-WmfMediaFactory.dll (API version 3709383).
LogModuleManager: Display: Found up-to-date module file ../../../Engine/Plugins/Messaging/TcpMessaging/Binaries/Win64/UE4Editor-TcpMessaging.dll (API version 3709383).
LogModuleManager: Display: Found up-to-date module file ../../../Engine/Plugins/Messaging/UdpMessaging/Binaries/Win64/UE4Editor-UdpMessaging.dll (API version 3709383).
LogModuleManager: Display: Found up-to-date module file ../../../Engine/Plugins/MovieScene/ActorSequence/Binaries/Win64/UE4Editor-ActorSequence.dll (API version 3709383).
LogModuleManager: Display: Found up-to-date module file ../../../Engine/Plugins/MovieScene/LevelSequenceEditor/Binaries/Win64/UE4Editor-LevelSequenceEditor.dll (API version 3709383).
LogModuleManager: Display: Found up-to-date module file ../../../Engine/Plugins/MovieScene/MatineeToLevelSequence/Binaries/Win64/UE4Editor-MatineeToLevelSequence.dll (API version 3709383).
LogModuleManager: Display: Found up-to-date module file ../../../Engine/Plugins/Online/OnlineSubsystem/Binaries/Win64/UE4Editor-OnlineSubsystem.dll (API version 3709383).
LogModuleManager: Display: Found up-to-date module file ../../../Engine/Plugins/Runtime/AndroidPermission/Binaries/Win64/UE4Editor-AndroidPermission.dll (API version 3709383).
LogModuleManager: Display: Found up-to-date module file ../../../Engine/Plugins/Online/OnlineSubsystemNull/Binaries/Win64/UE4Editor-OnlineSubsystemNull.dll (API version 3709383).
LogModuleManager: Display: Found up-to-date module file ../../../Engine/Plugins/Online/OnlineSubsystemUtils/Binaries/Win64/UE4Editor-OnlineSubsystemUtils.dll (API version 3709383).
LogModuleManager: Display: Found up-to-date module file ../../../Engine/Plugins/Online/OnlineSubsystemUtils/Binaries/Win64/UE4Editor-OnlineBlueprintSupport.dll (API version 3709383).
LogModuleManager: Display: Found up-to-date module file ../../../Engine/Plugins/Runtime/AndroidDeviceProfileSelector/Binaries/Win64/UE4Editor-AndroidDeviceProfileSelector.dll (API version 3709383).
LogModuleManager: Display: Found up-to-date module file ../../../Engine/Plugins/Runtime/AppleARKit/Binaries/Win64/UE4Editor-AppleARKit.dll (API version 3709383).
LogModuleManager: Display: Found up-to-date module file ../../../Engine/Plugins/Runtime/ArchVisCharacter/Binaries/Win64/UE4Editor-ArchVisCharacter.dll (API version 3709383).
LogModuleManager: Display: Found up-to-date module file ../../../Engine/Plugins/Runtime/CableComponent/Binaries/Win64/UE4Editor-CableComponent.dll (API version 3709383).
LogModuleManager: Display: Found up-to-date module file ../../../Engine/Plugins/Runtime/CustomMeshComponent/Binaries/Win64/UE4Editor-CustomMeshComponent.dll (API version 3709383).
LogModuleManager: Display: Found up-to-date module file ../../../Engine/Plugins/Runtime/ExampleDeviceProfileSelector/Binaries/Win64/UE4Editor-ExampleDeviceProfileSelector.dll (API version 3709383).
LogModuleManager: Display: Found up-to-date module file ../../../Engine/Plugins/Runtime/ImmediatePhysics/Binaries/Win64/UE4Editor-ImmediatePhysics.dll (API version 3709383).
LogModuleManager: Display: Found up-to-date module file ../../../Engine/Plugins/Runtime/ImmediatePhysics/Binaries/Win64/UE4Editor-ImmediatePhysicsEditor.dll (API version 3709383).
LogModuleManager: Display: Found up-to-date module file ../../../Engine/Plugins/Runtime/LocationServicesBPLibrary/Binaries/Win64/UE4Editor-LocationServicesBPLibrary.dll (API version 3709383).
LogModuleManager: Display: Found up-to-date module file ../../../Engine/Plugins/Runtime/MobilePatchingUtils/Binaries/Win64/UE4Editor-MobilePatchingUtils.dll (API version 3709383).
LogModuleManager: Display: Found up-to-date module file ../../../Engine/Plugins/Runtime/Oculus/OculusVR/Binaries/Win64/UE4Editor-OculusHMD.dll (API version 3709383).
LogModuleManager: Display: Found up-to-date module file ../../../Engine/Plugins/Runtime/Oculus/OculusVR/Binaries/Win64/UE4Editor-OculusInput.dll (API version 3709383).
LogModuleManager: Display: Found up-to-date module file ../../../Engine/Plugins/Runtime/Oculus/OculusVR/Binaries/Win64/UE4Editor-OculusEditor.dll (API version 3709383).
LogModuleManager: Display: Found up-to-date module file ../../../Engine/Plugins/Runtime/PhysXVehicles/Binaries/Win64/UE4Editor-PhysXVehicles.dll (API version 3709383).
LogModuleManager: Display: Found up-to-date module file ../../../Engine/Plugins/Runtime/PhysXVehicles/Binaries/Win64/UE4Editor-PhysXVehiclesEditor.dll (API version 3709383).
LogModuleManager: Display: Found up-to-date module file ../../../Engine/Plugins/Runtime/ProceduralMeshComponent/Binaries/Win64/UE4Editor-ProceduralMeshComponent.dll (API version 3709383).
LogModuleManager: Display: Found up-to-date module file ../../../Engine/Plugins/Runtime/ProceduralMeshComponent/Binaries/Win64/UE4Editor-ProceduralMeshComponentEditor.dll (API version 3709383).
LogModuleManager: Display: Found up-to-date module file ../../../Engine/Plugins/Runtime/RuntimePhysXCooking/Binaries/Win64/UE4Editor-RuntimePhysXCooking.dll (API version 3709383).
LogModuleManager: Display: Found up-to-date module file ../../../Engine/Plugins/Runtime/Steam/SteamVR/Binaries/Win64/UE4Editor-SteamVR.dll (API version 3709383).
LogModuleManager: Display: Found up-to-date module file ../../../Engine/Plugins/Runtime/Steam/SteamVR/Binaries/Win64/UE4Editor-SteamVRController.dll (API version 3709383).
LogModuleManager: Display: Found up-to-date module file ../../../Engine/Plugins/Runtime/WindowsMoviePlayer/Binaries/Win64/UE4Editor-WindowsMoviePlayer.dll (API version 3709383).
LogPluginManager: Mounting plugin Paper2D
LogPluginManager: Mounting plugin LightPropagationVolume
LogPluginManager: Mounting plugin CodeLiteSourceCodeAccess
LogPluginManager: Mounting plugin GitSourceControl
LogPluginManager: Mounting plugin KDevelopSourceCodeAccess
LogPluginManager: Mounting plugin NullSourceCodeAccess
LogPluginManager: Mounting plugin PerforceSourceControl
LogPluginManager: Mounting plugin SubversionSourceControl
LogPluginManager: Mounting plugin UObjectPlugin
LogPluginManager: Mounting plugin VisualStudioCodeSourceCodeAccess
LogPluginManager: Mounting plugin VisualStudioSourceCodeAccess
LogPluginManager: Mounting plugin XCodeSourceCodeAccess
LogPluginManager: Mounting plugin AssetManagerEditor
LogPluginManager: Mounting plugin AudioCapture
LogPluginManager: Mounting plugin FacialAnimation
LogPluginManager: Mounting plugin GameplayTagsEditor
LogPluginManager: Mounting plugin MobileLauncherProfileWizard
LogPluginManager: Mounting plugin PluginBrowser
LogPluginManager: Mounting plugin SpeedTreeImporter
LogPluginManager: Mounting plugin AlembicImporter
LogPluginManager: Mounting plugin CharacterAI
LogPluginManager: Mounting plugin HTML5Networking
LogPluginManager: Mounting plugin AndroidMedia
LogPluginManager: Mounting plugin AvfMedia
LogPluginManager: Mounting plugin ImgMedia
LogPluginManager: Mounting plugin MediaCompositing
LogPluginManager: Mounting plugin MediaPlayerEditor
LogPluginManager: Mounting plugin WmfMedia
LogPluginManager: Mounting plugin TcpMessaging
LogPluginManager: Mounting plugin UdpMessaging
LogPluginManager: Mounting plugin ActorSequence
LogPluginManager: Mounting plugin LevelSequenceEditor
LogPluginManager: Mounting plugin MatineeToLevelSequence
LogPluginManager: Mounting plugin OnlineSubsystemGooglePlay
LogPluginManager: Mounting plugin OnlineSubsystemIOS
LogPluginManager: Mounting plugin OnlineSubsystem
LogPluginManager: Mounting plugin OnlineSubsystemNull
LogPluginManager: Mounting plugin OnlineSubsystemUtils
LogPluginManager: Mounting plugin AndroidDeviceProfileSelector
LogPluginManager: Mounting plugin AndroidMoviePlayer
LogPluginManager: Mounting plugin AndroidPermission
LogPluginManager: Mounting plugin AppleARKit
LogPluginManager: Mounting plugin AppleMoviePlayer
LogPluginManager: Mounting plugin ArchVisCharacter
LogPluginManager: Mounting plugin CableComponent
LogPluginManager: Mounting plugin CustomMeshComponent
LogPluginManager: Mounting plugin ExampleDeviceProfileSelector
LogPluginManager: Mounting plugin GoogleCloudMessaging
LogPluginManager: Mounting plugin ImmediatePhysics
LogPluginManager: Mounting plugin IOSDeviceProfileSelector
LogPluginManager: Mounting plugin LinuxDeviceProfileSelector
LogPluginManager: Mounting plugin LocationServicesBPLibrary
LogPluginManager: Mounting plugin MobilePatchingUtils
LogPluginManager: Mounting plugin OculusVR
LogPluginManager: Plugin shader directory ../../../Engine/Plugins/Runtime/Oculus/OculusVR/Shaders found
LogPluginManager: Mapping shader source directory ../../../Engine/Plugins/Runtime/Oculus/OculusVR/Shaders to virtual directory /Plugin/OculusVR
LogPluginManager: Mounting plugin PhysXVehicles
LogPluginManager: Mounting plugin ProceduralMeshComponent
LogPluginManager: Mounting plugin RuntimePhysXCooking
LogPluginManager: Mounting plugin SteamVR
LogPluginManager: Mounting plugin WindowsMoviePlayer
LogInit: Using libcurl 7.47.1
LogInit:  - built for x86_64-pc-win32
LogInit:  - supports SSL with OpenSSL/1.0.2g
LogInit:  - supports HTTP deflate (compression) using libz 1.2.8
LogInit:  - other features:
LogInit:      CURL_VERSION_SSL
LogInit:      CURL_VERSION_LIBZ
LogInit:      CURL_VERSION_IPV6
LogInit:      CURL_VERSION_ASYNCHDNS
LogInit:      CURL_VERSION_LARGEFILE
LogInit:      CURL_VERSION_IDN
LogInit:  CurlRequestOptions (configurable via config and command line):
LogInit:  - bVerifyPeer = false  - Libcurl will NOT verify peer certificate
LogInit:  - bUseHttpProxy = false  - Libcurl will NOT use HTTP proxy
LogInit:  - bDontReuseConnections = false  - Libcurl will reuse connections
LogInit:  - CertBundlePath = nullptr  - Libcurl will use whatever was configured at build time.
LogInit: Build: ++UE4+Release-4.18-CL-3794801
LogInit: Engine Version: 4.18.2-3794801+++UE4+Release-4.18
LogInit: Compatible Engine Version: 4.18.0-3709383+++UE4+Release-4.18
LogInit: Net CL: 3709383
LogDevObjectVersion: Number of dev versions registered: 16
LogDevObjectVersion:   Dev-Blueprints (B0D832E4-1F89-4F0D-ACCF-7EB736FD4AA2): 10
LogDevObjectVersion:   Dev-Build (E1C64328-A22C-4D53-A36C-8E866417BD8C): 0
LogDevObjectVersion:   Dev-Core (375EC13C-06E4-48FB-B500-84F0262A717E): 2
LogDevObjectVersion:   Dev-Editor (E4B068ED-F494-42E9-A231-DA0B2E46BB41): 20
LogDevObjectVersion:   Dev-Framework (CFFC743F-43B0-4480-9391-14DF171D2073): 30
LogDevObjectVersion:   Dev-Mobile (B02B49B5-BB20-44E9-A304-32B752E40360): 0
LogDevObjectVersion:   Dev-Networking (A4E4105C-59A1-49B5-A7C5-40C4547EDFEE): 0
LogDevObjectVersion:   Dev-Online (39C831C9-5AE6-47DC-9A44-9C173E1C8E7C): 0
LogDevObjectVersion:   Dev-Physics (78F01B33-EBEA-4F98-B9B4-84EACCB95AA2): 0
LogDevObjectVersion:   Dev-Platform (6631380F-2D4D-43E0-8009-CF276956A95A): 0
LogDevObjectVersion:   Dev-Rendering (12F88B9F-8875-4AFC-A67C-D90C383ABD29): 20
LogDevObjectVersion:   Dev-Sequencer (7B5AE74C-D270-4C10-A958-57980B212A5A): 4
LogDevObjectVersion:   Dev-VR (D7296918-1DD6-4BDD-9DE2-64A83CC13884): 0
LogDevObjectVersion:   Dev-LoadTimes (C2A15278-BFE7-4AFE-6C17-90FF531DF755): 1
LogDevObjectVersion:   Private-Geometry (6EACA3D4-40EC-4CC1-B786-8BED09428FC5): 1
LogDevObjectVersion:   Dev-AnimPhys (29E575DD-E0A3-4627-9D10-D276232CDCEA): 12
LogInit: Compiled (64-bit): Dec  8 2017 02:04:53
LogInit: Compiled with Visual C++: 19.00.24215.01
LogInit: Build Configuration: Development
LogInit: Branch Name: ++UE4+Release-4.18
LogInit: Command line: 
LogInit: Base directory: C:/Program Files/Epic Games/UE_4.18/Engine/Binaries/Win64/
LogInit: Installed Engine Build: 1
LogInit: Presizing for max 8388607 objects, including 0 objects not considered by GC, pre-allocating 0 bytes for permanent pool.
LogInit: Object subsystem initialized
[2018.01.14-07.39.11:410][  0]LogInit: Selected Device Profile: [Windows]
[2018.01.14-07.39.11:410][  0]LogInit: Applying CVar settings loaded from the selected device profile: [Windows]
[2018.01.14-07.39.11:486][  0]LogInit: Computer: SHADOWLEAF-PC
[2018.01.14-07.39.11:486][  0]LogInit: User: shadowleaf
[2018.01.14-07.39.11:486][  0]LogInit: CPU Page size=4096, Cores=4
[2018.01.14-07.39.11:486][  0]LogInit: High frequency timer resolution =3.117788 MHz
[2018.01.14-07.39.11:487][  0]LogMemory: Memory total: Physical=8.0GB (8GB approx)
[2018.01.14-07.39.11:487][  0]LogMemory: Platform Memory Stats for Windows
[2018.01.14-07.39.11:487][  0]LogMemory: Process Physical Memory: 272.58 MB used, 272.58 MB peak
[2018.01.14-07.39.11:487][  0]LogMemory: Process Virtual Memory: 271.55 MB used, 271.55 MB peak
[2018.01.14-07.39.11:487][  0]LogMemory: Physical Memory: 4009.80 MB used,  4148.27 MB free, 8158.07 MB total
[2018.01.14-07.39.11:487][  0]LogMemory: Virtual Memory: 645.27 MB used,  4148.27 MB free, 134217728.00 MB total
[2018.01.14-07.39.11:677][  0]LogInit: Using OS detected language (en-GB).
[2018.01.14-07.39.11:677][  0]LogInit: Using OS detected locale (en-US).
[2018.01.14-07.39.11:681][  0]LogTextLocalizationManager: No specific localization for 'en-GB' exists, so the 'en' localization will be used.
[2018.01.14-07.39.12:091][  0]LogInit: Setting process to per monitor DPI aware
[2018.01.14-07.39.12:373][  0]LogD3D11RHI: D3D11 adapters:
[2018.01.14-07.39.12:385][  0]LogD3D11RHI:    0. 'AMD Radeon HD 7700 Series' (Feature Level 11_0)
[2018.01.14-07.39.12:385][  0]LogD3D11RHI:       1005/0/4079 MB DedicatedVideo/DedicatedSystem/SharedSystem, Outputs:1, VendorId:0x1002
[2018.01.14-07.39.12:386][  0]LogD3D11RHI:    1. 'Microsoft Basic Render Driver' (Feature Level 11_0)
[2018.01.14-07.39.12:386][  0]LogD3D11RHI:       0/0/4079 MB DedicatedVideo/DedicatedSystem/SharedSystem, Outputs:0, VendorId:0x1414
[2018.01.14-07.39.12:386][  0]LogD3D11RHI: Chosen D3D11 Adapter: 0
[2018.01.14-07.39.12:391][  0]LogD3D11RHI: Creating new Direct3DDevice
[2018.01.14-07.39.12:391][  0]LogD3D11RHI:     GPU DeviceId: 0x6837 (for the marketing name, search the web for "GPU Device Id")
[2018.01.14-07.39.12:391][  0]LogWindows: EnumDisplayDevices:
[2018.01.14-07.39.12:392][  0]LogWindows:    0. 'AMD Radeon HD 7700 Series' (P:1 D:1)
[2018.01.14-07.39.12:392][  0]LogWindows:    1. 'AMD Radeon HD 7700 Series' (P:0 D:0)
[2018.01.14-07.39.12:392][  0]LogWindows:    2. 'AMD Radeon HD 7700 Series' (P:0 D:0)
[2018.01.14-07.39.12:392][  0]LogWindows:    3. 'AMD Radeon HD 7700 Series' (P:0 D:0)
[2018.01.14-07.39.12:393][  0]LogWindows:    4. 'AMD Radeon HD 7700 Series' (P:0 D:0)
[2018.01.14-07.39.12:393][  0]LogWindows:    5. 'AMD Radeon HD 7700 Series' (P:0 D:0)
[2018.01.14-07.39.12:393][  0]LogWindows: DebugString: FoundDriverCount:6 
[2018.01.14-07.39.12:393][  0]LogD3D11RHI:     Adapter Name: AMD Radeon HD 7700 Series
[2018.01.14-07.39.12:393][  0]LogD3D11RHI:   Driver Version: Crimson ReLive 17.4.4 (internal:22.19.162.4, unified:22.19.162.4)
[2018.01.14-07.39.12:393][  0]LogD3D11RHI:      Driver Date: 4-24-2017
[2018.01.14-07.39.12:393][  0]LogRHI: Texture pool is 703 MB (70% of 1005 MB)
[2018.01.14-07.39.12:437][  0]LogD3D11RHI: Async texture creation enabled
[2018.01.14-07.39.12:447][  0]LogD3D11RHI: GPU Timing Frequency: 27.000000 (Debug: 2 1)
[2018.01.14-07.39.12:448][  0]LogShaderCompilers: Guid format shader working directory is 9 characters bigger than the processId version (D:/InnovationChallenge/InnovationChallenge/Intermediate/Shaders/WorkingDirectory/7108/).
[2018.01.14-07.39.12:448][  0]LogShaderCompilers: Cleaned the shader compiler working directory 'C:/Users/shadowleaf/AppData/Local/Temp/UnrealShaderWorkingDir/BB7F1B3348E38BAF177B2FBD6452AFA3/'.
[2018.01.14-07.39.12:448][  0]LogShaderCompilers: Display: Using Local Shader Compiler.
[2018.01.14-07.39.13:790][  0]LogTemp: Display: Loaded TP AllDesktopTargetPlatform
[2018.01.14-07.39.13:855][  0]LogTemp: Display: Loaded TP MacClientTargetPlatform
[2018.01.14-07.39.13:917][  0]LogTemp: Display: Loaded TP MacNoEditorTargetPlatform
[2018.01.14-07.39.13:982][  0]LogTemp: Display: Loaded TP MacServerTargetPlatform
[2018.01.14-07.39.14:049][  0]LogTemp: Display: Loaded TP MacTargetPlatform
[2018.01.14-07.39.14:112][  0]LogTemp: Display: Loaded TP WindowsClientTargetPlatform
[2018.01.14-07.39.14:176][  0]LogTemp: Display: Loaded TP WindowsNoEditorTargetPlatform
[2018.01.14-07.39.14:244][  0]LogTemp: Display: Loaded TP WindowsServerTargetPlatform
[2018.01.14-07.39.14:300][  0]LogTemp: Display: Loaded TP WindowsTargetPlatform
[2018.01.14-07.39.14:363][  0]LogTemp: Display: Loaded TP Android_ASTCTargetPlatform
[2018.01.14-07.39.14:425][  0]LogTemp: Display: Loaded TP Android_ATCTargetPlatform
[2018.01.14-07.39.14:487][  0]LogTemp: Display: Loaded TP Android_DXTTargetPlatform
[2018.01.14-07.39.14:551][  0]LogTemp: Display: Loaded TP Android_ETC1TargetPlatform
[2018.01.14-07.39.14:614][  0]LogTemp: Display: Loaded TP Android_ETC2TargetPlatform
[2018.01.14-07.39.14:741][  0]LogTemp: Display: Loaded TP Android_MultiTargetPlatform
[2018.01.14-07.39.14:741][  0]LogTemp: Display: Loaded TP Android_PVRTCTargetPlatform
[2018.01.14-07.39.14:803][  0]LogTemp: Display: Loaded TP AndroidTargetPlatform
[2018.01.14-07.39.14:854][  0]LogTemp: Display: Loaded TP HTML5TargetPlatform
[2018.01.14-07.39.14:957][  0]LogTemp: Display: Loaded TP IOSTargetPlatform
[2018.01.14-07.39.14:986][  0]LogTemp: Display: Loaded TP TVOSTargetPlatform
[2018.01.14-07.39.15:048][  0]LogTemp: Display: Loaded TP LinuxClientTargetPlatform
[2018.01.14-07.39.15:109][  0]LogTemp: Display: Loaded TP LinuxNoEditorTargetPlatform
[2018.01.14-07.39.15:170][  0]LogTemp: Display: Loaded TP LinuxServerTargetPlatform
[2018.01.14-07.39.15:232][  0]LogTemp: Display: Loaded TP LinuxTargetPlatform
[2018.01.14-07.39.15:232][  0]LogTargetPlatformManager: Display: Building Assets For Windows
[2018.01.14-07.39.15:812][  0]LogDerivedDataCache: Display: Max Cache Size: 512 MB
[2018.01.14-07.39.15:920][  0]LogDerivedDataCache: Loaded boot cache 0.11s 78MB C:/Users/shadowleaf/AppData/Local/UnrealEngine/4.18/DerivedDataCache/Boot.ddc.
[2018.01.14-07.39.15:921][  0]LogDerivedDataCache: Display: Loaded Boot cache: C:/Users/shadowleaf/AppData/Local/UnrealEngine/4.18/DerivedDataCache/Boot.ddc
[2018.01.14-07.39.15:921][  0]LogDerivedDataCache: FDerivedDataBackendGraph:  Pak pak cache file D:/InnovationChallenge/InnovationChallenge/DerivedDataCache/DDC.ddp not found, will not use a pak cache.
[2018.01.14-07.39.15:921][  0]LogDerivedDataCache: Unable to find inner node Pak for hierarchical cache Hierarchy.
[2018.01.14-07.39.15:921][  0]LogDerivedDataCache: FDerivedDataBackendGraph:  CompressedPak pak cache file D:/InnovationChallenge/InnovationChallenge/DerivedDataCache/Compressed.ddp not found, will not use a pak cache.
[2018.01.14-07.39.15:921][  0]LogDerivedDataCache: Unable to find inner node CompressedPak for hierarchical cache Hierarchy.
[2018.01.14-07.39.15:937][  0]LogDerivedDataCache: Display: Pak cache opened for reading ../../../Engine/DerivedDataCache/Compressed.ddp.
[2018.01.14-07.39.15:951][  0]LogDerivedDataCache: Using Local data cache path C:/Users/shadowleaf/AppData/Local/UnrealEngine/Common/DerivedDataCache: Writable
[2018.01.14-07.39.15:961][  0]LogMaterial: Verifying Global Shaders for PCD3D_SM5
[2018.01.14-07.39.15:961][  0]LogSlate: Using Freetype 2.6.0
[2018.01.14-07.39.15:962][  0]LogSlate: SlateFontCache - WITH_FREETYPE: 1, WITH_HARFBUZZ: 1
[2018.01.14-07.39.15:962][  0]LogSlate: SlateFontCache - WITH_FREETYPE: 1, WITH_HARFBUZZ: 1
[2018.01.14-07.39.16:369][  0]LogInit: Selected Device Profile: [Windows]
[2018.01.14-07.39.16:778][  0]LogSimplygon: Simplygon DLL not present - disabling.
[2018.01.14-07.39.16:829][  0]LogMeshReduction: Using SimplygonSwarm for distributed automatic mesh merging
[2018.01.14-07.39.16:829][  0]LogMeshReduction: Using QuadricMeshReduction for automatic static mesh reduction
[2018.01.14-07.39.16:829][  0]LogMeshReduction: No automatic skeletal mesh reduction module available
[2018.01.14-07.39.16:829][  0]LogMeshReduction: No automatic mesh merging module available
[2018.01.14-07.39.16:829][  0]LogMeshMerging: No automatic mesh merging module available
[2018.01.14-07.39.16:867][  0]LogNetVersion: InnovationChallenge , NetCL: 3709383, EngineNetVer: 2, GameNetVer: 0 (Checksum: 2867483579)
[2018.01.14-07.39.17:057][  0]LogAssetRegistry: FAssetRegistry took 0.0259 seconds to start up
[2018.01.14-07.39.17:673][  0]LogPackageLocalizationCache: Processed 7 localized package path(s) for 2 prioritized culture(s) in 0.071031 seconds
[2018.01.14-07.39.17:679][  0]LogUObjectArray: 35900 objects as part of root set at end of initial load.
[2018.01.14-07.39.17:679][  0]LogUObjectAllocator: 7372016 out of 0 bytes used by permanent object pool.
[2018.01.14-07.39.17:679][  0]LogUObjectArray: CloseDisregardForGC: 0/0 objects in disregard for GC pool
[2018.01.14-07.39.17:739][  0]LogInit: WinSock: version 1.1 (2.2), MaxSocks=32767, MaxUdp=65467
[2018.01.14-07.39.21:096][  0]LogTcpMessaging: Initializing TcpMessaging bridge
[2018.01.14-07.39.21:149][  0]LogUdpMessaging: Initializing bridge on interface 0.0.0.0:0 to multicast group 230.0.0.1:6666.
[2018.01.14-07.39.22:078][  0]LogMaterial: Uniform references updated for custom material expression Custom.
[2018.01.14-07.39.22:639][  0]SourceControl: Source control is disabled
[2018.01.14-07.39.22:639][  0]SourceControl: Source control is disabled
[2018.01.14-07.39.22:716][  0]SourceControl: Source control is disabled
[2018.01.14-07.39.22:790][  0]SourceControl: Source control is disabled
[2018.01.14-07.39.23:913][  0]LogAndroidPermission: UAndroidPermissionCallbackProxy::GetInstance
[2018.01.14-07.39.24:287][  0]LogOcInput: OculusInput pre-init called
[2018.01.14-07.39.24:666][  0]LogEngine: Initializing Engine...
[2018.01.14-07.39.24:669][  0]LogHMD: Failed to initialize OpenVR with code 110
[2018.01.14-07.39.24:954][  0]LogStats: UGameplayTagsManager::ConstructGameplayTagTree: Construct from data asset -  0.000 s
[2018.01.14-07.39.24:954][  0]LogStats: UGameplayTagsManager::ConstructGameplayTagTree: GameplayTagTreeChangedEvent.Broadcast -  0.000 s
[2018.01.14-07.39.25:116][  0]LogAIModule: Creating AISystem for world Untitled
[2018.01.14-07.39.25:127][  0]LogInit: XAudio2 using 'Realtek HD Audio 2nd output (Realtek High Definition Audio)' : 2 channels at 48 kHz using 32 bits per sample (channel mask 0x3)
[2018.01.14-07.39.25:143][  0]LogInit: FAudioDevice initialized.
[2018.01.14-07.39.25:430][  0]LogDerivedDataCache: Saved boot cache 0.29s 78MB C:/Users/shadowleaf/AppData/Local/UnrealEngine/4.18/DerivedDataCache/Boot.ddc.
[2018.01.14-07.39.25:473][  0]LogInit: Texture streaming: Enabled
[2018.01.14-07.39.25:605][  0]LogEngineSessionManager: EngineSessionManager initialized
[2018.01.14-07.39.25:774][  0]LogInit: Transaction tracking system initialized
[2018.01.14-07.39.26:172][  0]BlueprintLog: New page: Editor Load
[2018.01.14-07.39.27:289][  0]LocalizationService: Localization service is disabled
[2018.01.14-07.39.28:246][  0]LogConsoleResponse: Display: 
[2018.01.14-07.39.28:466][  0]LogCook: Display: Max memory allowance for cook 16384mb min free memory 0mb
[2018.01.14-07.39.28:466][  0]LogCook: Display: Mobile HDR setting 1
[2018.01.14-07.39.28:466][  0]LogGameplayTags: Display: UGameplayTagsManager::DoneAddingNativeTags. DelegateIsBound: 0
[2018.01.14-07.39.29:378][  0]LogFileCache: Scanning file cache for directory 'D:/InnovationChallenge/InnovationChallenge/Content/' took 0.02s
[2018.01.14-07.39.30:147][  0]SourceControl: Source control is disabled
[2018.01.14-07.39.30:147][  0]Cmd: MAP LOAD FILE="D:/InnovationChallenge/InnovationChallenge/Content/FirstPersonBP/Maps/FirstPersonExampleMap.umap" TEMPLATE=0 SHOWPROGRESS=1 FEATURELEVEL=3
[2018.01.14-07.39.30:185][  0]LightingResults: New page: Lighting Build
[2018.01.14-07.39.30:250][  0]MapCheck: New page: Map Check
[2018.01.14-07.39.30:250][  0]LightingResults: New page: Lighting Build
[2018.01.14-07.39.34:555][  0]LogAIModule: Creating AISystem for world FirstPersonExampleMap
[2018.01.14-07.39.34:581][  0]LogEditorServer: Finished looking for orphan Actors (0.000 secs)
[2018.01.14-07.39.34:598][  0]Cmd: MAP CHECKDEP NOCLEARLOG
[2018.01.14-07.39.34:694][  0]MapCheck: Map check complete: 0 Error(s), 0 Warning(s), took 95.745ms to complete.
[2018.01.14-07.39.34:694][  0]LogFileHelpers: Loading map 'FirstPersonExampleMap' took 4.547
[2018.01.14-07.39.35:303][  0]LogCollectionManager: Loaded 0 collections in 0.003088 seconds
[2018.01.14-07.39.35:408][  0]LogFileCache: Scanning file cache for directory 'D:/InnovationChallenge/InnovationChallenge/Saved/Collections/' took 0.01s
[2018.01.14-07.39.35:408][  0]LogFileCache: Scanning file cache for directory 'D:/InnovationChallenge/InnovationChallenge/Content/Developers/shadowleaf/Collections/' took 0.01s
[2018.01.14-07.39.35:408][  0]LogFileCache: Scanning file cache for directory 'D:/InnovationChallenge/InnovationChallenge/Content/Collections/' took 0.01s
[2018.01.14-07.39.35:408][  0]LogCollectionManager: Rebuilt the GUID cache for 0 collections in 0.000000 seconds
[2018.01.14-07.39.35:418][  0]LogContentBrowser: Native class hierarchy populated in 0.0094 seconds. Added 2363 classes and 519 folders.
[2018.01.14-07.39.35:504][  0]LogContentBrowser: Native class hierarchy updated for 'WidgetCarousel' in 0.0003 seconds. Added 0 classes and 0 folders.
[2018.01.14-07.39.37:506][  0]LogContentBrowser: Native class hierarchy updated for 'AddContentDialog' in 0.0005 seconds. Added 0 classes and 0 folders.
[2018.01.14-07.39.37:580][  0]LogContentBrowser: Native class hierarchy updated for 'SceneOutliner' in 0.0003 seconds. Added 1 classes and 2 folders.
[2018.01.14-07.39.37:619][  0]LogSlate: Took 0.000237 seconds to synchronously load lazily loaded font '../../../Engine/Content/Slate/Fonts/Roboto-Regular.ttf' (155K)
[2018.01.14-07.39.37:621][  0]LogSlate: Took 0.000281 seconds to synchronously load lazily loaded font '../../../Engine/Content/Slate/Fonts/Roboto-Bold.ttf' (160K)
[2018.01.14-07.39.37:655][  0]LogSlate: Took 0.028688 seconds to synchronously load lazily loaded font '../../../Engine/Content/Editor/Slate/Fonts/FontAwesome.ttf' (139K)
[2018.01.14-07.39.38:276][  0]LogRenderer: Reallocating scene render targets to support 1208x576 Format 10 NumSamples 1 (Frame:1).
[2018.01.14-07.39.38:518][  0]LogContentBrowser: Native class hierarchy updated for 'HierarchicalLODOutliner' in 0.0003 seconds. Added 1 classes and 2 folders.
[2018.01.14-07.39.38:518][  0]LogLoad: (Engine Initialization) Total time: 30.69 seconds
[2018.01.14-07.39.38:518][  0]LogLoad: (Engine Initialization) Total Blueprint compile time: 0.00 seconds
[2018.01.14-07.39.38:518][  0]LogExternalProfiler: No external profilers were discovered.  External profiling features will not be available.
[2018.01.14-07.39.38:530][  0]LogWindowsTextInputMethodSystem: Display: IME system now deactivated.
[2018.01.14-07.39.38:549][  0]LogContentStreaming: Texture pool size now 1000 MB
[2018.01.14-07.39.38:615][  0]LogSlate: Took 0.025273 seconds to synchronously load lazily loaded font '../../../Engine/Content/Slate/Fonts/Roboto-Light.ttf' (159K)
[2018.01.14-07.39.38:661][  1]LogAssetRegistry: Asset discovery search completed in 21.6252 seconds
[2018.01.14-07.39.38:663][  1]LogCollectionManager: Rebuilt the object cache for 0 collections in 0.000000 seconds (found 0 objects)
[2018.01.14-07.39.38:663][  1]LogCollectionManager: Fixed up redirectors for 0 collections in 0.000040 seconds (updated 0 objects)
[2018.01.14-07.39.41:093][ 85]LogTemp: Repeating last play command: Selected Viewport
[2018.01.14-07.39.41:157][ 85]LogBlueprintUserMessages: Early PlayInEditor Detection: Level '/Game/FirstPersonBP/Maps/FirstPersonExampleMap.FirstPersonExampleMap:PersistentLevel' has LevelScriptBlueprint '/Game/FirstPersonBP/Maps/FirstPersonExampleMap.FirstPersonExampleMap:PersistentLevel.FirstPersonExampleMap' with GeneratedClass '/Game/FirstPersonBP/Maps/FirstPersonExampleMap.FirstPersonExampleMap_C' with ClassGeneratedBy '/Game/FirstPersonBP/Maps/FirstPersonExampleMap.FirstPersonExampleMap:PersistentLevel.FirstPersonExampleMap'
[2018.01.14-07.39.41:158][ 85]LogPlayLevel: PlayLevel: No blueprints needed recompiling
[2018.01.14-07.39.41:186][ 85]PIE: New page: PIE session: FirstPersonExampleMap (Jan 14, 2018, 6:39:41 PM)
[2018.01.14-07.39.41:186][ 85]LogPlayLevel: Creating play world package: /Game/FirstPersonBP/Maps/UEDPIE_0_FirstPersonExampleMap
[2018.01.14-07.39.41:243][ 85]LogPlayLevel: PIE: StaticDuplicateObject took: (0.057197s)
[2018.01.14-07.39.41:244][ 85]LogAIModule: Creating AISystem for world FirstPersonExampleMap
[2018.01.14-07.39.41:244][ 85]LogPlayLevel: PIE: World Init took: (0.001203s)
[2018.01.14-07.39.41:245][ 85]LogPlayLevel: PIE: Created PIE world by copying editor world from /Game/FirstPersonBP/Maps/FirstPersonExampleMap.FirstPersonExampleMap to /Game/FirstPersonBP/Maps/UEDPIE_0_FirstPersonExampleMap.FirstPersonExampleMap (0.058808s)
[2018.01.14-07.39.41:272][ 85]LogInit: XAudio2 using 'Realtek HD Audio 2nd output (Realtek High Definition Audio)' : 2 channels at 48 kHz using 32 bits per sample (channel mask 0x3)
[2018.01.14-07.39.41:283][ 85]LogInit: FAudioDevice initialized.
[2018.01.14-07.39.41:328][ 85]LogLoad: Game class is 'FirstPersonGameMode_C'
[2018.01.14-07.39.41:347][ 85]LogWorld: Bringing World /Game/FirstPersonBP/Maps/UEDPIE_0_FirstPersonExampleMap.FirstPersonExampleMap up for play (max tick rate 0) at 2018.01.14-13.09.41
[2018.01.14-07.39.41:347][ 85]LogWorld: Bringing up level for play took: 0.002393
[2018.01.14-07.39.41:421][ 85]LogContentBrowser: Native class hierarchy updated for 'MovieSceneCapture' in 0.0004 seconds. Added 11 classes and 0 folders.
[2018.01.14-07.39.41:422][ 85]PIE: Play in editor start time for /Game/FirstPersonBP/Maps/UEDPIE_0_FirstPersonExampleMap 0.07
[2018.01.14-07.39.41:422][ 85]LogBlueprintUserMessages: Late PlayInEditor Detection: Level '/Game/FirstPersonBP/Maps/FirstPersonExampleMap.FirstPersonExampleMap:PersistentLevel' has LevelScriptBlueprint '/Game/FirstPersonBP/Maps/FirstPersonExampleMap.FirstPersonExampleMap:PersistentLevel.FirstPersonExampleMap' with GeneratedClass '/Game/FirstPersonBP/Maps/FirstPersonExampleMap.FirstPersonExampleMap_C' with ClassGeneratedBy '/Game/FirstPersonBP/Maps/FirstPersonExampleMap.FirstPersonExampleMap:PersistentLevel.FirstPersonExampleMap'
[2018.01.14-07.39.48:384][447]LogSpawn: Warning: SpawnActor failed because of collision at the spawn location [X=856.185 Y=-48.257 Z=315.238] for [FirstPersonProjectile_C]
[2018.01.14-07.39.49:707][520]LogBlueprintUserMessages: Early EndPlayMap Detection: Level '/Game/FirstPersonBP/Maps/FirstPersonExampleMap.FirstPersonExampleMap:PersistentLevel' has LevelScriptBlueprint '/Game/FirstPersonBP/Maps/FirstPersonExampleMap.FirstPersonExampleMap:PersistentLevel.FirstPersonExampleMap' with GeneratedClass '/Game/FirstPersonBP/Maps/FirstPersonExampleMap.FirstPersonExampleMap_C' with ClassGeneratedBy '/Game/FirstPersonBP/Maps/FirstPersonExampleMap.FirstPersonExampleMap:PersistentLevel.FirstPersonExampleMap'
[2018.01.14-07.39.49:754][520]LogBlueprintUserMessages: Late EndPlayMap Detection: Level '/Game/FirstPersonBP/Maps/FirstPersonExampleMap.FirstPersonExampleMap:PersistentLevel' has LevelScriptBlueprint '/Game/FirstPersonBP/Maps/FirstPersonExampleMap.FirstPersonExampleMap:PersistentLevel.FirstPersonExampleMap' with GeneratedClass '/Game/FirstPersonBP/Maps/FirstPersonExampleMap.FirstPersonExampleMap_C' with ClassGeneratedBy '/Game/FirstPersonBP/Maps/FirstPersonExampleMap.FirstPersonExampleMap:PersistentLevel.FirstPersonExampleMap'
[2018.01.14-07.40.07:489][365]LogActorFactory: Actor Factory created Shape_Pipe_180
[2018.01.14-07.40.08:478][411]LogActorFactory: Actor Factory created Shape_Pipe_180
[2018.01.14-07.40.08:670][411]LogEditorViewport: Clicking on Actor (LMB): StaticMeshActor (Floor)
[2018.01.14-07.40.09:773][436]LogActorFactory: Actor Factory created Shape_Trim_90_In
[2018.01.14-07.40.10:375][461]LogActorFactory: Actor Factory created Shape_Trim_90_In
[2018.01.14-07.40.10:608][468]LogEditorViewport: Clicking on Actor (LMB): StaticMeshActor (Floor)
[2018.01.14-07.40.11:473][485]LogActorFactory: Actor Factory created Shape_Wedge_B
[2018.01.14-07.40.11:937][503]LogActorFactory: Actor Factory created Shape_Wedge_B
[2018.01.14-07.40.12:157][508]LogEditorViewport: Clicking on Actor (LMB): StaticMeshActor (Shape_Wedge_B)
[2018.01.14-07.40.12:943][524]LogActorFactory: Actor Factory created Shape_WideCapsule
[2018.01.14-07.40.13:571][552]LogActorFactory: Actor Factory created Shape_WideCapsule
[2018.01.14-07.40.13:721][556]LogEditorViewport: Clicking on Actor (LMB): StaticMeshActor (Shape_WideCapsule)
[2018.01.14-07.40.14:747][603]LogTemp: Repeating last play command: Selected Viewport
[2018.01.14-07.40.14:761][603]LogBlueprintUserMessages: Early PlayInEditor Detection: Level '/Game/FirstPersonBP/Maps/FirstPersonExampleMap.FirstPersonExampleMap:PersistentLevel' has LevelScriptBlueprint '/Game/FirstPersonBP/Maps/FirstPersonExampleMap.FirstPersonExampleMap:PersistentLevel.FirstPersonExampleMap' with GeneratedClass '/Game/FirstPersonBP/Maps/FirstPersonExampleMap.FirstPersonExampleMap_C' with ClassGeneratedBy '/Game/FirstPersonBP/Maps/FirstPersonExampleMap.FirstPersonExampleMap:PersistentLevel.FirstPersonExampleMap'
[2018.01.14-07.40.14:761][603]LogPlayLevel: PlayLevel: No blueprints needed recompiling
[2018.01.14-07.40.14:761][603]PIE: New page: PIE session: FirstPersonExampleMap (Jan 14, 2018, 6:40:14 PM)
[2018.01.14-07.40.14:762][603]LogPlayLevel: Creating play world package: /Game/FirstPersonBP/Maps/UEDPIE_0_FirstPersonExampleMap
[2018.01.14-07.40.14:788][603]LogPlayLevel: PIE: StaticDuplicateObject took: (0.026362s)
[2018.01.14-07.40.14:789][603]LogAIModule: Creating AISystem for world FirstPersonExampleMap
[2018.01.14-07.40.14:789][603]LogPlayLevel: PIE: World Init took: (0.001189s)
[2018.01.14-07.40.14:790][603]LogPlayLevel: PIE: Created PIE world by copying editor world from /Game/FirstPersonBP/Maps/FirstPersonExampleMap.FirstPersonExampleMap to /Game/FirstPersonBP/Maps/UEDPIE_0_FirstPersonExampleMap.FirstPersonExampleMap (0.028103s)
[2018.01.14-07.40.14:808][603]LogInit: XAudio2 using 'Realtek HD Audio 2nd output (Realtek High Definition Audio)' : 2 channels at 48 kHz using 32 bits per sample (channel mask 0x3)
[2018.01.14-07.40.14:818][603]LogInit: FAudioDevice initialized.
[2018.01.14-07.40.14:850][603]LogLoad: Game class is 'FirstPersonGameMode_C'
[2018.01.14-07.40.14:853][603]LogWorld: Bringing World /Game/FirstPersonBP/Maps/UEDPIE_0_FirstPersonExampleMap.FirstPersonExampleMap up for play (max tick rate 0) at 2018.01.14-13.10.14
[2018.01.14-07.40.14:853][603]LogWorld: Bringing up level for play took: 0.002131
[2018.01.14-07.40.14:854][603]PIE: Play in editor start time for /Game/FirstPersonBP/Maps/UEDPIE_0_FirstPersonExampleMap -0.498
[2018.01.14-07.40.14:854][603]LogBlueprintUserMessages: Late PlayInEditor Detection: Level '/Game/FirstPersonBP/Maps/FirstPersonExampleMap.FirstPersonExampleMap:PersistentLevel' has LevelScriptBlueprint '/Game/FirstPersonBP/Maps/FirstPersonExampleMap.FirstPersonExampleMap:PersistentLevel.FirstPersonExampleMap' with GeneratedClass '/Game/FirstPersonBP/Maps/FirstPersonExampleMap.FirstPersonExampleMap_C' with ClassGeneratedBy '/Game/FirstPersonBP/Maps/FirstPersonExampleMap.FirstPersonExampleMap:PersistentLevel.FirstPersonExampleMap'
[2018.01.14-07.40.39:042][883]LogBlueprintUserMessages: Early EndPlayMap Detection: Level '/Game/FirstPersonBP/Maps/FirstPersonExampleMap.FirstPersonExampleMap:PersistentLevel' has LevelScriptBlueprint '/Game/FirstPersonBP/Maps/FirstPersonExampleMap.FirstPersonExampleMap:PersistentLevel.FirstPersonExampleMap' with GeneratedClass '/Game/FirstPersonBP/Maps/FirstPersonExampleMap.FirstPersonExampleMap_C' with ClassGeneratedBy '/Game/FirstPersonBP/Maps/FirstPersonExampleMap.FirstPersonExampleMap:PersistentLevel.FirstPersonExampleMap'
[2018.01.14-07.40.39:096][883]LogBlueprintUserMessages: Late EndPlayMap Detection: Level '/Game/FirstPersonBP/Maps/FirstPersonExampleMap.FirstPersonExampleMap:PersistentLevel' has LevelScriptBlueprint '/Game/FirstPersonBP/Maps/FirstPersonExampleMap.FirstPersonExampleMap:PersistentLevel.FirstPersonExampleMap' with GeneratedClass '/Game/FirstPersonBP/Maps/FirstPersonExampleMap.FirstPersonExampleMap_C' with ClassGeneratedBy '/Game/FirstPersonBP/Maps/FirstPersonExampleMap.FirstPersonExampleMap:PersistentLevel.FirstPersonExampleMap'
[2018.01.14-07.40.39:912][916]LogEditorViewport: Clicking on Actor (context menu): StaticMeshActor (Shape_WideCapsule)
[2018.01.14-07.40.44:055][ 86]LogEditorViewport: Clicking on Actor (LMB): StaticMeshActor (Shape_WideCapsule)
[2018.01.14-07.40.44:995][130]Cmd: TRANSACTION UNDO
[2018.01.14-07.40.44:995][130]LogEditorTransaction: Undo Clicking on Actors
[2018.01.14-07.40.45:061][130]LogSlate: Took 0.000876 seconds to synchronously load lazily loaded font '../../../Engine/Content/Slate/Fonts/Roboto-Light.ttf' (159K)
[2018.01.14-07.40.45:228][138]Cmd: TRANSACTION UNDO
[2018.01.14-07.40.45:228][138]LogEditorTransaction: Undo Clicking on Actors (context menu)
[2018.01.14-07.40.45:448][146]Cmd: TRANSACTION UNDO
[2018.01.14-07.40.45:448][146]LogEditorTransaction: Undo Clicking on Actors
[2018.01.14-07.40.45:752][158]Cmd: TRANSACTION UNDO
[2018.01.14-07.40.45:752][158]LogEditorTransaction: Undo Create Actors
[2018.01.14-07.40.46:105][170]Cmd: TRANSACTION UNDO
[2018.01.14-07.40.46:105][170]LogEditorTransaction: Undo Clicking on Actors
[2018.01.14-07.40.46:461][185]Cmd: TRANSACTION UNDO
[2018.01.14-07.40.46:461][185]LogEditorTransaction: Undo Create Actors
[2018.01.14-07.40.47:475][224]Cmd: TRANSACTION UNDO
[2018.01.14-07.40.47:475][224]LogEditorTransaction: Undo Clicking on Actors
[2018.01.14-07.40.47:909][241]Cmd: TRANSACTION UNDO
[2018.01.14-07.40.47:909][241]LogEditorTransaction: Undo Create Actors
[2018.01.14-07.40.48:308][255]Cmd: TRANSACTION UNDO
[2018.01.14-07.40.48:308][255]LogEditorTransaction: Undo Clicking on Actors
[2018.01.14-07.40.49:548][305]Cmd: TRANSACTION UNDO
[2018.01.14-07.40.49:549][305]LogEditorTransaction: Undo Create Actors
[2018.01.14-07.40.51:762][397]LogSlate: Took 0.000424 seconds to synchronously load lazily loaded font '../../../Engine/Content/Slate/Fonts/Roboto-Light.ttf' (159K)
[2018.01.14-07.40.51:954][397]LogSavePackage: Save=136.46ms
[2018.01.14-07.40.51:954][397]LogSavePackage: Moving 'D:/InnovationChallenge/InnovationChallenge/Saved/FirstPersonExampleMap60CD9EA0428ACDC3431409A08666F67F.tmp' to 'D:/InnovationChallenge/InnovationChallenge/Content/FirstPersonBP/Maps/FirstPersonExampleMap.umap'
[2018.01.14-07.40.51:957][397]LogSavePackage: Display: Finished SavePackage D:/InnovationChallenge/InnovationChallenge/Content/FirstPersonBP/Maps/FirstPersonExampleMap.umap
[2018.01.14-07.40.53:205][397]LogSlate: Took 0.000246 seconds to synchronously load lazily loaded font '../../../Engine/Content/Slate/Fonts/Roboto-Regular.ttf' (155K)
[2018.01.14-07.40.53:569][397]LogSavePackage: Save=1455.82ms
[2018.01.14-07.40.53:569][397]LogSavePackage: Moving 'D:/InnovationChallenge/InnovationChallenge/Saved/FirstPersonExampleMap_BuiltData9A4129094D93CC28D11C4B8564AF492F.tmp' to 'D:/InnovationChallenge/InnovationChallenge/Content/FirstPersonBP/Maps/FirstPersonExampleMap_BuiltData.uasset'
[2018.01.14-07.40.53:571][397]LogSavePackage: Display: Finished SavePackage D:/InnovationChallenge/InnovationChallenge/Content/FirstPersonBP/Maps/FirstPersonExampleMap_BuiltData.uasset
[2018.01.14-07.43.16:708][342]LogEditorViewport: Clicking on Actor (LMB): TextRenderActor (TemplateLabel)
[2018.01.14-07.43.21:289][554]LogEditorViewport: Clicking on Actor (LMB): StaticMeshActor (Floor)
[2018.01.14-07.43.22:381][599]LogEditorViewport: Clicking on Actor (LMB): StaticMeshActor (EditorCube21)
[2018.01.14-07.43.22:938][620]LogEditorViewport: Clicking on Actor (LMB): StaticMeshActor (EditorCube20)
[2018.01.14-07.43.23:795][658]LogEditorViewport: Clicking on Actor (LMB): StaticMeshActor (Floor)
[2018.01.14-07.43.55:396][982]LogMaterial: Missing cached shader map for material FoliageBrushSphereMaterial, compiling. 
[2018.01.14-07.44.05:442][368]LogActorComponent: UnregisterComponent: (/Engine/Transient.SphereBrushComponent) Not registered. Aborting.
[2018.01.14-07.44.06:123][394]LogMaterial: Missing cached shader map for material LayerVisMaterial, compiling. 
[2018.01.14-07.44.06:208][394]LogMaterial: Missing cached shader map for material LayerVisMaterial, compiling. 
[2018.01.14-07.44.06:302][394]LogMaterial: Missing cached shader map for material SelectBrushMaterial, compiling. 
[2018.01.14-07.44.06:317][394]LogMaterial: Missing cached shader map for material SelectBrushMaterial, compiling. 
[2018.01.14-07.44.06:369][394]LogMaterial: Missing cached shader map for material SelectBrushMaterial, compiling. 
[2018.01.14-07.44.06:382][394]LogMaterial: Missing cached shader map for material SelectBrushMaterial, compiling. 
[2018.01.14-07.44.06:472][394]LogMaterial: Missing cached shader map for material MaskBrushMaterial, compiling. 
[2018.01.14-07.44.06:485][394]LogMaterial: Missing cached shader map for material MaskBrushMaterial, compiling. 
[2018.01.14-07.44.06:498][394]LogMaterial: Missing cached shader map for material MaskBrushMaterial, compiling. 
[2018.01.14-07.44.06:602][394]LogMaterial: Missing cached shader map for material LandscapeLayerUsageMaterial, compiling. 
[2018.01.14-07.44.06:615][394]LogMaterial: Missing cached shader map for material LandscapeLayerUsageMaterial, compiling. 
[2018.01.14-07.44.06:764][394]LogMaterial: Missing cached shader map for material MirrorPlaneMaterial, compiling. 
[2018.01.14-07.44.06:861][394]LogMaterial: Missing cached shader map for material CircleBrushMaterial, compiling. 
[2018.01.14-07.44.06:877][394]LogMaterial: Missing cached shader map for material CircleBrushMaterial, compiling. 
[2018.01.14-07.44.06:892][394]LogMaterial: Missing cached shader map for material CircleBrushMaterial, compiling. 
[2018.01.14-07.44.06:935][394]LogMaterial: Missing cached shader map for material CircleBrushMaterial, compiling. 
[2018.01.14-07.44.06:979][394]LogMaterial: Missing cached shader map for material CircleBrushMaterial, compiling. 
[2018.01.14-07.44.06:994][394]LogMaterial: Missing cached shader map for material CircleBrushMaterial, compiling. 
[2018.01.14-07.44.07:035][394]LogMaterial: Missing cached shader map for material CircleBrushMaterial, compiling. 
[2018.01.14-07.44.07:050][394]LogMaterial: Missing cached shader map for material CircleBrushMaterial, compiling. 
[2018.01.14-07.44.07:142][394]LogMaterial: Missing cached shader map for material AlphaBrushMaterial, compiling. 
[2018.01.14-07.44.07:157][394]LogMaterial: Missing cached shader map for material AlphaBrushMaterial, compiling. 
[2018.01.14-07.44.07:205][394]LogMaterial: Missing cached shader map for material CircleBrushMaterial, compiling. 
[2018.01.14-07.44.07:223][394]LogMaterial: Missing cached shader map for material CircleBrushMaterial, compiling. 
[2018.01.14-07.44.07:270][394]LogMaterial: Missing cached shader map for material MaskBrushMaterial, compiling. 
[2018.01.14-07.44.07:284][394]LogMaterial: Missing cached shader map for material MaskBrushMaterial, compiling. 
[2018.01.14-07.44.07:359][394]LogTexture: Display: Building textures: Texture2D_2 (G8, 128X128)
[2018.01.14-07.50.52:043][ 37]LogSavePackage: Save=140.04ms
[2018.01.14-07.50.52:043][ 37]LogSavePackage: Moving 'D:/InnovationChallenge/InnovationChallenge/Saved/FirstPersonExampleMap_Auto16D6EC7B44E3FC62826F21282E1221FA7.tmp' to 'D:/InnovationChallenge/InnovationChallenge/Saved/Autosaves/Game/FirstPersonBP/Maps/FirstPersonExampleMap_Auto1.umap'
[2018.01.14-07.50.52:044][ 37]LogSavePackage: Display: Finished SavePackage D:/InnovationChallenge/InnovationChallenge/Saved/Autosaves/Game/FirstPersonBP/Maps/FirstPersonExampleMap_Auto1.umap
[2018.01.14-07.50.52:049][ 37]LogFileHelpers: Editor autosave (incl. sublevels) for '/Game/FirstPersonBP/Maps/FirstPersonExampleMap' took 0.256
[2018.01.14-07.50.52:049][ 37]LogFileHelpers: Editor autosave (incl. sublevels) for all levels took 0.256
[2018.01.14-07.51.26:015][589]LogSlate: Took 0.022329 seconds to synchronously load lazily loaded font '../../../Engine/Content/Editor/Slate/Fonts/Roboto-Italic.ttf' (157K)
[2018.01.14-07.53.20:722][877]LogPlayLevel: Warning: PIE failed because map save was canceled
[2018.01.14-07.53.20:723][877]PIE: Warning: PIE failed because map save was canceled
[2018.01.14-07.54.37:732][437]LogEditorViewport: Clicking on Actor (LMB): StaticMeshActor (Floor)
[2018.01.14-07.54.55:035][935]Cmd: QUIT_EDITOR
[2018.01.14-07.54.55:514][935]LogWindowsTextInputMethodSystem: Display: IME system now deactivated.
[2018.01.14-07.54.55:528][935]LogExit: Preparing to exit.
[2018.01.14-07.54.56:528][935]LogExit: Editor shut down
[2018.01.14-07.54.56:533][935]LogExit: Transaction tracking system shut down
[2018.01.14-07.54.56:627][935]LogDirectoryWatcher: A directory notification for '../../../Engine/Content/' was aborted.
[2018.01.14-07.54.56:627][935]LogDirectoryWatcher: A directory notification for 'D:/InnovationChallenge/InnovationChallenge/Content/' was aborted.
[2018.01.14-07.54.56:627][935]LogDirectoryWatcher: A directory notification for '../../../Engine/Plugins/2D/Paper2D/Content/' was aborted.
[2018.01.14-07.54.56:627][935]LogDirectoryWatcher: A directory notification for '../../../Engine/Plugins/Media/MediaCompositing/Content/' was aborted.
[2018.01.14-07.54.56:627][935]LogDirectoryWatcher: A directory notification for '../../../Engine/Plugins/Runtime/AppleARKit/Content/' was aborted.
[2018.01.14-07.54.56:627][935]LogDirectoryWatcher: A directory notification for '../../../Engine/Plugins/Runtime/Oculus/OculusVR/Content/' was aborted.
[2018.01.14-07.54.56:627][935]LogDirectoryWatcher: A directory notification for '../../../Engine/Plugins/Runtime/Steam/SteamVR/Content/' was aborted.
[2018.01.14-07.54.56:731][935]LogExit: Object subsystem successfully closed.
[2018.01.14-07.54.56:746][935]LogD3D11RHI: Shutdown
[2018.01.14-07.54.56:746][935]LogD3D11RHI: CleanupD3DDevice
[2018.01.14-07.54.56:749][935]LogD3D11RHI: ~FD3D11DynamicRHI
[2018.01.14-07.54.56:777][935]LogModuleManager: Shutting down and abandoning module MovieSceneCapture (550)
[2018.01.14-07.54.56:777][935]LogModuleManager: Shutting down and abandoning module HierarchicalLODOutliner (548)
[2018.01.14-07.54.56:777][935]LogModuleManager: Shutting down and abandoning module SceneOutliner (546)
[2018.01.14-07.54.56:777][935]LogModuleManager: Shutting down and abandoning module AddContentDialog (544)
[2018.01.14-07.54.56:797][935]LogDirectoryWatcher: A directory notification for 'C:/Program Files/Epic Games/UE_4.18/FeaturePacks/' was aborted.
[2018.01.14-07.54.56:799][935]LogModuleManager: Shutting down and abandoning module WidgetCarousel (543)
[2018.01.14-07.54.56:799][935]LogModuleManager: Shutting down and abandoning module EditorWidgets (540)
[2018.01.14-07.54.56:799][935]LogModuleManager: Shutting down and abandoning module CollectionManager (538)
[2018.01.14-07.54.56:799][935]LogDirectoryWatcher: A directory notification for 'D:/InnovationChallenge/InnovationChallenge/Content/Collections/' was aborted.
[2018.01.14-07.54.56:800][935]LogDirectoryWatcher: A directory notification for 'D:/InnovationChallenge/InnovationChallenge/Content/Developers/shadowleaf/Collections/' was aborted.
[2018.01.14-07.54.56:800][935]LogDirectoryWatcher: A directory notification for 'D:/InnovationChallenge/InnovationChallenge/Saved/Collections/' was aborted.
[2018.01.14-07.54.56:800][935]LogModuleManager: Shutting down and abandoning module StatsViewer (536)
[2018.01.14-07.54.56:800][935]LogModuleManager: Shutting down and abandoning module FoliageEdit (534)
[2018.01.14-07.54.56:800][935]LogModuleManager: Shutting down and abandoning module LandscapeEditor (532)
[2018.01.14-07.54.56:800][935]LogModuleManager: Shutting down and abandoning module MeshPaintMode (530)
[2018.01.14-07.54.56:800][935]LogModuleManager: Shutting down and abandoning module SceneDepthPickerMode (528)
[2018.01.14-07.54.56:800][935]LogModuleManager: Shutting down and abandoning module ActorPickerMode (526)
[2018.01.14-07.54.56:800][935]LogModuleManager: Shutting down and abandoning module GeometryMode (524)
[2018.01.14-07.54.56:800][935]LogModuleManager: Shutting down and abandoning module TextureAlignMode (522)
[2018.01.14-07.54.56:800][935]LogModuleManager: Shutting down and abandoning module BspMode (520)
[2018.01.14-07.54.56:800][935]LogModuleManager: Shutting down and abandoning module PIEPreviewDeviceProfileSelector (518)
[2018.01.14-07.54.56:800][935]LogModuleManager: Shutting down and abandoning module HardwareSurvey (516)
[2018.01.14-07.54.56:800][935]LogModuleManager: Shutting down and abandoning module SequenceRecorderSections (514)
[2018.01.14-07.54.56:800][935]LogModuleManager: Shutting down and abandoning module AutomationWorker (512)
[2018.01.14-07.54.56:800][935]LogModuleManager: Shutting down and abandoning module MatineeToLevelSequence (510)
[2018.01.14-07.54.56:800][935]LogModuleManager: Shutting down and abandoning module LevelSequenceEditor (508)
[2018.01.14-07.54.56:800][935]LogModuleManager: Shutting down and abandoning module PlacementMode (507)
[2018.01.14-07.54.56:800][935]LogModuleManager: Shutting down and abandoning module WmfMediaFactory (504)
[2018.01.14-07.54.56:800][935]LogModuleManager: Shutting down and abandoning module WmfMediaEditor (502)
[2018.01.14-07.54.56:800][935]LogModuleManager: Shutting down and abandoning module OpenExrWrapper (500)
[2018.01.14-07.54.56:800][935]LogModuleManager: Shutting down and abandoning module ImgMediaFactory (498)
[2018.01.14-07.54.56:800][935]LogModuleManager: Shutting down and abandoning module ImgMediaEditor (496)
[2018.01.14-07.54.56:800][935]LogModuleManager: Shutting down and abandoning module AvfMediaFactory (494)
[2018.01.14-07.54.56:800][935]LogModuleManager: Shutting down and abandoning module AvfMediaEditor (492)
[2018.01.14-07.54.56:800][935]LogModuleManager: Shutting down and abandoning module AndroidMediaFactory (490)
[2018.01.14-07.54.56:800][935]LogModuleManager: Shutting down and abandoning module AndroidMediaEditor (488)
[2018.01.14-07.54.56:800][935]LogModuleManager: Shutting down and abandoning module CharacterAI (486)
[2018.01.14-07.54.56:800][935]LogModuleManager: Shutting down and abandoning module AudioCapture (484)
[2018.01.14-07.54.56:800][935]LogModuleManager: Shutting down and abandoning module SequenceRecorder (483)
[2018.01.14-07.54.56:800][935]LogModuleManager: Shutting down and abandoning module SmartSnapping (480)
[2018.01.14-07.54.56:800][935]LogModuleManager: Shutting down and abandoning module SessionServices (478)
[2018.01.14-07.54.56:800][935]LogModuleManager: Shutting down and abandoning module ViewportSnapping (476)
[2018.01.14-07.54.56:800][935]LogModuleManager: Shutting down and abandoning module ViewportInteraction (474)
[2018.01.14-07.54.56:800][935]LogModuleManager: Shutting down and abandoning module ClothPainter (472)
[2018.01.14-07.54.56:800][935]LogModuleManager: Shutting down and abandoning module SkeletalMeshEditor (471)
[2018.01.14-07.54.56:801][935]LogModuleManager: Shutting down and abandoning module LogVisualizer (468)
[2018.01.14-07.54.56:801][935]LogModuleManager: Shutting down and abandoning module IntroTutorials (466)
[2018.01.14-07.54.56:801][935]LogModuleManager: Shutting down and abandoning module GameProjectGeneration (465)
[2018.01.14-07.54.56:801][935]LogModuleManager: Shutting down and abandoning module IOSPlatformEditor (462)
[2018.01.14-07.54.56:801][935]LogModuleManager: Shutting down and abandoning module HTML5PlatformEditor (460)
[2018.01.14-07.54.56:801][935]LogModuleManager: Shutting down and abandoning module AndroidPlatformEditor (458)
[2018.01.14-07.54.56:801][935]LogModuleManager: Shutting down and abandoning module AndroidDeviceDetection (457)
[2018.01.14-07.54.57:119][935]LogModuleManager: Shutting down and abandoning module WindowsPlatformEditor (454)
[2018.01.14-07.54.57:119][935]LogModuleManager: Shutting down and abandoning module IOSRuntimeSettings (452)
[2018.01.14-07.54.57:119][935]LogModuleManager: Shutting down and abandoning module AndroidRuntimeSettings (450)
[2018.01.14-07.54.57:119][935]LogModuleManager: Shutting down and abandoning module InputBindingEditor (448)
[2018.01.14-07.54.57:119][935]LogModuleManager: Shutting down and abandoning module MergeActors (446)
[2018.01.14-07.54.57:119][935]LogModuleManager: Shutting down and abandoning module SizeMap (444)
[2018.01.14-07.54.57:119][935]LogModuleManager: Shutting down and abandoning module TreeMap (442)
[2018.01.14-07.54.57:119][935]LogModuleManager: Shutting down and abandoning module ReferenceViewer (440)
[2018.01.14-07.54.57:119][935]LogModuleManager: Shutting down and abandoning module LocalizationDashboard (438)
[2018.01.14-07.54.57:119][935]LogModuleManager: Shutting down and abandoning module LocalizationService (437)
[2018.01.14-07.54.57:119][935]LogModuleManager: Shutting down and abandoning module HardwareTargeting (434)
[2018.01.14-07.54.57:119][935]LogModuleManager: Shutting down and abandoning module DeviceProfileEditor (432)
[2018.01.14-07.54.57:119][935]LogModuleManager: Shutting down and abandoning module UndoHistory (430)
[2018.01.14-07.54.57:119][935]LogModuleManager: Shutting down and abandoning module XmlParser (428)
[2018.01.14-07.54.57:119][935]LogModuleManager: Shutting down and abandoning module Blutility (426)
[2018.01.14-07.54.57:120][935]LogModuleManager: Shutting down and abandoning module ProjectSettingsViewer (424)
[2018.01.14-07.54.57:120][935]LogModuleManager: Shutting down and abandoning module ProjectTargetPlatformEditor (423)
[2018.01.14-07.54.57:120][935]LogModuleManager: Shutting down and abandoning module EditorSettingsViewer (420)
[2018.01.14-07.54.57:120][935]LogModuleManager: Shutting down and abandoning module SettingsEditor (418)
[2018.01.14-07.54.57:120][935]LogModuleManager: Shutting down and abandoning module ProjectLauncher (416)
[2018.01.14-07.54.57:120][935]LogModuleManager: Shutting down and abandoning module SessionFrontend (414)
[2018.01.14-07.54.57:120][935]LogModuleManager: Shutting down and abandoning module ProfilerClient (412)
[2018.01.14-07.54.57:120][935]LogModuleManager: Shutting down and abandoning module DeviceManager (410)
[2018.01.14-07.54.57:120][935]LogModuleManager: Shutting down and abandoning module TargetDeviceServices (409)
[2018.01.14-07.54.57:182][935]LogModuleManager: Shutting down and abandoning module AutomationController (406)
[2018.01.14-07.54.57:182][935]LogModuleManager: Shutting down and abandoning module AutomationWindow (404)
[2018.01.14-07.54.57:182][935]LogModuleManager: Shutting down and abandoning module Layers (402)
[2018.01.14-07.54.57:182][935]LogModuleManager: Shutting down and abandoning module ComponentVisualizers (400)
[2018.01.14-07.54.57:182][935]LogModuleManager: Shutting down and abandoning module DetailCustomizations (398)
[2018.01.14-07.54.57:182][935]LogModuleManager: Shutting down and abandoning module PackagesDialog (396)
[2018.01.14-07.54.57:183][935]LogModuleManager: Shutting down and abandoning module Persona (394)
[2018.01.14-07.54.57:183][935]LogModuleManager: Shutting down and abandoning module AdvancedPreviewScene (393)
[2018.01.14-07.54.57:183][935]LogModuleManager: Shutting down and abandoning module AnimGraph (391)
[2018.01.14-07.54.57:183][935]LogModuleManager: Shutting down and abandoning module Kismet (388)
[2018.01.14-07.54.57:183][935]LogModuleManager: Shutting down and abandoning module ClassViewer (386)
[2018.01.14-07.54.57:183][935]LogModuleManager: Shutting down and abandoning module Toolbox (384)
[2018.01.14-07.54.57:183][935]LogModuleManager: Shutting down and abandoning module ModuleUI (382)
[2018.01.14-07.54.57:183][935]LogModuleManager: Shutting down and abandoning module MovieSceneTools (380)
[2018.01.14-07.54.57:183][935]LogModuleManager: Shutting down and abandoning module OutputLog (378)
[2018.01.14-07.54.57:183][935]LogModuleManager: Shutting down and abandoning module GammaUI (376)
[2018.01.14-07.54.57:183][935]LogModuleManager: Shutting down and abandoning module Documentation (374)
[2018.01.14-07.54.57:183][935]LogModuleManager: Shutting down and abandoning module MovieSceneTracks (372)
[2018.01.14-07.54.57:183][935]LogModuleManager: Shutting down and abandoning module MovieScene (370)
[2018.01.14-07.54.57:184][935]LogModuleManager: Shutting down and abandoning module StreamingPauseRendering (368)
[2018.01.14-07.54.57:184][935]LogModuleManager: Shutting down and abandoning module LauncherPlatform (366)
[2018.01.14-07.54.57:184][935]LogModuleManager: Shutting down and abandoning module AnalyticsET (364)
[2018.01.14-07.54.57:184][935]LogModuleManager: Shutting down and abandoning module PortalServices (362)
[2018.01.14-07.54.57:184][935]LogModuleManager: Shutting down and abandoning module PortalRpc (360)
[2018.01.14-07.54.57:184][935]LogModuleManager: Shutting down and abandoning module MessagingRpc (358)
[2018.01.14-07.54.57:184][935]LogModuleManager: Shutting down and abandoning module AIModule (356)
[2018.01.14-07.54.57:184][935]LogModuleManager: Shutting down and abandoning module GameplayDebugger (355)
[2018.01.14-07.54.57:184][935]LogModuleManager: Shutting down and abandoning module AITestSuite (353)
[2018.01.14-07.54.57:184][935]LogModuleManager: Shutting down and abandoning module DesktopPlatform (350)
[2018.01.14-07.54.57:184][935]LogModuleManager: Shutting down and abandoning module ProfilerService (348)
[2018.01.14-07.54.57:346][935]LogModuleManager: Shutting down and abandoning module TaskGraph (346)
[2018.01.14-07.54.57:346][935]LogModuleManager: Shutting down and abandoning module SteamVRController (344)
[2018.01.14-07.54.57:346][935]LogModuleManager: Shutting down and abandoning module ProceduralMeshComponentEditor (342)
[2018.01.14-07.54.57:346][935]LogModuleManager: Shutting down and abandoning module ProceduralMeshComponent (340)
[2018.01.14-07.54.57:346][935]LogModuleManager: Shutting down and abandoning module OculusInput (338)
[2018.01.14-07.54.57:346][935]LogModuleManager: Shutting down and abandoning module MobilePatchingUtils (336)
[2018.01.14-07.54.57:346][935]LogModuleManager: Shutting down and abandoning module CustomMeshComponent (334)
[2018.01.14-07.54.57:346][935]LogModuleManager: Shutting down and abandoning module CableComponent (332)
[2018.01.14-07.54.57:346][935]LogModuleManager: Shutting down and abandoning module ArchVisCharacter (330)
[2018.01.14-07.54.57:346][935]LogModuleManager: Shutting down and abandoning module AndroidPermission (328)
[2018.01.14-07.54.57:346][935]LogModuleManager: Shutting down and abandoning module ActorSequence (324)
[2018.01.14-07.54.57:346][935]LogModuleManager: Shutting down and abandoning module MediaPlayerEditor (322)
[2018.01.14-07.54.57:346][935]LogModuleManager: Shutting down and abandoning module MediaCompositingEditor (320)
[2018.01.14-07.54.57:346][935]LogModuleManager: Shutting down and abandoning module MediaCompositing (318)
[2018.01.14-07.54.57:346][935]LogModuleManager: Shutting down and abandoning module HTML5Networking (316)
[2018.01.14-07.54.57:346][935]LogModuleManager: Shutting down and abandoning module AlembicImporter (314)
[2018.01.14-07.54.57:346][935]LogModuleManager: Shutting down and abandoning module AlembicLibrary (313)
[2018.01.14-07.54.57:346][935]LogModuleManager: Shutting down and abandoning module GeometryCache (312)
[2018.01.14-07.54.57:346][935]LogModuleManager: Shutting down and abandoning module GeometryCacheEd (311)
[2018.01.14-07.54.57:346][935]LogModuleManager: Shutting down and abandoning module SpeedTreeImporter (306)
[2018.01.14-07.54.57:346][935]LogModuleManager: Shutting down and abandoning module PluginBrowser (304)
[2018.01.14-07.54.57:347][935]LogModuleManager: Shutting down and abandoning module MobileLauncherProfileWizard (302)
[2018.01.14-07.54.57:347][935]LogModuleManager: Shutting down and abandoning module VisualStudioSourceCodeAccess (300)
[2018.01.14-07.54.57:347][935]LogModuleManager: Shutting down and abandoning module VisualStudioCodeSourceCodeAccess (298)
[2018.01.14-07.54.57:347][935]LogModuleManager: Shutting down and abandoning module UObjectPlugin (296)
[2018.01.14-07.54.57:347][935]LogModuleManager: Shutting down and abandoning module SubversionSourceControl (294)
[2018.01.14-07.54.57:347][935]LogModuleManager: Shutting down and abandoning module PerforceSourceControl (292)
[2018.01.14-07.54.57:347][935]LogModuleManager: Shutting down and abandoning module GitSourceControl (290)
[2018.01.14-07.54.57:347][935]LogModuleManager: Shutting down and abandoning module SourceControl (289)
[2018.01.14-07.54.57:347][935]LogModuleManager: Shutting down and abandoning module LightPropagationVolumeEditor (286)
[2018.01.14-07.54.57:347][935]LogModuleManager: Shutting down and abandoning module PaperTiledImporter (284)
[2018.01.14-07.54.57:347][935]LogModuleManager: Shutting down and abandoning module PaperSpriteSheetImporter (282)
[2018.01.14-07.54.57:347][935]LogModuleManager: Shutting down and abandoning module Paper2DEditor (280)
[2018.01.14-07.54.57:347][935]LogModuleManager: Shutting down and abandoning module MeshPaint (279)
[2018.01.14-07.54.57:347][935]LogModuleManager: Shutting down and abandoning module LevelEditor (277)
[2018.01.14-07.54.57:348][935]LogModuleManager: Shutting down and abandoning module PixelInspectorModule (276)
[2018.01.14-07.54.57:348][935]LogModuleManager: Shutting down and abandoning module MainFrame (274)
[2018.01.14-07.54.57:348][935]LogModuleManager: Shutting down and abandoning module HotReload (273)
[2018.01.14-07.54.57:348][935]LogModuleManager: Shutting down and abandoning module RuntimePhysXCooking (268)
[2018.01.14-07.54.57:348][935]LogModuleManager: Shutting down and abandoning module PhysXVehiclesEditor (266)
[2018.01.14-07.54.57:348][935]LogModuleManager: Shutting down and abandoning module PhysXVehicles (264)
[2018.01.14-07.54.57:348][935]LogModuleManager: Shutting down and abandoning module OculusEditor (262)
[2018.01.14-07.54.57:348][935]LogModuleManager: Shutting down and abandoning module LocationServicesBPLibrary (260)
[2018.01.14-07.54.57:348][935]LogModuleManager: Shutting down and abandoning module ImmediatePhysicsEditor (258)
[2018.01.14-07.54.57:348][935]LogModuleManager: Shutting down and abandoning module ImmediatePhysics (256)
[2018.01.14-07.54.57:349][935]LogModuleManager: Shutting down and abandoning module UdpMessaging (254)
[2018.01.14-07.54.57:449][935]LogModuleManager: Shutting down and abandoning module TcpMessaging (252)
[2018.01.14-07.54.57:549][935]LogModuleManager: Shutting down and abandoning module GameplayTagsEditor (250)
[2018.01.14-07.54.57:549][935]LogModuleManager: Shutting down and abandoning module FacialAnimationEditor (248)
[2018.01.14-07.54.57:549][935]LogModuleManager: Shutting down and abandoning module FacialAnimation (246)
[2018.01.14-07.54.57:549][935]LogModuleManager: Shutting down and abandoning module AssetManagerEditor (244)
[2018.01.14-07.54.57:549][935]LogModuleManager: Shutting down and abandoning module GraphEditor (243)
[2018.01.14-07.54.57:549][935]LogModuleManager: Shutting down and abandoning module ContentBrowser (241)
[2018.01.14-07.54.57:550][935]LogModuleManager: Shutting down and abandoning module LightPropagationVolumeRuntime (238)
[2018.01.14-07.54.57:550][935]LogModuleManager: Shutting down and abandoning module Paper2D (236)
[2018.01.14-07.54.57:550][935]LogModuleManager: Shutting down and abandoning module WindowsMoviePlayer (234)
[2018.01.14-07.54.57:550][935]LogModuleManager: Shutting down and abandoning module WmfMedia (232)
[2018.01.14-07.54.57:550][935]LogModuleManager: Shutting down and abandoning module ImgMedia (230)
[2018.01.14-07.54.57:550][935]LogModuleManager: Shutting down and abandoning module PacketHandler (228)
[2018.01.14-07.54.57:550][935]LogModuleManager: Shutting down and abandoning module ClothingSystemEditor (226)
[2018.01.14-07.54.57:550][935]LogModuleManager: Shutting down and abandoning module ClothingSystemRuntime (224)
[2018.01.14-07.54.57:551][935]LogModuleManager: Shutting down and abandoning module MediaAssets (222)
[2018.01.14-07.54.57:551][935]LogModuleManager: Shutting down and abandoning module Media (221)
[2018.01.14-07.54.57:557][935]LogModuleManager: Shutting down and abandoning module Overlay (218)
[2018.01.14-07.54.57:557][935]LogModuleManager: Shutting down and abandoning module OverlayEditor (217)
[2018.01.14-07.54.57:557][935]LogModuleManager: Shutting down and abandoning module VREditor (214)
[2018.01.14-07.54.57:557][935]LogModuleManager: Shutting down and abandoning module StringTableEditor (212)
[2018.01.14-07.54.57:557][935]LogModuleManager: Shutting down and abandoning module GameplayTasksEditor (210)
[2018.01.14-07.54.57:557][935]LogModuleManager: Shutting down and abandoning module BehaviorTreeEditor (208)
[2018.01.14-07.54.57:557][935]LogModuleManager: Shutting down and abandoning module FunctionalTesting (206)
[2018.01.14-07.54.57:557][935]LogModuleManager: Shutting down and abandoning module CollisionAnalyzer (204)
[2018.01.14-07.54.57:557][935]LogModuleManager: Shutting down and abandoning module WorkspaceMenuStructure (203)
[2018.01.14-07.54.57:557][935]LogModuleManager: Shutting down and abandoning module UMG (200)
[2018.01.14-07.54.57:557][935]LogModuleManager: Shutting down and abandoning module UMGEditor (199)
[2018.01.14-07.54.57:557][935]LogModuleManager: Shutting down and abandoning module Sequencer (198)
[2018.01.14-07.54.57:557][935]LogModuleManager: Shutting down and abandoning module MessageLog (195)
[2018.01.14-07.54.57:557][935]LogModuleManager: Shutting down and abandoning module SlateReflector (190)
[2018.01.14-07.54.57:557][935]LogModuleManager: Shutting down and abandoning module Slate (188)
[2018.01.14-07.54.57:557][935]LogModuleManager: Shutting down and abandoning module EditorStyle (186)
[2018.01.14-07.54.57:560][935]LogModuleManager: Shutting down and abandoning module MRMesh (184)
[2018.01.14-07.54.57:560][935]LogModuleManager: Shutting down and abandoning module SourceCodeAccess (182)
[2018.01.14-07.54.57:560][935]LogModuleManager: Shutting down and abandoning module HeadMountedDisplay (180)
[2018.01.14-07.54.57:560][935]LogModuleManager: Shutting down and abandoning module XAudio2 (178)
[2018.01.14-07.54.57:560][935]LogModuleManager: Shutting down and abandoning module Networking (176)
[2018.01.14-07.54.57:560][935]LogModuleManager: Shutting down and abandoning module Core (172)
[2018.01.14-07.54.57:560][935]LogModuleManager: Shutting down and abandoning module LevelSequence (168)
[2018.01.14-07.54.57:560][935]LogModuleManager: Shutting down and abandoning module DirectoryWatcher (166)
[2018.01.14-07.54.57:561][935]LogModuleManager: Shutting down and abandoning module KismetCompiler (164)
[2018.01.14-07.54.57:561][935]LogModuleManager: Shutting down and abandoning module MeshUtilities (162)
[2018.01.14-07.54.57:561][935]LogModuleManager: Shutting down and abandoning module MeshMergeUtilities (161)
[2018.01.14-07.54.57:561][935]LogModuleManager: Shutting down and abandoning module MeshReductionInterface (160)
[2018.01.14-07.54.57:561][935]LogModuleManager: Shutting down and abandoning module SimplygonSwarm (159)
[2018.01.14-07.54.57:561][935]LogModuleManager: Shutting down and abandoning module SimplygonMeshReduction (157)
[2018.01.14-07.54.57:561][935]LogModuleManager: Shutting down and abandoning module QuadricMeshReduction (155)
[2018.01.14-07.54.57:561][935]LogModuleManager: Shutting down and abandoning module MaterialBaking (151)
[2018.01.14-07.54.57:561][935]LogModuleManager: Shutting down and abandoning module DerivedDataCache (148)
[2018.01.14-07.54.57:574][935]LogDerivedDataCache: Shutdown
[2018.01.14-07.54.57:574][935]LogModuleManager: Shutting down and abandoning module TargetPlatform (146)
[2018.01.14-07.54.57:574][935]LogModuleManager: Shutting down and abandoning module VulkanShaderFormat (145)
[2018.01.14-07.54.57:574][935]LogModuleManager: Shutting down and abandoning module ShaderFormatVectorVM (143)
[2018.01.14-07.54.57:574][935]LogModuleManager: Shutting down and abandoning module ShaderFormatOpenGL (141)
[2018.01.14-07.54.57:574][935]LogModuleManager: Shutting down and abandoning module ShaderFormatD3D (139)
[2018.01.14-07.54.57:574][935]LogModuleManager: Shutting down and abandoning module MetalShaderFormat (137)
[2018.01.14-07.54.57:575][935]LogModuleManager: Shutting down and abandoning module TextureFormatUncompressed (135)
[2018.01.14-07.54.57:575][935]LogModuleManager: Shutting down and abandoning module TextureFormatPVR (133)
[2018.01.14-07.54.57:575][935]LogModuleManager: Shutting down and abandoning module TextureFormatDXT (131)
[2018.01.14-07.54.57:575][935]LogModuleManager: Shutting down and abandoning module TextureFormatIntelISPCTexComp (129)
[2018.01.14-07.54.57:575][935]LogModuleManager: Shutting down and abandoning module TextureFormatASTC (127)
[2018.01.14-07.54.57:575][935]LogModuleManager: Shutting down and abandoning module ImageWrapper (126)
[2018.01.14-07.54.57:575][935]LogModuleManager: Shutting down and abandoning module TextureFormatAndroid (123)
[2018.01.14-07.54.57:575][935]LogModuleManager: Shutting down and abandoning module AudioFormatOpus (121)
[2018.01.14-07.54.57:575][935]LogModuleManager: Shutting down and abandoning module AudioFormatOgg (119)
[2018.01.14-07.54.57:575][935]LogModuleManager: Shutting down and abandoning module AudioFormatADPCM (117)
[2018.01.14-07.54.57:575][935]LogModuleManager: Shutting down and abandoning module LinuxTargetPlatform (115)
[2018.01.14-07.54.57:575][935]LogModuleManager: Shutting down and abandoning module LinuxServerTargetPlatform (113)
[2018.01.14-07.54.57:575][935]LogModuleManager: Shutting down and abandoning module LinuxNoEditorTargetPlatform (111)
[2018.01.14-07.54.57:575][935]LogModuleManager: Shutting down and abandoning module LinuxClientTargetPlatform (109)
[2018.01.14-07.54.57:575][935]LogModuleManager: Shutting down and abandoning module TVOSTargetPlatform (107)
[2018.01.14-07.54.57:575][935]LogModuleManager: Shutting down and abandoning module Messaging (105)
[2018.01.14-07.54.57:575][935]LogModuleManager: Shutting down and abandoning module IOSTargetPlatform (103)
[2018.01.14-07.54.57:575][935]LogModuleManager: Shutting down and abandoning module HTML5TargetPlatform (101)
[2018.01.14-07.54.57:575][935]LogModuleManager: Shutting down and abandoning module AndroidTargetPlatform (99)
[2018.01.14-07.54.57:575][935]LogModuleManager: Shutting down and abandoning module Android_PVRTCTargetPlatform (97)
[2018.01.14-07.54.57:575][935]LogModuleManager: Shutting down and abandoning module Android_MultiTargetPlatform (95)
[2018.01.14-07.54.57:575][935]LogModuleManager: Shutting down and abandoning module Android_ETC2TargetPlatform (93)
[2018.01.14-07.54.57:575][935]LogModuleManager: Shutting down and abandoning module Android_ETC1TargetPlatform (91)
[2018.01.14-07.54.57:575][935]LogModuleManager: Shutting down and abandoning module Android_DXTTargetPlatform (89)
[2018.01.14-07.54.57:575][935]LogModuleManager: Shutting down and abandoning module Android_ATCTargetPlatform (87)
[2018.01.14-07.54.57:575][935]LogModuleManager: Shutting down and abandoning module Android_ASTCTargetPlatform (85)
[2018.01.14-07.54.57:575][935]LogModuleManager: Shutting down and abandoning module WindowsTargetPlatform (83)
[2018.01.14-07.54.57:575][935]LogModuleManager: Shutting down and abandoning module WindowsServerTargetPlatform (81)
[2018.01.14-07.54.57:575][935]LogModuleManager: Shutting down and abandoning module WindowsNoEditorTargetPlatform (79)
[2018.01.14-07.54.57:575][935]LogModuleManager: Shutting down and abandoning module WindowsClientTargetPlatform (77)
[2018.01.14-07.54.57:575][935]LogModuleManager: Shutting down and abandoning module MacTargetPlatform (75)
[2018.01.14-07.54.57:575][935]LogModuleManager: Shutting down and abandoning module MacServerTargetPlatform (73)
[2018.01.14-07.54.57:575][935]LogModuleManager: Shutting down and abandoning module MacNoEditorTargetPlatform (71)
[2018.01.14-07.54.57:575][935]LogModuleManager: Shutting down and abandoning module MacClientTargetPlatform (69)
[2018.01.14-07.54.57:575][935]LogModuleManager: Shutting down and abandoning module AllDesktopTargetPlatform (67)
[2018.01.14-07.54.57:575][935]LogModuleManager: Shutting down and abandoning module InputCore (64)
[2018.01.14-07.54.57:575][935]LogModuleManager: Shutting down and abandoning module Settings (62)
[2018.01.14-07.54.57:575][935]LogModuleManager: Shutting down and abandoning module PhysXCooking (60)
[2018.01.14-07.54.57:575][935]LogModuleManager: Shutting down and abandoning module SteamVR (58)
[2018.01.14-07.54.57:575][935]LogModuleManager: Shutting down and abandoning module OculusHMD (56)
[2018.01.14-07.54.57:575][935]LogModuleManager: Shutting down and abandoning module ExampleDeviceProfileSelector (54)
[2018.01.14-07.54.57:575][935]LogModuleManager: Shutting down and abandoning module AppleARKit (52)
[2018.01.14-07.54.57:575][935]LogModuleManager: Shutting down and abandoning module AugmentedReality (51)
[2018.01.14-07.54.57:575][935]LogModuleManager: Shutting down and abandoning module OnlineBlueprintSupport (48)
[2018.01.14-07.54.57:575][935]LogModuleManager: Shutting down and abandoning module OnlineSubsystem (44)
[2018.01.14-07.54.57:575][935]LogModuleManager: Shutting down and abandoning module XMPP (43)
[2018.01.14-07.54.57:575][935]LogModuleManager: Shutting down and abandoning module HTTP (41)
[2018.01.14-07.54.57:575][935]LogHttp: Display: Http module shutting down, but needs to wait on 1 outstanding Http requests:
[2018.01.14-07.54.57:575][935]LogHttp: Display: 	verb=[POST] url=[https://datarouter.ol.epicgames.com/datarouter/api/v1/public/data?SessionID=%7B1CCE9FCA-468A-6F8B-89F8-0EA4DE43BBAA%7D&AppID=UEEditor.Rocket.Release&AppVersion=4.18.2-3794801%2B%2B%2BUE4%2BRelease-4.18&UserID=b8f5c5b44e8379095d9ef8a119d44e1b%7C05a32522e7ee4c6fa4c01568484d7e8b%7C6261466d-5d39-45e1-bf72-07e76a287ef7&AppEnvironment=datacollector-binary&UploadType=eteventstream] status=Processing
[2018.01.14-07.54.57:604][935]LogModuleManager: Shutting down and abandoning module SSL (40)
[2018.01.14-07.54.57:605][935]LogModuleManager: Shutting down and abandoning module AnimationModifiers (36)
[2018.01.14-07.54.57:605][935]LogModuleManager: Shutting down and abandoning module PropertyEditor (35)
[2018.01.14-07.54.57:605][935]LogModuleManager: Shutting down and abandoning module AudioEditor (32)
[2018.01.14-07.54.57:605][935]LogModuleManager: Shutting down and abandoning module TextureCompressor (30)
[2018.01.14-07.54.57:605][935]LogModuleManager: Shutting down and abandoning module ShaderCore (28)
[2018.01.14-07.54.57:605][935]LogModuleManager: Shutting down and abandoning module Landscape (26)
[2018.01.14-07.54.57:605][935]LogModuleManager: Shutting down and abandoning module SlateRHIRenderer (24)
[2018.01.14-07.54.57:606][935]LogModuleManager: Shutting down and abandoning module OpenGLDrv (22)
[2018.01.14-07.54.57:606][935]LogModuleManager: Shutting down and abandoning module D3D11RHI (20)
[2018.01.14-07.54.57:606][935]LogModuleManager: Shutting down and abandoning module AnimGraphRuntime (18)
[2018.01.14-07.54.57:606][935]LogModuleManager: Shutting down and abandoning module Renderer (16)
[2018.01.14-07.54.57:606][935]LogModuleManager: Shutting down and abandoning module Engine (14)
[2018.01.14-07.54.57:606][935]LogModuleManager: Shutting down and abandoning module CoreUObject (12)
[2018.01.14-07.54.57:606][935]LogModuleManager: Shutting down and abandoning module NetworkFile (10)
[2018.01.14-07.54.57:606][935]LogModuleManager: Shutting down and abandoning module CookedIterativeFile (8)
[2018.01.14-07.54.57:606][935]LogModuleManager: Shutting down and abandoning module StreamingFile (6)
[2018.01.14-07.54.57:606][935]LogModuleManager: Shutting down and abandoning module SandboxFile (4)
[2018.01.14-07.54.57:606][935]LogModuleManager: Shutting down and abandoning module PakFile (2)
[2018.01.14-07.54.57:609][935]LogExit: Exiting.
[2018.01.14-07.54.57:629][935]Log file closed, 01/14/18 13:24:57
